file /home/zaolin/trusted_computing/keyrona/trunk/SConstruct,line 56:
	Configure(confdir = .sconf_temp)
scons: Configure: Checking for C library ssl... 
scons: Configure: ".sconf_temp/conftest_0.c" is up to date.
scons: Configure: The original builder output was:
  |.sconf_temp/conftest_0.c <-
  |  |
  |  |
  |  |#include "openssl/rsa.h"
  |  |
  |  |int
  |  |main() {
  |  |  
  |  |return 0;
  |  |}
  |  |
  |
scons: Configure: ".sconf_temp/conftest_0.o" is up to date.
scons: Configure: The original builder output was:
  |gcc -o .sconf_temp/conftest_0.o -c -Isrc/include -Isrc/include/utils -Isrc/include/crypto/cryptomanager -Isrc/include/crypto -Isrc/include/crypto/openssl -Isrc/include/keyrona -I. .sconf_temp/conftest_0.c
  |
gcc -o .sconf_temp/conftest_0 .sconf_temp/conftest_0.o -lssl
gcc: .sconf_temp/conftest_0.o: No such file or directory
scons: Configure: no

