This file contains any messages produced by compilers while
running configure, to aid debugging if configure makes a mistake.

It was created by configure, which was
generated by GNU Autoconf 2.59.  Invocation command line was

  $ ./configure --prefix=/data/Data/projekte/DilloTor/tor-0.1.1.23/binary --exec_prefix=/data/Data/projekte/DilloTor/tor-0.1.1.23/binary --bindir=/data/Data/projekte/DilloTor/tor-0.1.1.23/binary/bin

## --------- ##
## Platform. ##
## --------- ##

hostname = goliath
uname -m = i686
uname -r = 2.6.12-10-386
uname -s = Linux
uname -v = #1 Tue Jul 18 22:08:27 UTC 2006

/usr/bin/uname -p = unknown
/bin/uname -X     = unknown

/bin/arch              = i686
/usr/bin/arch -k       = unknown
/usr/convex/getsysinfo = unknown
hostinfo               = unknown
/bin/machine           = unknown
/usr/bin/oslevel       = unknown
/bin/universe          = unknown

PATH: /usr/local/sbin
PATH: /usr/local/bin
PATH: /usr/sbin
PATH: /usr/bin
PATH: /sbin
PATH: /bin
PATH: /usr/bin/X11
PATH: /usr/games


## ----------- ##
## Core tests. ##
## ----------- ##

configure:1351: checking for a BSD-compatible install
configure:1406: result: /usr/bin/install -c
configure:1417: checking whether build environment is sane
configure:1460: result: yes
configure:1475: checking whether make sets $(MAKE)
configure:1495: result: yes
configure:1527: checking for working aclocal-1.4
configure:1534: result: found
configure:1542: checking for working autoconf
configure:1549: result: found
configure:1557: checking for working automake-1.4
configure:1564: result: found
configure:1572: checking for working autoheader
configure:1579: result: found
configure:1587: checking for working makeinfo
configure:1598: result: missing
configure:1615: checking build system type
configure:1633: result: i686-pc-linux-gnu
configure:1641: checking host system type
configure:1655: result: i686-pc-linux-gnu
configure:1768: checking for gcc
configure:1784: found /usr/bin/gcc
configure:1794: result: gcc
configure:2038: checking for C compiler version
configure:2041: gcc --version </dev/null >&5
gcc (GCC) 4.0.2 20050808 (prerelease) (Ubuntu 4.0.1-4ubuntu9)
Copyright (C) 2005 Free Software Foundation, Inc.
This is free software; see the source for copying conditions.  There is NO
warranty; not even for MERCHANTABILITY or FITNESS FOR A PARTICULAR PURPOSE.

configure:2044: $? = 0
configure:2046: gcc -v </dev/null >&5
Using built-in specs.
Target: i486-linux-gnu
Configured with: ../src/configure -v --enable-languages=c,c++,java,f95,objc,ada,treelang --prefix=/usr --with-gxx-include-dir=/usr/include/c++/4.0.2 --enable-shared --with-system-zlib --libexecdir=/usr/lib --enable-nls --without-included-gettext --enable-threads=posix --program-suffix=-4.0 --enable-__cxa_atexit --enable-libstdcxx-allocator=mt --enable-clocale=gnu --enable-libstdcxx-debug --enable-java-gc=boehm --enable-java-awt=gtk --enable-gtk-cairo --with-java-home=/usr/lib/jvm/java-1.4.2-gcj-4.0-1.4.2.0/jre --enable-mpfr --disable-werror --enable-checking=release i486-linux-gnu
Thread model: posix
gcc version 4.0.2 20050808 (prerelease) (Ubuntu 4.0.1-4ubuntu9)
configure:2049: $? = 0
configure:2051: gcc -V </dev/null >&5
gcc: '-V' option must have argument
configure:2054: $? = 1
configure:2077: checking for C compiler default output file name
configure:2080: gcc    conftest.c  >&5
configure:2083: $? = 0
configure:2129: result: a.out
configure:2134: checking whether the C compiler works
configure:2140: ./a.out
configure:2143: $? = 0
configure:2160: result: yes
configure:2167: checking whether we are cross compiling
configure:2169: result: no
configure:2172: checking for suffix of executables
configure:2174: gcc -o conftest    conftest.c  >&5
configure:2177: $? = 0
configure:2202: result: 
configure:2208: checking for suffix of object files
configure:2229: gcc -c   conftest.c >&5
configure:2232: $? = 0
configure:2254: result: o
configure:2258: checking whether we are using the GNU C compiler
configure:2282: gcc -c   conftest.c >&5
configure:2288: $? = 0
configure:2291: test -z 			 || test ! -s conftest.err
configure:2294: $? = 0
configure:2297: test -s conftest.o
configure:2300: $? = 0
configure:2313: result: yes
configure:2319: checking whether gcc accepts -g
configure:2340: gcc -c -g  conftest.c >&5
configure:2346: $? = 0
configure:2349: test -z 			 || test ! -s conftest.err
configure:2352: $? = 0
configure:2355: test -s conftest.o
configure:2358: $? = 0
configure:2369: result: yes
configure:2386: checking for gcc option to accept ANSI C
configure:2456: gcc  -c -g -O2  conftest.c >&5
configure:2462: $? = 0
configure:2465: test -z 			 || test ! -s conftest.err
configure:2468: $? = 0
configure:2471: test -s conftest.o
configure:2474: $? = 0
configure:2492: result: none needed
configure:2510: gcc -c -g -O2  conftest.c >&5
conftest.c:2: error: syntax error before 'me'
configure:2516: $? = 1
configure: failed program was:
| #ifndef __cplusplus
|   choke me
| #endif
configure:2646: checking whether make sets $(MAKE)
configure:2666: result: yes
configure:2716: checking for ranlib
configure:2732: found /usr/bin/ranlib
configure:2743: result: ranlib
configure:2809: checking for library containing socket
configure:2839: gcc -o conftest -g -O2   conftest.c  >&5
configure:2845: $? = 0
configure:2848: test -z 			 || test ! -s conftest.err
configure:2851: $? = 0
configure:2854: test -s conftest
configure:2857: $? = 0
configure:2926: result: none required
configure:2933: checking for library containing gethostbyname
configure:2963: gcc -o conftest -g -O2   conftest.c  >&5
configure:2969: $? = 0
configure:2972: test -z 			 || test ! -s conftest.err
configure:2975: $? = 0
configure:2978: test -s conftest
configure:2981: $? = 0
configure:3050: result: none required
configure:3057: checking for library containing dlopen
configure:3087: gcc -o conftest -g -O2   conftest.c  >&5
/tmp/ccChgI8S.o: In function `main':
/data/Data/projekte/DilloTor/tor-0.1.1.23/conftest.c:23: undefined reference to `dlopen'
collect2: ld returned 1 exit status
configure:3093: $? = 1
configure: failed program was:
| /* confdefs.h.  */
| 
| #define PACKAGE_NAME ""
| #define PACKAGE_TARNAME ""
| #define PACKAGE_VERSION ""
| #define PACKAGE_STRING ""
| #define PACKAGE_BUGREPORT ""
| #define PACKAGE "tor"
| #define VERSION "0.1.1.23"
| #define ENABLE_THREADS 1
| /* end confdefs.h.  */
| 
| /* Override any gcc2 internal prototype to avoid an error.  */
| #ifdef __cplusplus
| extern "C"
| #endif
| /* We use char because int might match the return type of a gcc2
|    builtin and then its argument prototype would still apply.  */
| char dlopen ();
| int
| main ()
| {
| dlopen ();
|   ;
|   return 0;
| }
configure:3141: gcc -o conftest -g -O2   conftest.c -ldl   >&5
configure:3147: $? = 0
configure:3150: test -z 			 || test ! -s conftest.err
configure:3153: $? = 0
configure:3156: test -s conftest
configure:3159: $? = 0
configure:3174: result: -ldl
configure:3183: checking for library containing pthread_create
configure:3213: gcc -o conftest -g -O2   conftest.c -ldl  >&5
/tmp/ccAxcGrb.o: In function `main':
/data/Data/projekte/DilloTor/tor-0.1.1.23/conftest.c:23: undefined reference to `pthread_create'
collect2: ld returned 1 exit status
configure:3219: $? = 1
configure: failed program was:
| /* confdefs.h.  */
| 
| #define PACKAGE_NAME ""
| #define PACKAGE_TARNAME ""
| #define PACKAGE_VERSION ""
| #define PACKAGE_STRING ""
| #define PACKAGE_BUGREPORT ""
| #define PACKAGE "tor"
| #define VERSION "0.1.1.23"
| #define ENABLE_THREADS 1
| /* end confdefs.h.  */
| 
| /* Override any gcc2 internal prototype to avoid an error.  */
| #ifdef __cplusplus
| extern "C"
| #endif
| /* We use char because int might match the return type of a gcc2
|    builtin and then its argument prototype would still apply.  */
| char pthread_create ();
| int
| main ()
| {
| pthread_create ();
|   ;
|   return 0;
| }
configure:3267: gcc -o conftest -g -O2   conftest.c -lpthread  -ldl  >&5
configure:3273: $? = 0
configure:3276: test -z 			 || test ! -s conftest.err
configure:3279: $? = 0
configure:3282: test -s conftest
configure:3285: $? = 0
configure:3300: result: -lpthread
configure:3307: checking for library containing pthread_detach
configure:3337: gcc -o conftest -g -O2   conftest.c -lpthread -ldl  >&5
configure:3343: $? = 0
configure:3346: test -z 			 || test ! -s conftest.err
configure:3349: $? = 0
configure:3352: test -s conftest
configure:3355: $? = 0
configure:3424: result: none required
configure:3434: checking for libevent directory
configure:3483: gcc -o conftest -g -O2   conftest.c -lpthread -ldl  -levent >&5
configure:3489: $? = 0
configure:3492: test -z 			 || test ! -s conftest.err
configure:3495: $? = 0
configure:3498: test -s conftest
configure:3501: $? = 0
configure:3532: result: (system)
configure:3550: checking whether we need extra options to link libevent
configure:3580: gcc -o conftest -g -O2    conftest.c -lpthread -ldl  -levent >&5
configure:3583: $? = 0
configure:3585: ./conftest
configure:3588: $? = 0
configure:3619: result: (none)
configure:3627: checking for OpenSSL directory
configure:3674: gcc -o conftest -g -O2   conftest.c -lpthread -ldl  -levent -lssl -lcrypto >&5
configure:3680: $? = 0
configure:3683: test -z 			 || test ! -s conftest.err
configure:3686: $? = 0
configure:3689: test -s conftest
configure:3692: $? = 0
configure:3723: result: (system)
configure:3741: checking whether we need extra options to link OpenSSL
configure:3778: gcc -o conftest -g -O2    conftest.c -lpthread -ldl  -levent -lssl -lcrypto >&5
configure:3781: $? = 0
configure:3783: ./conftest
configure:3786: $? = 0
configure:3824: gcc -o conftest -g -O2    conftest.c -lpthread -ldl  -levent -lssl -lcrypto >&5
configure:3827: $? = 0
configure:3829: ./conftest
configure:3832: $? = 0
configure:3874: result: (none)
configure:3889: checking for special C compiler options needed for large files
configure:3986: result: no
configure:3992: checking for _FILE_OFFSET_BITS value needed for large files
configure:4023: gcc -c -g -O2  conftest.c >&5
conftest.c:18: warning: left shift count >= width of type
conftest.c:18: warning: left shift count >= width of type
conftest.c:20: error: size of array 'off_t_is_large' is negative
configure:4029: $? = 1
configure: failed program was:
| /* confdefs.h.  */
| 
| #define PACKAGE_NAME ""
| #define PACKAGE_TARNAME ""
| #define PACKAGE_VERSION ""
| #define PACKAGE_STRING ""
| #define PACKAGE_BUGREPORT ""
| #define PACKAGE "tor"
| #define VERSION "0.1.1.23"
| #define ENABLE_THREADS 1
| /* end confdefs.h.  */
| #include <sys/types.h>
|  /* Check that off_t can represent 2**63 - 1 correctly.
|     We can't simply define LARGE_OFF_T to be 9223372036854775807,
|     since some C++ compilers masquerading as C compilers
|     incorrectly reject 9223372036854775807.  */
| #define LARGE_OFF_T (((off_t) 1 << 62) - 1 + ((off_t) 1 << 62))
|   int off_t_is_large[(LARGE_OFF_T % 2147483629 == 721
| 		       && LARGE_OFF_T % 2147483647 == 1)
| 		      ? 1 : -1];
| int
| main ()
| {
| 
|   ;
|   return 0;
| }
configure:4075: gcc -c -g -O2  conftest.c >&5
configure:4081: $? = 0
configure:4084: test -z 			 || test ! -s conftest.err
configure:4087: $? = 0
configure:4090: test -s conftest.o
configure:4093: $? = 0
configure:4105: result: 64
configure:4115: checking for _LARGE_FILES value needed for large files
configure:4146: gcc -c -g -O2  conftest.c >&5
configure:4152: $? = 0
configure:4155: test -z 			 || test ! -s conftest.err
configure:4158: $? = 0
configure:4161: test -s conftest.o
configure:4164: $? = 0
configure:4228: result: no
configure:4247: checking how to run the C preprocessor
configure:4282: gcc -E  conftest.c
configure:4288: $? = 0
configure:4320: gcc -E  conftest.c
conftest.c:13:28: error: ac_nonexistent.h: No such file or directory
configure:4326: $? = 1
configure: failed program was:
| /* confdefs.h.  */
| 
| #define PACKAGE_NAME ""
| #define PACKAGE_TARNAME ""
| #define PACKAGE_VERSION ""
| #define PACKAGE_STRING ""
| #define PACKAGE_BUGREPORT ""
| #define PACKAGE "tor"
| #define VERSION "0.1.1.23"
| #define ENABLE_THREADS 1
| #define _FILE_OFFSET_BITS 64
| /* end confdefs.h.  */
| #include <ac_nonexistent.h>
configure:4365: result: gcc -E
configure:4389: gcc -E  conftest.c
configure:4395: $? = 0
configure:4427: gcc -E  conftest.c
conftest.c:13:28: error: ac_nonexistent.h: No such file or directory
configure:4433: $? = 1
configure: failed program was:
| /* confdefs.h.  */
| 
| #define PACKAGE_NAME ""
| #define PACKAGE_TARNAME ""
| #define PACKAGE_VERSION ""
| #define PACKAGE_STRING ""
| #define PACKAGE_BUGREPORT ""
| #define PACKAGE "tor"
| #define VERSION "0.1.1.23"
| #define ENABLE_THREADS 1
| #define _FILE_OFFSET_BITS 64
| /* end confdefs.h.  */
| #include <ac_nonexistent.h>
configure:4477: checking for egrep
configure:4487: result: grep -E
configure:4492: checking for ANSI C header files
configure:4517: gcc -c -g -O2  conftest.c >&5
configure:4523: $? = 0
configure:4526: test -z 			 || test ! -s conftest.err
configure:4529: $? = 0
configure:4532: test -s conftest.o
configure:4535: $? = 0
configure:4624: gcc -o conftest -g -O2   conftest.c -lpthread -ldl  -levent -lssl -lcrypto >&5
conftest.c: In function 'main':
conftest.c:30: warning: incompatible implicit declaration of built-in function 'exit'
configure:4627: $? = 0
configure:4629: ./conftest
configure:4632: $? = 0
configure:4647: result: yes
configure:4671: checking for sys/types.h
configure:4687: gcc -c -g -O2  conftest.c >&5
configure:4693: $? = 0
configure:4696: test -z 			 || test ! -s conftest.err
configure:4699: $? = 0
configure:4702: test -s conftest.o
configure:4705: $? = 0
configure:4716: result: yes
configure:4671: checking for sys/stat.h
configure:4687: gcc -c -g -O2  conftest.c >&5
configure:4693: $? = 0
configure:4696: test -z 			 || test ! -s conftest.err
configure:4699: $? = 0
configure:4702: test -s conftest.o
configure:4705: $? = 0
configure:4716: result: yes
configure:4671: checking for stdlib.h
configure:4687: gcc -c -g -O2  conftest.c >&5
configure:4693: $? = 0
configure:4696: test -z 			 || test ! -s conftest.err
configure:4699: $? = 0
configure:4702: test -s conftest.o
configure:4705: $? = 0
configure:4716: result: yes
configure:4671: checking for string.h
configure:4687: gcc -c -g -O2  conftest.c >&5
configure:4693: $? = 0
configure:4696: test -z 			 || test ! -s conftest.err
configure:4699: $? = 0
configure:4702: test -s conftest.o
configure:4705: $? = 0
configure:4716: result: yes
configure:4671: checking for memory.h
configure:4687: gcc -c -g -O2  conftest.c >&5
configure:4693: $? = 0
configure:4696: test -z 			 || test ! -s conftest.err
configure:4699: $? = 0
configure:4702: test -s conftest.o
configure:4705: $? = 0
configure:4716: result: yes
configure:4671: checking for strings.h
configure:4687: gcc -c -g -O2  conftest.c >&5
configure:4693: $? = 0
configure:4696: test -z 			 || test ! -s conftest.err
configure:4699: $? = 0
configure:4702: test -s conftest.o
configure:4705: $? = 0
configure:4716: result: yes
configure:4671: checking for inttypes.h
configure:4687: gcc -c -g -O2  conftest.c >&5
configure:4693: $? = 0
configure:4696: test -z 			 || test ! -s conftest.err
configure:4699: $? = 0
configure:4702: test -s conftest.o
configure:4705: $? = 0
configure:4716: result: yes
configure:4671: checking for stdint.h
configure:4687: gcc -c -g -O2  conftest.c >&5
configure:4693: $? = 0
configure:4696: test -z 			 || test ! -s conftest.err
configure:4699: $? = 0
configure:4702: test -s conftest.o
configure:4705: $? = 0
configure:4716: result: yes
configure:4671: checking for unistd.h
configure:4687: gcc -c -g -O2  conftest.c >&5
configure:4693: $? = 0
configure:4696: test -z 			 || test ! -s conftest.err
configure:4699: $? = 0
configure:4702: test -s conftest.o
configure:4705: $? = 0
configure:4716: result: yes
configure:4751: checking for unistd.h
configure:4756: result: yes
configure:4751: checking for string.h
configure:4756: result: yes
configure:4760: checking signal.h usability
configure:4772: gcc -c -g -O2  conftest.c >&5
configure:4778: $? = 0
configure:4781: test -z 			 || test ! -s conftest.err
configure:4784: $? = 0
configure:4787: test -s conftest.o
configure:4790: $? = 0
configure:4800: result: yes
configure:4804: checking signal.h presence
configure:4814: gcc -E  conftest.c
configure:4820: $? = 0
configure:4840: result: yes
configure:4875: checking for signal.h
configure:4882: result: yes
configure:4760: checking netdb.h usability
configure:4772: gcc -c -g -O2  conftest.c >&5
configure:4778: $? = 0
configure:4781: test -z 			 || test ! -s conftest.err
configure:4784: $? = 0
configure:4787: test -s conftest.o
configure:4790: $? = 0
configure:4800: result: yes
configure:4804: checking netdb.h presence
configure:4814: gcc -E  conftest.c
configure:4820: $? = 0
configure:4840: result: yes
configure:4875: checking for netdb.h
configure:4882: result: yes
configure:4760: checking ctype.h usability
configure:4772: gcc -c -g -O2  conftest.c >&5
configure:4778: $? = 0
configure:4781: test -z 			 || test ! -s conftest.err
configure:4784: $? = 0
configure:4787: test -s conftest.o
configure:4790: $? = 0
configure:4800: result: yes
configure:4804: checking ctype.h presence
configure:4814: gcc -E  conftest.c
configure:4820: $? = 0
configure:4840: result: yes
configure:4875: checking for ctype.h
configure:4882: result: yes
configure:4751: checking for sys/stat.h
configure:4756: result: yes
configure:4751: checking for sys/types.h
configure:4756: result: yes
configure:4760: checking fcntl.h usability
configure:4772: gcc -c -g -O2  conftest.c >&5
configure:4778: $? = 0
configure:4781: test -z 			 || test ! -s conftest.err
configure:4784: $? = 0
configure:4787: test -s conftest.o
configure:4790: $? = 0
configure:4800: result: yes
configure:4804: checking fcntl.h presence
configure:4814: gcc -E  conftest.c
configure:4820: $? = 0
configure:4840: result: yes
configure:4875: checking for fcntl.h
configure:4882: result: yes
configure:4760: checking sys/fcntl.h usability
configure:4772: gcc -c -g -O2  conftest.c >&5
configure:4778: $? = 0
configure:4781: test -z 			 || test ! -s conftest.err
configure:4784: $? = 0
configure:4787: test -s conftest.o
configure:4790: $? = 0
configure:4800: result: yes
configure:4804: checking sys/fcntl.h presence
configure:4814: gcc -E  conftest.c
configure:4820: $? = 0
configure:4840: result: yes
configure:4875: checking for sys/fcntl.h
configure:4882: result: yes
configure:4760: checking sys/ioctl.h usability
configure:4772: gcc -c -g -O2  conftest.c >&5
configure:4778: $? = 0
configure:4781: test -z 			 || test ! -s conftest.err
configure:4784: $? = 0
configure:4787: test -s conftest.o
configure:4790: $? = 0
configure:4800: result: yes
configure:4804: checking sys/ioctl.h presence
configure:4814: gcc -E  conftest.c
configure:4820: $? = 0
configure:4840: result: yes
configure:4875: checking for sys/ioctl.h
configure:4882: result: yes
configure:4760: checking sys/socket.h usability
configure:4772: gcc -c -g -O2  conftest.c >&5
configure:4778: $? = 0
configure:4781: test -z 			 || test ! -s conftest.err
configure:4784: $? = 0
configure:4787: test -s conftest.o
configure:4790: $? = 0
configure:4800: result: yes
configure:4804: checking sys/socket.h presence
configure:4814: gcc -E  conftest.c
configure:4820: $? = 0
configure:4840: result: yes
configure:4875: checking for sys/socket.h
configure:4882: result: yes
configure:4760: checking sys/time.h usability
configure:4772: gcc -c -g -O2  conftest.c >&5
configure:4778: $? = 0
configure:4781: test -z 			 || test ! -s conftest.err
configure:4784: $? = 0
configure:4787: test -s conftest.o
configure:4790: $? = 0
configure:4800: result: yes
configure:4804: checking sys/time.h presence
configure:4814: gcc -E  conftest.c
configure:4820: $? = 0
configure:4840: result: yes
configure:4875: checking for sys/time.h
configure:4882: result: yes
configure:4760: checking netinet/in.h usability
configure:4772: gcc -c -g -O2  conftest.c >&5
configure:4778: $? = 0
configure:4781: test -z 			 || test ! -s conftest.err
configure:4784: $? = 0
configure:4787: test -s conftest.o
configure:4790: $? = 0
configure:4800: result: yes
configure:4804: checking netinet/in.h presence
configure:4814: gcc -E  conftest.c
configure:4820: $? = 0
configure:4840: result: yes
configure:4875: checking for netinet/in.h
configure:4882: result: yes
configure:4760: checking arpa/inet.h usability
configure:4772: gcc -c -g -O2  conftest.c >&5
configure:4778: $? = 0
configure:4781: test -z 			 || test ! -s conftest.err
configure:4784: $? = 0
configure:4787: test -s conftest.o
configure:4790: $? = 0
configure:4800: result: yes
configure:4804: checking arpa/inet.h presence
configure:4814: gcc -E  conftest.c
configure:4820: $? = 0
configure:4840: result: yes
configure:4875: checking for arpa/inet.h
configure:4882: result: yes
configure:4760: checking errno.h usability
configure:4772: gcc -c -g -O2  conftest.c >&5
configure:4778: $? = 0
configure:4781: test -z 			 || test ! -s conftest.err
configure:4784: $? = 0
configure:4787: test -s conftest.o
configure:4790: $? = 0
configure:4800: result: yes
configure:4804: checking errno.h presence
configure:4814: gcc -E  conftest.c
configure:4820: $? = 0
configure:4840: result: yes
configure:4875: checking for errno.h
configure:4882: result: yes
configure:4760: checking assert.h usability
configure:4772: gcc -c -g -O2  conftest.c >&5
configure:4778: $? = 0
configure:4781: test -z 			 || test ! -s conftest.err
configure:4784: $? = 0
configure:4787: test -s conftest.o
configure:4790: $? = 0
configure:4800: result: yes
configure:4804: checking assert.h presence
configure:4814: gcc -E  conftest.c
configure:4820: $? = 0
configure:4840: result: yes
configure:4875: checking for assert.h
configure:4882: result: yes
configure:4760: checking time.h usability
configure:4772: gcc -c -g -O2  conftest.c >&5
configure:4778: $? = 0
configure:4781: test -z 			 || test ! -s conftest.err
configure:4784: $? = 0
configure:4787: test -s conftest.o
configure:4790: $? = 0
configure:4800: result: yes
configure:4804: checking time.h presence
configure:4814: gcc -E  conftest.c
configure:4820: $? = 0
configure:4840: result: yes
configure:4875: checking for time.h
configure:4882: result: yes
configure:4760: checking pwd.h usability
configure:4772: gcc -c -g -O2  conftest.c >&5
configure:4778: $? = 0
configure:4781: test -z 			 || test ! -s conftest.err
configure:4784: $? = 0
configure:4787: test -s conftest.o
configure:4790: $? = 0
configure:4800: result: yes
configure:4804: checking pwd.h presence
configure:4814: gcc -E  conftest.c
configure:4820: $? = 0
configure:4840: result: yes
configure:4875: checking for pwd.h
configure:4882: result: yes
configure:4760: checking grp.h usability
configure:4772: gcc -c -g -O2  conftest.c >&5
configure:4778: $? = 0
configure:4781: test -z 			 || test ! -s conftest.err
configure:4784: $? = 0
configure:4787: test -s conftest.o
configure:4790: $? = 0
configure:4800: result: yes
configure:4804: checking grp.h presence
configure:4814: gcc -E  conftest.c
configure:4820: $? = 0
configure:4840: result: yes
configure:4875: checking for grp.h
configure:4882: result: yes
configure:4913: checking event.h usability
configure:4925: gcc -c -g -O2  conftest.c >&5
configure:4931: $? = 0
configure:4934: test -z 			 || test ! -s conftest.err
configure:4937: $? = 0
configure:4940: test -s conftest.o
configure:4943: $? = 0
configure:4953: result: yes
configure:4957: checking event.h presence
configure:4967: gcc -E  conftest.c
configure:4973: $? = 0
configure:4993: result: yes
configure:5028: checking for event.h
configure:5035: result: yes
configure:5067: checking zlib.h usability
configure:5079: gcc -c -g -O2  conftest.c >&5
configure:5085: $? = 0
configure:5088: test -z 			 || test ! -s conftest.err
configure:5091: $? = 0
configure:5094: test -s conftest.o
configure:5097: $? = 0
configure:5107: result: yes
configure:5111: checking zlib.h presence
configure:5121: gcc -E  conftest.c
configure:5127: $? = 0
configure:5147: result: yes
configure:5182: checking for zlib.h
configure:5189: result: yes
configure:5228: checking for stdint.h
configure:5233: result: yes
configure:5228: checking for sys/types.h
configure:5233: result: yes
configure:5228: checking for inttypes.h
configure:5233: result: yes
configure:5237: checking sys/param.h usability
configure:5249: gcc -c -g -O2  conftest.c >&5
configure:5255: $? = 0
configure:5258: test -z 			 || test ! -s conftest.err
configure:5261: $? = 0
configure:5264: test -s conftest.o
configure:5267: $? = 0
configure:5277: result: yes
configure:5281: checking sys/param.h presence
configure:5291: gcc -E  conftest.c
configure:5297: $? = 0
configure:5317: result: yes
configure:5352: checking for sys/param.h
configure:5359: result: yes
configure:5237: checking sys/wait.h usability
configure:5249: gcc -c -g -O2  conftest.c >&5
configure:5255: $? = 0
configure:5258: test -z 			 || test ! -s conftest.err
configure:5261: $? = 0
configure:5264: test -s conftest.o
configure:5267: $? = 0
configure:5277: result: yes
configure:5281: checking sys/wait.h presence
configure:5291: gcc -E  conftest.c
configure:5297: $? = 0
configure:5317: result: yes
configure:5352: checking for sys/wait.h
configure:5359: result: yes
configure:5237: checking sys/limits.h usability
configure:5249: gcc -c -g -O2  conftest.c >&5
conftest.c:83:24: error: sys/limits.h: No such file or directory
configure:5255: $? = 1
configure: failed program was:
| /* confdefs.h.  */
| 
| #define PACKAGE_NAME ""
| #define PACKAGE_TARNAME ""
| #define PACKAGE_VERSION ""
| #define PACKAGE_STRING ""
| #define PACKAGE_BUGREPORT ""
| #define PACKAGE "tor"
| #define VERSION "0.1.1.23"
| #define ENABLE_THREADS 1
| #define _FILE_OFFSET_BITS 64
| #define STDC_HEADERS 1
| #define HAVE_SYS_TYPES_H 1
| #define HAVE_SYS_STAT_H 1
| #define HAVE_STDLIB_H 1
| #define HAVE_STRING_H 1
| #define HAVE_MEMORY_H 1
| #define HAVE_STRINGS_H 1
| #define HAVE_INTTYPES_H 1
| #define HAVE_STDINT_H 1
| #define HAVE_UNISTD_H 1
| #define HAVE_UNISTD_H 1
| #define HAVE_STRING_H 1
| #define HAVE_SIGNAL_H 1
| #define HAVE_NETDB_H 1
| #define HAVE_CTYPE_H 1
| #define HAVE_SYS_STAT_H 1
| #define HAVE_SYS_TYPES_H 1
| #define HAVE_FCNTL_H 1
| #define HAVE_SYS_FCNTL_H 1
| #define HAVE_SYS_IOCTL_H 1
| #define HAVE_SYS_SOCKET_H 1
| #define HAVE_SYS_TIME_H 1
| #define HAVE_NETINET_IN_H 1
| #define HAVE_ARPA_INET_H 1
| #define HAVE_ERRNO_H 1
| #define HAVE_ASSERT_H 1
| #define HAVE_TIME_H 1
| #define HAVE_PWD_H 1
| #define HAVE_GRP_H 1
| #define HAVE_EVENT_H 1
| #define HAVE_ZLIB_H 1
| #define HAVE_STDINT_H 1
| #define HAVE_SYS_TYPES_H 1
| #define HAVE_INTTYPES_H 1
| #define HAVE_SYS_PARAM_H 1
| #define HAVE_SYS_WAIT_H 1
| /* end confdefs.h.  */
| #include <stdio.h>
| #if HAVE_SYS_TYPES_H
| # include <sys/types.h>
| #endif
| #if HAVE_SYS_STAT_H
| # include <sys/stat.h>
| #endif
| #if STDC_HEADERS
| # include <stdlib.h>
| # include <stddef.h>
| #else
| # if HAVE_STDLIB_H
| #  include <stdlib.h>
| # endif
| #endif
| #if HAVE_STRING_H
| # if !STDC_HEADERS && HAVE_MEMORY_H
| #  include <memory.h>
| # endif
| # include <string.h>
| #endif
| #if HAVE_STRINGS_H
| # include <strings.h>
| #endif
| #if HAVE_INTTYPES_H
| # include <inttypes.h>
| #else
| # if HAVE_STDINT_H
| #  include <stdint.h>
| # endif
| #endif
| #if HAVE_UNISTD_H
| # include <unistd.h>
| #endif
| #include <sys/limits.h>
configure:5277: result: no
configure:5281: checking sys/limits.h presence
configure:5291: gcc -E  conftest.c
conftest.c:49:24: error: sys/limits.h: No such file or directory
configure:5297: $? = 1
configure: failed program was:
| /* confdefs.h.  */
| 
| #define PACKAGE_NAME ""
| #define PACKAGE_TARNAME ""
| #define PACKAGE_VERSION ""
| #define PACKAGE_STRING ""
| #define PACKAGE_BUGREPORT ""
| #define PACKAGE "tor"
| #define VERSION "0.1.1.23"
| #define ENABLE_THREADS 1
| #define _FILE_OFFSET_BITS 64
| #define STDC_HEADERS 1
| #define HAVE_SYS_TYPES_H 1
| #define HAVE_SYS_STAT_H 1
| #define HAVE_STDLIB_H 1
| #define HAVE_STRING_H 1
| #define HAVE_MEMORY_H 1
| #define HAVE_STRINGS_H 1
| #define HAVE_INTTYPES_H 1
| #define HAVE_STDINT_H 1
| #define HAVE_UNISTD_H 1
| #define HAVE_UNISTD_H 1
| #define HAVE_STRING_H 1
| #define HAVE_SIGNAL_H 1
| #define HAVE_NETDB_H 1
| #define HAVE_CTYPE_H 1
| #define HAVE_SYS_STAT_H 1
| #define HAVE_SYS_TYPES_H 1
| #define HAVE_FCNTL_H 1
| #define HAVE_SYS_FCNTL_H 1
| #define HAVE_SYS_IOCTL_H 1
| #define HAVE_SYS_SOCKET_H 1
| #define HAVE_SYS_TIME_H 1
| #define HAVE_NETINET_IN_H 1
| #define HAVE_ARPA_INET_H 1
| #define HAVE_ERRNO_H 1
| #define HAVE_ASSERT_H 1
| #define HAVE_TIME_H 1
| #define HAVE_PWD_H 1
| #define HAVE_GRP_H 1
| #define HAVE_EVENT_H 1
| #define HAVE_ZLIB_H 1
| #define HAVE_STDINT_H 1
| #define HAVE_SYS_TYPES_H 1
| #define HAVE_INTTYPES_H 1
| #define HAVE_SYS_PARAM_H 1
| #define HAVE_SYS_WAIT_H 1
| /* end confdefs.h.  */
| #include <sys/limits.h>
configure:5317: result: no
configure:5352: checking for sys/limits.h
configure:5359: result: no
configure:5228: checking for netinet/in.h
configure:5233: result: yes
configure:5228: checking for arpa/inet.h
configure:5233: result: yes
configure:5237: checking machine/limits.h usability
configure:5249: gcc -c -g -O2  conftest.c >&5
conftest.c:85:28: error: machine/limits.h: No such file or directory
configure:5255: $? = 1
configure: failed program was:
| /* confdefs.h.  */
| 
| #define PACKAGE_NAME ""
| #define PACKAGE_TARNAME ""
| #define PACKAGE_VERSION ""
| #define PACKAGE_STRING ""
| #define PACKAGE_BUGREPORT ""
| #define PACKAGE "tor"
| #define VERSION "0.1.1.23"
| #define ENABLE_THREADS 1
| #define _FILE_OFFSET_BITS 64
| #define STDC_HEADERS 1
| #define HAVE_SYS_TYPES_H 1
| #define HAVE_SYS_STAT_H 1
| #define HAVE_STDLIB_H 1
| #define HAVE_STRING_H 1
| #define HAVE_MEMORY_H 1
| #define HAVE_STRINGS_H 1
| #define HAVE_INTTYPES_H 1
| #define HAVE_STDINT_H 1
| #define HAVE_UNISTD_H 1
| #define HAVE_UNISTD_H 1
| #define HAVE_STRING_H 1
| #define HAVE_SIGNAL_H 1
| #define HAVE_NETDB_H 1
| #define HAVE_CTYPE_H 1
| #define HAVE_SYS_STAT_H 1
| #define HAVE_SYS_TYPES_H 1
| #define HAVE_FCNTL_H 1
| #define HAVE_SYS_FCNTL_H 1
| #define HAVE_SYS_IOCTL_H 1
| #define HAVE_SYS_SOCKET_H 1
| #define HAVE_SYS_TIME_H 1
| #define HAVE_NETINET_IN_H 1
| #define HAVE_ARPA_INET_H 1
| #define HAVE_ERRNO_H 1
| #define HAVE_ASSERT_H 1
| #define HAVE_TIME_H 1
| #define HAVE_PWD_H 1
| #define HAVE_GRP_H 1
| #define HAVE_EVENT_H 1
| #define HAVE_ZLIB_H 1
| #define HAVE_STDINT_H 1
| #define HAVE_SYS_TYPES_H 1
| #define HAVE_INTTYPES_H 1
| #define HAVE_SYS_PARAM_H 1
| #define HAVE_SYS_WAIT_H 1
| #define HAVE_NETINET_IN_H 1
| #define HAVE_ARPA_INET_H 1
| /* end confdefs.h.  */
| #include <stdio.h>
| #if HAVE_SYS_TYPES_H
| # include <sys/types.h>
| #endif
| #if HAVE_SYS_STAT_H
| # include <sys/stat.h>
| #endif
| #if STDC_HEADERS
| # include <stdlib.h>
| # include <stddef.h>
| #else
| # if HAVE_STDLIB_H
| #  include <stdlib.h>
| # endif
| #endif
| #if HAVE_STRING_H
| # if !STDC_HEADERS && HAVE_MEMORY_H
| #  include <memory.h>
| # endif
| # include <string.h>
| #endif
| #if HAVE_STRINGS_H
| # include <strings.h>
| #endif
| #if HAVE_INTTYPES_H
| # include <inttypes.h>
| #else
| # if HAVE_STDINT_H
| #  include <stdint.h>
| # endif
| #endif
| #if HAVE_UNISTD_H
| # include <unistd.h>
| #endif
| #include <machine/limits.h>
configure:5277: result: no
configure:5281: checking machine/limits.h presence
configure:5291: gcc -E  conftest.c
conftest.c:51:28: error: machine/limits.h: No such file or directory
configure:5297: $? = 1
configure: failed program was:
| /* confdefs.h.  */
| 
| #define PACKAGE_NAME ""
| #define PACKAGE_TARNAME ""
| #define PACKAGE_VERSION ""
| #define PACKAGE_STRING ""
| #define PACKAGE_BUGREPORT ""
| #define PACKAGE "tor"
| #define VERSION "0.1.1.23"
| #define ENABLE_THREADS 1
| #define _FILE_OFFSET_BITS 64
| #define STDC_HEADERS 1
| #define HAVE_SYS_TYPES_H 1
| #define HAVE_SYS_STAT_H 1
| #define HAVE_STDLIB_H 1
| #define HAVE_STRING_H 1
| #define HAVE_MEMORY_H 1
| #define HAVE_STRINGS_H 1
| #define HAVE_INTTYPES_H 1
| #define HAVE_STDINT_H 1
| #define HAVE_UNISTD_H 1
| #define HAVE_UNISTD_H 1
| #define HAVE_STRING_H 1
| #define HAVE_SIGNAL_H 1
| #define HAVE_NETDB_H 1
| #define HAVE_CTYPE_H 1
| #define HAVE_SYS_STAT_H 1
| #define HAVE_SYS_TYPES_H 1
| #define HAVE_FCNTL_H 1
| #define HAVE_SYS_FCNTL_H 1
| #define HAVE_SYS_IOCTL_H 1
| #define HAVE_SYS_SOCKET_H 1
| #define HAVE_SYS_TIME_H 1
| #define HAVE_NETINET_IN_H 1
| #define HAVE_ARPA_INET_H 1
| #define HAVE_ERRNO_H 1
| #define HAVE_ASSERT_H 1
| #define HAVE_TIME_H 1
| #define HAVE_PWD_H 1
| #define HAVE_GRP_H 1
| #define HAVE_EVENT_H 1
| #define HAVE_ZLIB_H 1
| #define HAVE_STDINT_H 1
| #define HAVE_SYS_TYPES_H 1
| #define HAVE_INTTYPES_H 1
| #define HAVE_SYS_PARAM_H 1
| #define HAVE_SYS_WAIT_H 1
| #define HAVE_NETINET_IN_H 1
| #define HAVE_ARPA_INET_H 1
| /* end confdefs.h.  */
| #include <machine/limits.h>
configure:5317: result: no
configure:5352: checking for machine/limits.h
configure:5359: result: no
configure:5237: checking syslog.h usability
configure:5249: gcc -c -g -O2  conftest.c >&5
configure:5255: $? = 0
configure:5258: test -z 			 || test ! -s conftest.err
configure:5261: $? = 0
configure:5264: test -s conftest.o
configure:5267: $? = 0
configure:5277: result: yes
configure:5281: checking syslog.h presence
configure:5291: gcc -E  conftest.c
configure:5297: $? = 0
configure:5317: result: yes
configure:5352: checking for syslog.h
configure:5359: result: yes
configure:5228: checking for sys/time.h
configure:5233: result: yes
configure:5237: checking sys/resource.h usability
configure:5249: gcc -c -g -O2  conftest.c >&5
configure:5255: $? = 0
configure:5258: test -z 			 || test ! -s conftest.err
configure:5261: $? = 0
configure:5264: test -s conftest.o
configure:5267: $? = 0
configure:5277: result: yes
configure:5281: checking sys/resource.h presence
configure:5291: gcc -E  conftest.c
configure:5297: $? = 0
configure:5317: result: yes
configure:5352: checking for sys/resource.h
configure:5359: result: yes
configure:5237: checking stddef.h usability
configure:5249: gcc -c -g -O2  conftest.c >&5
configure:5255: $? = 0
configure:5258: test -z 			 || test ! -s conftest.err
configure:5261: $? = 0
configure:5264: test -s conftest.o
configure:5267: $? = 0
configure:5277: result: yes
configure:5281: checking stddef.h presence
configure:5291: gcc -E  conftest.c
configure:5297: $? = 0
configure:5317: result: yes
configure:5352: checking for stddef.h
configure:5359: result: yes
configure:5228: checking for inttypes.h
configure:5233: result: yes
configure:5237: checking utime.h usability
configure:5249: gcc -c -g -O2  conftest.c >&5
configure:5255: $? = 0
configure:5258: test -z 			 || test ! -s conftest.err
configure:5261: $? = 0
configure:5264: test -s conftest.o
configure:5267: $? = 0
configure:5277: result: yes
configure:5281: checking utime.h presence
configure:5291: gcc -E  conftest.c
configure:5297: $? = 0
configure:5317: result: yes
configure:5352: checking for utime.h
configure:5359: result: yes
configure:5237: checking sys/utime.h usability
configure:5249: gcc -c -g -O2  conftest.c >&5
conftest.c:91:23: error: sys/utime.h: No such file or directory
configure:5255: $? = 1
configure: failed program was:
| /* confdefs.h.  */
| 
| #define PACKAGE_NAME ""
| #define PACKAGE_TARNAME ""
| #define PACKAGE_VERSION ""
| #define PACKAGE_STRING ""
| #define PACKAGE_BUGREPORT ""
| #define PACKAGE "tor"
| #define VERSION "0.1.1.23"
| #define ENABLE_THREADS 1
| #define _FILE_OFFSET_BITS 64
| #define STDC_HEADERS 1
| #define HAVE_SYS_TYPES_H 1
| #define HAVE_SYS_STAT_H 1
| #define HAVE_STDLIB_H 1
| #define HAVE_STRING_H 1
| #define HAVE_MEMORY_H 1
| #define HAVE_STRINGS_H 1
| #define HAVE_INTTYPES_H 1
| #define HAVE_STDINT_H 1
| #define HAVE_UNISTD_H 1
| #define HAVE_UNISTD_H 1
| #define HAVE_STRING_H 1
| #define HAVE_SIGNAL_H 1
| #define HAVE_NETDB_H 1
| #define HAVE_CTYPE_H 1
| #define HAVE_SYS_STAT_H 1
| #define HAVE_SYS_TYPES_H 1
| #define HAVE_FCNTL_H 1
| #define HAVE_SYS_FCNTL_H 1
| #define HAVE_SYS_IOCTL_H 1
| #define HAVE_SYS_SOCKET_H 1
| #define HAVE_SYS_TIME_H 1
| #define HAVE_NETINET_IN_H 1
| #define HAVE_ARPA_INET_H 1
| #define HAVE_ERRNO_H 1
| #define HAVE_ASSERT_H 1
| #define HAVE_TIME_H 1
| #define HAVE_PWD_H 1
| #define HAVE_GRP_H 1
| #define HAVE_EVENT_H 1
| #define HAVE_ZLIB_H 1
| #define HAVE_STDINT_H 1
| #define HAVE_SYS_TYPES_H 1
| #define HAVE_INTTYPES_H 1
| #define HAVE_SYS_PARAM_H 1
| #define HAVE_SYS_WAIT_H 1
| #define HAVE_NETINET_IN_H 1
| #define HAVE_ARPA_INET_H 1
| #define HAVE_SYSLOG_H 1
| #define HAVE_SYS_TIME_H 1
| #define HAVE_SYS_RESOURCE_H 1
| #define HAVE_STDDEF_H 1
| #define HAVE_INTTYPES_H 1
| #define HAVE_UTIME_H 1
| /* end confdefs.h.  */
| #include <stdio.h>
| #if HAVE_SYS_TYPES_H
| # include <sys/types.h>
| #endif
| #if HAVE_SYS_STAT_H
| # include <sys/stat.h>
| #endif
| #if STDC_HEADERS
| # include <stdlib.h>
| # include <stddef.h>
| #else
| # if HAVE_STDLIB_H
| #  include <stdlib.h>
| # endif
| #endif
| #if HAVE_STRING_H
| # if !STDC_HEADERS && HAVE_MEMORY_H
| #  include <memory.h>
| # endif
| # include <string.h>
| #endif
| #if HAVE_STRINGS_H
| # include <strings.h>
| #endif
| #if HAVE_INTTYPES_H
| # include <inttypes.h>
| #else
| # if HAVE_STDINT_H
| #  include <stdint.h>
| # endif
| #endif
| #if HAVE_UNISTD_H
| # include <unistd.h>
| #endif
| #include <sys/utime.h>
configure:5277: result: no
configure:5281: checking sys/utime.h presence
configure:5291: gcc -E  conftest.c
conftest.c:57:23: error: sys/utime.h: No such file or directory
configure:5297: $? = 1
configure: failed program was:
| /* confdefs.h.  */
| 
| #define PACKAGE_NAME ""
| #define PACKAGE_TARNAME ""
| #define PACKAGE_VERSION ""
| #define PACKAGE_STRING ""
| #define PACKAGE_BUGREPORT ""
| #define PACKAGE "tor"
| #define VERSION "0.1.1.23"
| #define ENABLE_THREADS 1
| #define _FILE_OFFSET_BITS 64
| #define STDC_HEADERS 1
| #define HAVE_SYS_TYPES_H 1
| #define HAVE_SYS_STAT_H 1
| #define HAVE_STDLIB_H 1
| #define HAVE_STRING_H 1
| #define HAVE_MEMORY_H 1
| #define HAVE_STRINGS_H 1
| #define HAVE_INTTYPES_H 1
| #define HAVE_STDINT_H 1
| #define HAVE_UNISTD_H 1
| #define HAVE_UNISTD_H 1
| #define HAVE_STRING_H 1
| #define HAVE_SIGNAL_H 1
| #define HAVE_NETDB_H 1
| #define HAVE_CTYPE_H 1
| #define HAVE_SYS_STAT_H 1
| #define HAVE_SYS_TYPES_H 1
| #define HAVE_FCNTL_H 1
| #define HAVE_SYS_FCNTL_H 1
| #define HAVE_SYS_IOCTL_H 1
| #define HAVE_SYS_SOCKET_H 1
| #define HAVE_SYS_TIME_H 1
| #define HAVE_NETINET_IN_H 1
| #define HAVE_ARPA_INET_H 1
| #define HAVE_ERRNO_H 1
| #define HAVE_ASSERT_H 1
| #define HAVE_TIME_H 1
| #define HAVE_PWD_H 1
| #define HAVE_GRP_H 1
| #define HAVE_EVENT_H 1
| #define HAVE_ZLIB_H 1
| #define HAVE_STDINT_H 1
| #define HAVE_SYS_TYPES_H 1
| #define HAVE_INTTYPES_H 1
| #define HAVE_SYS_PARAM_H 1
| #define HAVE_SYS_WAIT_H 1
| #define HAVE_NETINET_IN_H 1
| #define HAVE_ARPA_INET_H 1
| #define HAVE_SYSLOG_H 1
| #define HAVE_SYS_TIME_H 1
| #define HAVE_SYS_RESOURCE_H 1
| #define HAVE_STDDEF_H 1
| #define HAVE_INTTYPES_H 1
| #define HAVE_UTIME_H 1
| /* end confdefs.h.  */
| #include <sys/utime.h>
configure:5317: result: no
configure:5352: checking for sys/utime.h
configure:5359: result: no
configure:5397: checking for gettimeofday
configure:5454: gcc -o conftest -g -O2   conftest.c -lpthread -ldl  -levent -lssl -lcrypto >&5
configure:5460: $? = 0
configure:5463: test -z 			 || test ! -s conftest.err
configure:5466: $? = 0
configure:5469: test -s conftest
configure:5472: $? = 0
configure:5484: result: yes
configure:5397: checking for ftime
configure:5454: gcc -o conftest -g -O2   conftest.c -lpthread -ldl  -levent -lssl -lcrypto >&5
configure:5460: $? = 0
configure:5463: test -z 			 || test ! -s conftest.err
configure:5466: $? = 0
configure:5469: test -s conftest
configure:5472: $? = 0
configure:5484: result: yes
configure:5397: checking for socketpair
configure:5454: gcc -o conftest -g -O2   conftest.c -lpthread -ldl  -levent -lssl -lcrypto >&5
configure:5460: $? = 0
configure:5463: test -z 			 || test ! -s conftest.err
configure:5466: $? = 0
configure:5469: test -s conftest
configure:5472: $? = 0
configure:5484: result: yes
configure:5397: checking for uname
configure:5454: gcc -o conftest -g -O2   conftest.c -lpthread -ldl  -levent -lssl -lcrypto >&5
configure:5460: $? = 0
configure:5463: test -z 			 || test ! -s conftest.err
configure:5466: $? = 0
configure:5469: test -s conftest
configure:5472: $? = 0
configure:5484: result: yes
configure:5397: checking for inet_aton
configure:5454: gcc -o conftest -g -O2   conftest.c -lpthread -ldl  -levent -lssl -lcrypto >&5
configure:5460: $? = 0
configure:5463: test -z 			 || test ! -s conftest.err
configure:5466: $? = 0
configure:5469: test -s conftest
configure:5472: $? = 0
configure:5484: result: yes
configure:5397: checking for strptime
configure:5454: gcc -o conftest -g -O2   conftest.c -lpthread -ldl  -levent -lssl -lcrypto >&5
configure:5460: $? = 0
configure:5463: test -z 			 || test ! -s conftest.err
configure:5466: $? = 0
configure:5469: test -s conftest
configure:5472: $? = 0
configure:5484: result: yes
configure:5397: checking for getrlimit
configure:5454: gcc -o conftest -g -O2   conftest.c -lpthread -ldl  -levent -lssl -lcrypto >&5
configure:5460: $? = 0
configure:5463: test -z 			 || test ! -s conftest.err
configure:5466: $? = 0
configure:5469: test -s conftest
configure:5472: $? = 0
configure:5484: result: yes
configure:5397: checking for setrlimit
configure:5454: gcc -o conftest -g -O2   conftest.c -lpthread -ldl  -levent -lssl -lcrypto >&5
configure:5460: $? = 0
configure:5463: test -z 			 || test ! -s conftest.err
configure:5466: $? = 0
configure:5469: test -s conftest
configure:5472: $? = 0
configure:5484: result: yes
configure:5397: checking for strlcat
configure:5454: gcc -o conftest -g -O2   conftest.c -lpthread -ldl  -levent -lssl -lcrypto >&5
/tmp/cc4NIO0W.o: In function `main':
/data/Data/projekte/DilloTor/tor-0.1.1.23/conftest.c:104: undefined reference to `strlcat'
/tmp/cc4NIO0W.o:(.data+0x0): undefined reference to `strlcat'
collect2: ld returned 1 exit status
configure:5460: $? = 1
configure: failed program was:
| /* confdefs.h.  */
| 
| #define PACKAGE_NAME ""
| #define PACKAGE_TARNAME ""
| #define PACKAGE_VERSION ""
| #define PACKAGE_STRING ""
| #define PACKAGE_BUGREPORT ""
| #define PACKAGE "tor"
| #define VERSION "0.1.1.23"
| #define ENABLE_THREADS 1
| #define _FILE_OFFSET_BITS 64
| #define STDC_HEADERS 1
| #define HAVE_SYS_TYPES_H 1
| #define HAVE_SYS_STAT_H 1
| #define HAVE_STDLIB_H 1
| #define HAVE_STRING_H 1
| #define HAVE_MEMORY_H 1
| #define HAVE_STRINGS_H 1
| #define HAVE_INTTYPES_H 1
| #define HAVE_STDINT_H 1
| #define HAVE_UNISTD_H 1
| #define HAVE_UNISTD_H 1
| #define HAVE_STRING_H 1
| #define HAVE_SIGNAL_H 1
| #define HAVE_NETDB_H 1
| #define HAVE_CTYPE_H 1
| #define HAVE_SYS_STAT_H 1
| #define HAVE_SYS_TYPES_H 1
| #define HAVE_FCNTL_H 1
| #define HAVE_SYS_FCNTL_H 1
| #define HAVE_SYS_IOCTL_H 1
| #define HAVE_SYS_SOCKET_H 1
| #define HAVE_SYS_TIME_H 1
| #define HAVE_NETINET_IN_H 1
| #define HAVE_ARPA_INET_H 1
| #define HAVE_ERRNO_H 1
| #define HAVE_ASSERT_H 1
| #define HAVE_TIME_H 1
| #define HAVE_PWD_H 1
| #define HAVE_GRP_H 1
| #define HAVE_EVENT_H 1
| #define HAVE_ZLIB_H 1
| #define HAVE_STDINT_H 1
| #define HAVE_SYS_TYPES_H 1
| #define HAVE_INTTYPES_H 1
| #define HAVE_SYS_PARAM_H 1
| #define HAVE_SYS_WAIT_H 1
| #define HAVE_NETINET_IN_H 1
| #define HAVE_ARPA_INET_H 1
| #define HAVE_SYSLOG_H 1
| #define HAVE_SYS_TIME_H 1
| #define HAVE_SYS_RESOURCE_H 1
| #define HAVE_STDDEF_H 1
| #define HAVE_INTTYPES_H 1
| #define HAVE_UTIME_H 1
| #define HAVE_GETTIMEOFDAY 1
| #define HAVE_FTIME 1
| #define HAVE_SOCKETPAIR 1
| #define HAVE_UNAME 1
| #define HAVE_INET_ATON 1
| #define HAVE_STRPTIME 1
| #define HAVE_GETRLIMIT 1
| #define HAVE_SETRLIMIT 1
| /* end confdefs.h.  */
| /* Define strlcat to an innocuous variant, in case <limits.h> declares strlcat.
|    For example, HP-UX 11i <limits.h> declares gettimeofday.  */
| #define strlcat innocuous_strlcat
| 
| /* System header to define __stub macros and hopefully few prototypes,
|     which can conflict with char strlcat (); below.
|     Prefer <limits.h> to <assert.h> if __STDC__ is defined, since
|     <limits.h> exists even on freestanding compilers.  */
| 
| #ifdef __STDC__
| # include <limits.h>
| #else
| # include <assert.h>
| #endif
| 
| #undef strlcat
| 
| /* Override any gcc2 internal prototype to avoid an error.  */
| #ifdef __cplusplus
| extern "C"
| {
| #endif
| /* We use char because int might match the return type of a gcc2
|    builtin and then its argument prototype would still apply.  */
| char strlcat ();
| /* The GNU C library defines this for functions which it implements
|     to always fail with ENOSYS.  Some functions are actually named
|     something starting with __ and the normal name is an alias.  */
| #if defined (__stub_strlcat) || defined (__stub___strlcat)
| choke me
| #else
| char (*f) () = strlcat;
| #endif
| #ifdef __cplusplus
| }
| #endif
| 
| int
| main ()
| {
| return f != strlcat;
|   ;
|   return 0;
| }
configure:5484: result: no
configure:5397: checking for strlcpy
configure:5454: gcc -o conftest -g -O2   conftest.c -lpthread -ldl  -levent -lssl -lcrypto >&5
/tmp/ccYrUvcF.o: In function `main':
/data/Data/projekte/DilloTor/tor-0.1.1.23/conftest.c:104: undefined reference to `strlcpy'
/tmp/ccYrUvcF.o:(.data+0x0): undefined reference to `strlcpy'
collect2: ld returned 1 exit status
configure:5460: $? = 1
configure: failed program was:
| /* confdefs.h.  */
| 
| #define PACKAGE_NAME ""
| #define PACKAGE_TARNAME ""
| #define PACKAGE_VERSION ""
| #define PACKAGE_STRING ""
| #define PACKAGE_BUGREPORT ""
| #define PACKAGE "tor"
| #define VERSION "0.1.1.23"
| #define ENABLE_THREADS 1
| #define _FILE_OFFSET_BITS 64
| #define STDC_HEADERS 1
| #define HAVE_SYS_TYPES_H 1
| #define HAVE_SYS_STAT_H 1
| #define HAVE_STDLIB_H 1
| #define HAVE_STRING_H 1
| #define HAVE_MEMORY_H 1
| #define HAVE_STRINGS_H 1
| #define HAVE_INTTYPES_H 1
| #define HAVE_STDINT_H 1
| #define HAVE_UNISTD_H 1
| #define HAVE_UNISTD_H 1
| #define HAVE_STRING_H 1
| #define HAVE_SIGNAL_H 1
| #define HAVE_NETDB_H 1
| #define HAVE_CTYPE_H 1
| #define HAVE_SYS_STAT_H 1
| #define HAVE_SYS_TYPES_H 1
| #define HAVE_FCNTL_H 1
| #define HAVE_SYS_FCNTL_H 1
| #define HAVE_SYS_IOCTL_H 1
| #define HAVE_SYS_SOCKET_H 1
| #define HAVE_SYS_TIME_H 1
| #define HAVE_NETINET_IN_H 1
| #define HAVE_ARPA_INET_H 1
| #define HAVE_ERRNO_H 1
| #define HAVE_ASSERT_H 1
| #define HAVE_TIME_H 1
| #define HAVE_PWD_H 1
| #define HAVE_GRP_H 1
| #define HAVE_EVENT_H 1
| #define HAVE_ZLIB_H 1
| #define HAVE_STDINT_H 1
| #define HAVE_SYS_TYPES_H 1
| #define HAVE_INTTYPES_H 1
| #define HAVE_SYS_PARAM_H 1
| #define HAVE_SYS_WAIT_H 1
| #define HAVE_NETINET_IN_H 1
| #define HAVE_ARPA_INET_H 1
| #define HAVE_SYSLOG_H 1
| #define HAVE_SYS_TIME_H 1
| #define HAVE_SYS_RESOURCE_H 1
| #define HAVE_STDDEF_H 1
| #define HAVE_INTTYPES_H 1
| #define HAVE_UTIME_H 1
| #define HAVE_GETTIMEOFDAY 1
| #define HAVE_FTIME 1
| #define HAVE_SOCKETPAIR 1
| #define HAVE_UNAME 1
| #define HAVE_INET_ATON 1
| #define HAVE_STRPTIME 1
| #define HAVE_GETRLIMIT 1
| #define HAVE_SETRLIMIT 1
| /* end confdefs.h.  */
| /* Define strlcpy to an innocuous variant, in case <limits.h> declares strlcpy.
|    For example, HP-UX 11i <limits.h> declares gettimeofday.  */
| #define strlcpy innocuous_strlcpy
| 
| /* System header to define __stub macros and hopefully few prototypes,
|     which can conflict with char strlcpy (); below.
|     Prefer <limits.h> to <assert.h> if __STDC__ is defined, since
|     <limits.h> exists even on freestanding compilers.  */
| 
| #ifdef __STDC__
| # include <limits.h>
| #else
| # include <assert.h>
| #endif
| 
| #undef strlcpy
| 
| /* Override any gcc2 internal prototype to avoid an error.  */
| #ifdef __cplusplus
| extern "C"
| {
| #endif
| /* We use char because int might match the return type of a gcc2
|    builtin and then its argument prototype would still apply.  */
| char strlcpy ();
| /* The GNU C library defines this for functions which it implements
|     to always fail with ENOSYS.  Some functions are actually named
|     something starting with __ and the normal name is an alias.  */
| #if defined (__stub_strlcpy) || defined (__stub___strlcpy)
| choke me
| #else
| char (*f) () = strlcpy;
| #endif
| #ifdef __cplusplus
| }
| #endif
| 
| int
| main ()
| {
| return f != strlcpy;
|   ;
|   return 0;
| }
configure:5484: result: no
configure:5397: checking for strtoull
configure:5454: gcc -o conftest -g -O2   conftest.c -lpthread -ldl  -levent -lssl -lcrypto >&5
configure:5460: $? = 0
configure:5463: test -z 			 || test ! -s conftest.err
configure:5466: $? = 0
configure:5469: test -s conftest
configure:5472: $? = 0
configure:5484: result: yes
configure:5397: checking for getpwnam
configure:5454: gcc -o conftest -g -O2   conftest.c -lpthread -ldl  -levent -lssl -lcrypto >&5
configure:5460: $? = 0
configure:5463: test -z 			 || test ! -s conftest.err
configure:5466: $? = 0
configure:5469: test -s conftest
configure:5472: $? = 0
configure:5484: result: yes
configure:5397: checking for getpwuid
configure:5454: gcc -o conftest -g -O2   conftest.c -lpthread -ldl  -levent -lssl -lcrypto >&5
configure:5460: $? = 0
configure:5463: test -z 			 || test ! -s conftest.err
configure:5466: $? = 0
configure:5469: test -s conftest
configure:5472: $? = 0
configure:5484: result: yes
configure:5397: checking for ftello
configure:5454: gcc -o conftest -g -O2   conftest.c -lpthread -ldl  -levent -lssl -lcrypto >&5
configure:5460: $? = 0
configure:5463: test -z 			 || test ! -s conftest.err
configure:5466: $? = 0
configure:5469: test -s conftest
configure:5472: $? = 0
configure:5484: result: yes
configure:5397: checking for getaddrinfo
configure:5454: gcc -o conftest -g -O2   conftest.c -lpthread -ldl  -levent -lssl -lcrypto >&5
configure:5460: $? = 0
configure:5463: test -z 			 || test ! -s conftest.err
configure:5466: $? = 0
configure:5469: test -s conftest
configure:5472: $? = 0
configure:5484: result: yes
configure:5397: checking for localtime_r
configure:5454: gcc -o conftest -g -O2   conftest.c -lpthread -ldl  -levent -lssl -lcrypto >&5
configure:5460: $? = 0
configure:5463: test -z 			 || test ! -s conftest.err
configure:5466: $? = 0
configure:5469: test -s conftest
configure:5472: $? = 0
configure:5484: result: yes
configure:5397: checking for gmtime_r
configure:5454: gcc -o conftest -g -O2   conftest.c -lpthread -ldl  -levent -lssl -lcrypto >&5
configure:5460: $? = 0
configure:5463: test -z 			 || test ! -s conftest.err
configure:5466: $? = 0
configure:5469: test -s conftest
configure:5472: $? = 0
configure:5484: result: yes
configure:5397: checking for event_get_version
configure:5454: gcc -o conftest -g -O2   conftest.c -lpthread -ldl  -levent -lssl -lcrypto >&5
configure:5460: $? = 0
configure:5463: test -z 			 || test ! -s conftest.err
configure:5466: $? = 0
configure:5469: test -s conftest
configure:5472: $? = 0
configure:5484: result: yes
configure:5397: checking for event_get_method
configure:5454: gcc -o conftest -g -O2   conftest.c -lpthread -ldl  -levent -lssl -lcrypto >&5
configure:5460: $? = 0
configure:5463: test -z 			 || test ! -s conftest.err
configure:5466: $? = 0
configure:5469: test -s conftest
configure:5472: $? = 0
configure:5484: result: yes
configure:5397: checking for event_set_log_callback
configure:5454: gcc -o conftest -g -O2   conftest.c -lpthread -ldl  -levent -lssl -lcrypto >&5
configure:5460: $? = 0
configure:5463: test -z 			 || test ! -s conftest.err
configure:5466: $? = 0
configure:5469: test -s conftest
configure:5472: $? = 0
configure:5484: result: yes
configure:5397: checking for memmem
configure:5454: gcc -o conftest -g -O2   conftest.c -lpthread -ldl  -levent -lssl -lcrypto >&5
configure:5460: $? = 0
configure:5463: test -z 			 || test ! -s conftest.err
configure:5466: $? = 0
configure:5469: test -s conftest
configure:5472: $? = 0
configure:5484: result: yes
configure:5510: checking pthread.h usability
configure:5522: gcc -c -g -O2  conftest.c >&5
configure:5528: $? = 0
configure:5531: test -z 			 || test ! -s conftest.err
configure:5534: $? = 0
configure:5537: test -s conftest.o
configure:5540: $? = 0
configure:5550: result: yes
configure:5554: checking pthread.h presence
configure:5564: gcc -E  conftest.c
configure:5570: $? = 0
configure:5590: result: yes
configure:5625: checking for pthread.h
configure:5632: result: yes
configure:5649: checking for pthread_create
configure:5706: gcc -o conftest -g -O2   conftest.c -lpthread -ldl  -levent -lssl -lcrypto >&5
configure:5712: $? = 0
configure:5715: test -z 			 || test ! -s conftest.err
configure:5718: $? = 0
configure:5721: test -s conftest
configure:5724: $? = 0
configure:5736: result: yes
configure:5748: checking for _LARGEFILE_SOURCE value needed for large files
configure:5771: gcc -c -g -O2  conftest.c >&5
conftest.c: In function 'main':
conftest.c:82: error: 'fseeko' undeclared (first use in this function)
conftest.c:82: error: (Each undeclared identifier is reported only once
conftest.c:82: error: for each function it appears in.)
configure:5777: $? = 1
configure: failed program was:
| /* confdefs.h.  */
| 
| #define PACKAGE_NAME ""
| #define PACKAGE_TARNAME ""
| #define PACKAGE_VERSION ""
| #define PACKAGE_STRING ""
| #define PACKAGE_BUGREPORT ""
| #define PACKAGE "tor"
| #define VERSION "0.1.1.23"
| #define ENABLE_THREADS 1
| #define _FILE_OFFSET_BITS 64
| #define STDC_HEADERS 1
| #define HAVE_SYS_TYPES_H 1
| #define HAVE_SYS_STAT_H 1
| #define HAVE_STDLIB_H 1
| #define HAVE_STRING_H 1
| #define HAVE_MEMORY_H 1
| #define HAVE_STRINGS_H 1
| #define HAVE_INTTYPES_H 1
| #define HAVE_STDINT_H 1
| #define HAVE_UNISTD_H 1
| #define HAVE_UNISTD_H 1
| #define HAVE_STRING_H 1
| #define HAVE_SIGNAL_H 1
| #define HAVE_NETDB_H 1
| #define HAVE_CTYPE_H 1
| #define HAVE_SYS_STAT_H 1
| #define HAVE_SYS_TYPES_H 1
| #define HAVE_FCNTL_H 1
| #define HAVE_SYS_FCNTL_H 1
| #define HAVE_SYS_IOCTL_H 1
| #define HAVE_SYS_SOCKET_H 1
| #define HAVE_SYS_TIME_H 1
| #define HAVE_NETINET_IN_H 1
| #define HAVE_ARPA_INET_H 1
| #define HAVE_ERRNO_H 1
| #define HAVE_ASSERT_H 1
| #define HAVE_TIME_H 1
| #define HAVE_PWD_H 1
| #define HAVE_GRP_H 1
| #define HAVE_EVENT_H 1
| #define HAVE_ZLIB_H 1
| #define HAVE_STDINT_H 1
| #define HAVE_SYS_TYPES_H 1
| #define HAVE_INTTYPES_H 1
| #define HAVE_SYS_PARAM_H 1
| #define HAVE_SYS_WAIT_H 1
| #define HAVE_NETINET_IN_H 1
| #define HAVE_ARPA_INET_H 1
| #define HAVE_SYSLOG_H 1
| #define HAVE_SYS_TIME_H 1
| #define HAVE_SYS_RESOURCE_H 1
| #define HAVE_STDDEF_H 1
| #define HAVE_INTTYPES_H 1
| #define HAVE_UTIME_H 1
| #define HAVE_GETTIMEOFDAY 1
| #define HAVE_FTIME 1
| #define HAVE_SOCKETPAIR 1
| #define HAVE_UNAME 1
| #define HAVE_INET_ATON 1
| #define HAVE_STRPTIME 1
| #define HAVE_GETRLIMIT 1
| #define HAVE_SETRLIMIT 1
| #define HAVE_STRTOULL 1
| #define HAVE_GETPWNAM 1
| #define HAVE_GETPWUID 1
| #define HAVE_FTELLO 1
| #define HAVE_GETADDRINFO 1
| #define HAVE_LOCALTIME_R 1
| #define HAVE_GMTIME_R 1
| #define HAVE_EVENT_GET_VERSION 1
| #define HAVE_EVENT_GET_METHOD 1
| #define HAVE_EVENT_SET_LOG_CALLBACK 1
| #define HAVE_MEMMEM 1
| #define HAVE_PTHREAD_H 1
| #define HAVE_PTHREAD_CREATE 1
| /* end confdefs.h.  */
| #include <stdio.h>
| int
| main ()
| {
| return !fseeko;
|   ;
|   return 0;
| }
configure:5815: gcc -c -g -O2  conftest.c >&5
conftest.c: In function 'main':
conftest.c:83: warning: the address of 'fseeko', will always evaluate as 'true'
configure:5821: $? = 0
configure:5824: test -z 			 || test ! -s conftest.err
configure:5827: $? = 0
configure:5830: test -s conftest.o
configure:5833: $? = 0
configure:5845: result: 1
configure:5859: checking for fseeko
configure:5880: gcc -o conftest -g -O2   conftest.c -lpthread -ldl  -levent -lssl -lcrypto >&5
conftest.c: In function 'main':
conftest.c:83: warning: the address of 'fseeko', will always evaluate as 'true'
configure:5886: $? = 0
configure:5889: test -z 			 || test ! -s conftest.err
configure:5892: $? = 0
configure:5895: test -s conftest
configure:5898: $? = 0
configure:5910: result: yes
configure:5921: checking for struct timeval.tv_sec
configure:5944: gcc -c -g -O2  conftest.c >&5
configure:5950: $? = 0
configure:5953: test -z 			 || test ! -s conftest.err
configure:5956: $? = 0
configure:5959: test -s conftest.o
configure:5962: $? = 0
configure:6018: result: yes
configure:6031: checking for int8_t
configure:6055: gcc -c -g -O2  conftest.c >&5
configure:6061: $? = 0
configure:6064: test -z 			 || test ! -s conftest.err
configure:6067: $? = 0
configure:6070: test -s conftest.o
configure:6073: $? = 0
configure:6084: result: yes
configure:6087: checking size of int8_t
configure:6399: gcc -o conftest -g -O2   conftest.c -lpthread -ldl  -levent -lssl -lcrypto >&5
configure:6402: $? = 0
configure:6404: ./conftest
configure:6407: $? = 0
configure:6430: result: 1
configure:6437: checking for int16_t
configure:6461: gcc -c -g -O2  conftest.c >&5
configure:6467: $? = 0
configure:6470: test -z 			 || test ! -s conftest.err
configure:6473: $? = 0
configure:6476: test -s conftest.o
configure:6479: $? = 0
configure:6490: result: yes
configure:6493: checking size of int16_t
configure:6805: gcc -o conftest -g -O2   conftest.c -lpthread -ldl  -levent -lssl -lcrypto >&5
configure:6808: $? = 0
configure:6810: ./conftest
configure:6813: $? = 0
configure:6836: result: 2
configure:6843: checking for int32_t
configure:6867: gcc -c -g -O2  conftest.c >&5
configure:6873: $? = 0
configure:6876: test -z 			 || test ! -s conftest.err
configure:6879: $? = 0
configure:6882: test -s conftest.o
configure:6885: $? = 0
configure:6896: result: yes
configure:6899: checking size of int32_t
configure:7211: gcc -o conftest -g -O2   conftest.c -lpthread -ldl  -levent -lssl -lcrypto >&5
configure:7214: $? = 0
configure:7216: ./conftest
configure:7219: $? = 0
configure:7242: result: 4
configure:7249: checking for int64_t
configure:7273: gcc -c -g -O2  conftest.c >&5
configure:7279: $? = 0
configure:7282: test -z 			 || test ! -s conftest.err
configure:7285: $? = 0
configure:7288: test -s conftest.o
configure:7291: $? = 0
configure:7302: result: yes
configure:7305: checking size of int64_t
configure:7617: gcc -o conftest -g -O2   conftest.c -lpthread -ldl  -levent -lssl -lcrypto >&5
configure:7620: $? = 0
configure:7622: ./conftest
configure:7625: $? = 0
configure:7648: result: 8
configure:7655: checking for uint8_t
configure:7679: gcc -c -g -O2  conftest.c >&5
configure:7685: $? = 0
configure:7688: test -z 			 || test ! -s conftest.err
configure:7691: $? = 0
configure:7694: test -s conftest.o
configure:7697: $? = 0
configure:7708: result: yes
configure:7711: checking size of uint8_t
configure:8023: gcc -o conftest -g -O2   conftest.c -lpthread -ldl  -levent -lssl -lcrypto >&5
configure:8026: $? = 0
configure:8028: ./conftest
configure:8031: $? = 0
configure:8054: result: 1
configure:8061: checking for uint16_t
configure:8085: gcc -c -g -O2  conftest.c >&5
configure:8091: $? = 0
configure:8094: test -z 			 || test ! -s conftest.err
configure:8097: $? = 0
configure:8100: test -s conftest.o
configure:8103: $? = 0
configure:8114: result: yes
configure:8117: checking size of uint16_t
configure:8429: gcc -o conftest -g -O2   conftest.c -lpthread -ldl  -levent -lssl -lcrypto >&5
configure:8432: $? = 0
configure:8434: ./conftest
configure:8437: $? = 0
configure:8460: result: 2
configure:8467: checking for uint32_t
configure:8491: gcc -c -g -O2  conftest.c >&5
configure:8497: $? = 0
configure:8500: test -z 			 || test ! -s conftest.err
configure:8503: $? = 0
configure:8506: test -s conftest.o
configure:8509: $? = 0
configure:8520: result: yes
configure:8523: checking size of uint32_t
configure:8835: gcc -o conftest -g -O2   conftest.c -lpthread -ldl  -levent -lssl -lcrypto >&5
configure:8838: $? = 0
configure:8840: ./conftest
configure:8843: $? = 0
configure:8866: result: 4
configure:8873: checking for uint64_t
configure:8897: gcc -c -g -O2  conftest.c >&5
configure:8903: $? = 0
configure:8906: test -z 			 || test ! -s conftest.err
configure:8909: $? = 0
configure:8912: test -s conftest.o
configure:8915: $? = 0
configure:8926: result: yes
configure:8929: checking size of uint64_t
configure:9241: gcc -o conftest -g -O2   conftest.c -lpthread -ldl  -levent -lssl -lcrypto >&5
configure:9244: $? = 0
configure:9246: ./conftest
configure:9249: $? = 0
configure:9272: result: 8
configure:9279: checking for intptr_t
configure:9303: gcc -c -g -O2  conftest.c >&5
configure:9309: $? = 0
configure:9312: test -z 			 || test ! -s conftest.err
configure:9315: $? = 0
configure:9318: test -s conftest.o
configure:9321: $? = 0
configure:9332: result: yes
configure:9335: checking size of intptr_t
configure:9647: gcc -o conftest -g -O2   conftest.c -lpthread -ldl  -levent -lssl -lcrypto >&5
configure:9650: $? = 0
configure:9652: ./conftest
configure:9655: $? = 0
configure:9678: result: 4
configure:9685: checking for uintptr_t
configure:9709: gcc -c -g -O2  conftest.c >&5
configure:9715: $? = 0
configure:9718: test -z 			 || test ! -s conftest.err
configure:9721: $? = 0
configure:9724: test -s conftest.o
configure:9727: $? = 0
configure:9738: result: yes
configure:9741: checking size of uintptr_t
configure:10053: gcc -o conftest -g -O2   conftest.c -lpthread -ldl  -levent -lssl -lcrypto >&5
configure:10056: $? = 0
configure:10058: ./conftest
configure:10061: $? = 0
configure:10084: result: 4
configure:10093: checking for char
configure:10117: gcc -c -g -O2  conftest.c >&5
configure:10123: $? = 0
configure:10126: test -z 			 || test ! -s conftest.err
configure:10129: $? = 0
configure:10132: test -s conftest.o
configure:10135: $? = 0
configure:10146: result: yes
configure:10149: checking size of char
configure:10461: gcc -o conftest -g -O2   conftest.c -lpthread -ldl  -levent -lssl -lcrypto >&5
configure:10464: $? = 0
configure:10466: ./conftest
configure:10469: $? = 0
configure:10492: result: 1
configure:10499: checking for short
configure:10523: gcc -c -g -O2  conftest.c >&5
configure:10529: $? = 0
configure:10532: test -z 			 || test ! -s conftest.err
configure:10535: $? = 0
configure:10538: test -s conftest.o
configure:10541: $? = 0
configure:10552: result: yes
configure:10555: checking size of short
configure:10867: gcc -o conftest -g -O2   conftest.c -lpthread -ldl  -levent -lssl -lcrypto >&5
configure:10870: $? = 0
configure:10872: ./conftest
configure:10875: $? = 0
configure:10898: result: 2
configure:10905: checking for int
configure:10929: gcc -c -g -O2  conftest.c >&5
configure:10935: $? = 0
configure:10938: test -z 			 || test ! -s conftest.err
configure:10941: $? = 0
configure:10944: test -s conftest.o
configure:10947: $? = 0
configure:10958: result: yes
configure:10961: checking size of int
configure:11273: gcc -o conftest -g -O2   conftest.c -lpthread -ldl  -levent -lssl -lcrypto >&5
configure:11276: $? = 0
configure:11278: ./conftest
configure:11281: $? = 0
configure:11304: result: 4
configure:11311: checking for long
configure:11335: gcc -c -g -O2  conftest.c >&5
configure:11341: $? = 0
configure:11344: test -z 			 || test ! -s conftest.err
configure:11347: $? = 0
configure:11350: test -s conftest.o
configure:11353: $? = 0
configure:11364: result: yes
configure:11367: checking size of long
configure:11679: gcc -o conftest -g -O2   conftest.c -lpthread -ldl  -levent -lssl -lcrypto >&5
configure:11682: $? = 0
configure:11684: ./conftest
configure:11687: $? = 0
configure:11710: result: 4
configure:11717: checking for long long
configure:11741: gcc -c -g -O2  conftest.c >&5
configure:11747: $? = 0
configure:11750: test -z 			 || test ! -s conftest.err
configure:11753: $? = 0
configure:11756: test -s conftest.o
configure:11759: $? = 0
configure:11770: result: yes
configure:11773: checking size of long long
configure:12085: gcc -o conftest -g -O2   conftest.c -lpthread -ldl  -levent -lssl -lcrypto >&5
configure:12088: $? = 0
configure:12090: ./conftest
configure:12093: $? = 0
configure:12116: result: 8
configure:12123: checking for __int64
configure:12147: gcc -c -g -O2  conftest.c >&5
conftest.c: In function 'main':
conftest.c:133: error: '__int64' undeclared (first use in this function)
conftest.c:133: error: (Each undeclared identifier is reported only once
conftest.c:133: error: for each function it appears in.)
conftest.c:133: error: syntax error before ')' token
configure:12153: $? = 1
configure: failed program was:
| /* confdefs.h.  */
| 
| #define PACKAGE_NAME ""
| #define PACKAGE_TARNAME ""
| #define PACKAGE_VERSION ""
| #define PACKAGE_STRING ""
| #define PACKAGE_BUGREPORT ""
| #define PACKAGE "tor"
| #define VERSION "0.1.1.23"
| #define ENABLE_THREADS 1
| #define _FILE_OFFSET_BITS 64
| #define STDC_HEADERS 1
| #define HAVE_SYS_TYPES_H 1
| #define HAVE_SYS_STAT_H 1
| #define HAVE_STDLIB_H 1
| #define HAVE_STRING_H 1
| #define HAVE_MEMORY_H 1
| #define HAVE_STRINGS_H 1
| #define HAVE_INTTYPES_H 1
| #define HAVE_STDINT_H 1
| #define HAVE_UNISTD_H 1
| #define HAVE_UNISTD_H 1
| #define HAVE_STRING_H 1
| #define HAVE_SIGNAL_H 1
| #define HAVE_NETDB_H 1
| #define HAVE_CTYPE_H 1
| #define HAVE_SYS_STAT_H 1
| #define HAVE_SYS_TYPES_H 1
| #define HAVE_FCNTL_H 1
| #define HAVE_SYS_FCNTL_H 1
| #define HAVE_SYS_IOCTL_H 1
| #define HAVE_SYS_SOCKET_H 1
| #define HAVE_SYS_TIME_H 1
| #define HAVE_NETINET_IN_H 1
| #define HAVE_ARPA_INET_H 1
| #define HAVE_ERRNO_H 1
| #define HAVE_ASSERT_H 1
| #define HAVE_TIME_H 1
| #define HAVE_PWD_H 1
| #define HAVE_GRP_H 1
| #define HAVE_EVENT_H 1
| #define HAVE_ZLIB_H 1
| #define HAVE_STDINT_H 1
| #define HAVE_SYS_TYPES_H 1
| #define HAVE_INTTYPES_H 1
| #define HAVE_SYS_PARAM_H 1
| #define HAVE_SYS_WAIT_H 1
| #define HAVE_NETINET_IN_H 1
| #define HAVE_ARPA_INET_H 1
| #define HAVE_SYSLOG_H 1
| #define HAVE_SYS_TIME_H 1
| #define HAVE_SYS_RESOURCE_H 1
| #define HAVE_STDDEF_H 1
| #define HAVE_INTTYPES_H 1
| #define HAVE_UTIME_H 1
| #define HAVE_GETTIMEOFDAY 1
| #define HAVE_FTIME 1
| #define HAVE_SOCKETPAIR 1
| #define HAVE_UNAME 1
| #define HAVE_INET_ATON 1
| #define HAVE_STRPTIME 1
| #define HAVE_GETRLIMIT 1
| #define HAVE_SETRLIMIT 1
| #define HAVE_STRTOULL 1
| #define HAVE_GETPWNAM 1
| #define HAVE_GETPWUID 1
| #define HAVE_FTELLO 1
| #define HAVE_GETADDRINFO 1
| #define HAVE_LOCALTIME_R 1
| #define HAVE_GMTIME_R 1
| #define HAVE_EVENT_GET_VERSION 1
| #define HAVE_EVENT_GET_METHOD 1
| #define HAVE_EVENT_SET_LOG_CALLBACK 1
| #define HAVE_MEMMEM 1
| #define HAVE_PTHREAD_H 1
| #define HAVE_PTHREAD_CREATE 1
| #define _LARGEFILE_SOURCE 1
| #define HAVE_FSEEKO 1
| #define HAVE_STRUCT_TIMEVAL_TV_SEC 1
| #define SIZEOF_INT8_T 1
| #define SIZEOF_INT16_T 2
| #define SIZEOF_INT32_T 4
| #define SIZEOF_INT64_T 8
| #define SIZEOF_UINT8_T 1
| #define SIZEOF_UINT16_T 2
| #define SIZEOF_UINT32_T 4
| #define SIZEOF_UINT64_T 8
| #define SIZEOF_INTPTR_T 4
| #define SIZEOF_UINTPTR_T 4
| #define SIZEOF_CHAR 1
| #define SIZEOF_SHORT 2
| #define SIZEOF_INT 4
| #define SIZEOF_LONG 4
| #define SIZEOF_LONG_LONG 8
| /* end confdefs.h.  */
| #include <stdio.h>
| #if HAVE_SYS_TYPES_H
| # include <sys/types.h>
| #endif
| #if HAVE_SYS_STAT_H
| # include <sys/stat.h>
| #endif
| #if STDC_HEADERS
| # include <stdlib.h>
| # include <stddef.h>
| #else
| # if HAVE_STDLIB_H
| #  include <stdlib.h>
| # endif
| #endif
| #if HAVE_STRING_H
| # if !STDC_HEADERS && HAVE_MEMORY_H
| #  include <memory.h>
| # endif
| # include <string.h>
| #endif
| #if HAVE_STRINGS_H
| # include <strings.h>
| #endif
| #if HAVE_INTTYPES_H
| # include <inttypes.h>
| #else
| # if HAVE_STDINT_H
| #  include <stdint.h>
| # endif
| #endif
| #if HAVE_UNISTD_H
| # include <unistd.h>
| #endif
| int
| main ()
| {
| if ((__int64 *) 0)
|   return 0;
| if (sizeof (__int64))
|   return 0;
|   ;
|   return 0;
| }
configure:12176: result: no
configure:12179: checking size of __int64
configure:12522: result: 0
configure:12529: checking for void *
configure:12553: gcc -c -g -O2  conftest.c >&5
configure:12559: $? = 0
configure:12562: test -z 			 || test ! -s conftest.err
configure:12565: $? = 0
configure:12568: test -s conftest.o
configure:12571: $? = 0
configure:12582: result: yes
configure:12585: checking size of void *
configure:12897: gcc -o conftest -g -O2   conftest.c -lpthread -ldl  -levent -lssl -lcrypto >&5
configure:12900: $? = 0
configure:12902: ./conftest
configure:12905: $? = 0
configure:12928: result: 4
configure:12935: checking for time_t
configure:12959: gcc -c -g -O2  conftest.c >&5
configure:12965: $? = 0
configure:12968: test -z 			 || test ! -s conftest.err
configure:12971: $? = 0
configure:12974: test -s conftest.o
configure:12977: $? = 0
configure:12988: result: yes
configure:12991: checking size of time_t
configure:13303: gcc -o conftest -g -O2   conftest.c -lpthread -ldl  -levent -lssl -lcrypto >&5
configure:13306: $? = 0
configure:13308: ./conftest
configure:13311: $? = 0
configure:13334: result: 4
configure:13341: checking whether time_t is signed
configure:13364: gcc -o conftest -g -O2   conftest.c -lpthread -ldl  -levent -lssl -lcrypto >&5
conftest.c: In function 'main':
conftest.c:100: error: 'time_t' undeclared (first use in this function)
conftest.c:100: error: (Each undeclared identifier is reported only once
conftest.c:100: error: for each function it appears in.)
configure:13367: $? = 1
configure: program exited with status 1
configure: failed program was:
| /* confdefs.h.  */
| 
| #define PACKAGE_NAME ""
| #define PACKAGE_TARNAME ""
| #define PACKAGE_VERSION ""
| #define PACKAGE_STRING ""
| #define PACKAGE_BUGREPORT ""
| #define PACKAGE "tor"
| #define VERSION "0.1.1.23"
| #define ENABLE_THREADS 1
| #define _FILE_OFFSET_BITS 64
| #define STDC_HEADERS 1
| #define HAVE_SYS_TYPES_H 1
| #define HAVE_SYS_STAT_H 1
| #define HAVE_STDLIB_H 1
| #define HAVE_STRING_H 1
| #define HAVE_MEMORY_H 1
| #define HAVE_STRINGS_H 1
| #define HAVE_INTTYPES_H 1
| #define HAVE_STDINT_H 1
| #define HAVE_UNISTD_H 1
| #define HAVE_UNISTD_H 1
| #define HAVE_STRING_H 1
| #define HAVE_SIGNAL_H 1
| #define HAVE_NETDB_H 1
| #define HAVE_CTYPE_H 1
| #define HAVE_SYS_STAT_H 1
| #define HAVE_SYS_TYPES_H 1
| #define HAVE_FCNTL_H 1
| #define HAVE_SYS_FCNTL_H 1
| #define HAVE_SYS_IOCTL_H 1
| #define HAVE_SYS_SOCKET_H 1
| #define HAVE_SYS_TIME_H 1
| #define HAVE_NETINET_IN_H 1
| #define HAVE_ARPA_INET_H 1
| #define HAVE_ERRNO_H 1
| #define HAVE_ASSERT_H 1
| #define HAVE_TIME_H 1
| #define HAVE_PWD_H 1
| #define HAVE_GRP_H 1
| #define HAVE_EVENT_H 1
| #define HAVE_ZLIB_H 1
| #define HAVE_STDINT_H 1
| #define HAVE_SYS_TYPES_H 1
| #define HAVE_INTTYPES_H 1
| #define HAVE_SYS_PARAM_H 1
| #define HAVE_SYS_WAIT_H 1
| #define HAVE_NETINET_IN_H 1
| #define HAVE_ARPA_INET_H 1
| #define HAVE_SYSLOG_H 1
| #define HAVE_SYS_TIME_H 1
| #define HAVE_SYS_RESOURCE_H 1
| #define HAVE_STDDEF_H 1
| #define HAVE_INTTYPES_H 1
| #define HAVE_UTIME_H 1
| #define HAVE_GETTIMEOFDAY 1
| #define HAVE_FTIME 1
| #define HAVE_SOCKETPAIR 1
| #define HAVE_UNAME 1
| #define HAVE_INET_ATON 1
| #define HAVE_STRPTIME 1
| #define HAVE_GETRLIMIT 1
| #define HAVE_SETRLIMIT 1
| #define HAVE_STRTOULL 1
| #define HAVE_GETPWNAM 1
| #define HAVE_GETPWUID 1
| #define HAVE_FTELLO 1
| #define HAVE_GETADDRINFO 1
| #define HAVE_LOCALTIME_R 1
| #define HAVE_GMTIME_R 1
| #define HAVE_EVENT_GET_VERSION 1
| #define HAVE_EVENT_GET_METHOD 1
| #define HAVE_EVENT_SET_LOG_CALLBACK 1
| #define HAVE_MEMMEM 1
| #define HAVE_PTHREAD_H 1
| #define HAVE_PTHREAD_CREATE 1
| #define _LARGEFILE_SOURCE 1
| #define HAVE_FSEEKO 1
| #define HAVE_STRUCT_TIMEVAL_TV_SEC 1
| #define SIZEOF_INT8_T 1
| #define SIZEOF_INT16_T 2
| #define SIZEOF_INT32_T 4
| #define SIZEOF_INT64_T 8
| #define SIZEOF_UINT8_T 1
| #define SIZEOF_UINT16_T 2
| #define SIZEOF_UINT32_T 4
| #define SIZEOF_UINT64_T 8
| #define SIZEOF_INTPTR_T 4
| #define SIZEOF_UINTPTR_T 4
| #define SIZEOF_CHAR 1
| #define SIZEOF_SHORT 2
| #define SIZEOF_INT 4
| #define SIZEOF_LONG 4
| #define SIZEOF_LONG_LONG 8
| #define SIZEOF___INT64 0
| #define SIZEOF_VOID_P 4
| #define SIZEOF_TIME_T 4
| /* end confdefs.h.  */
| 
| int main(int c, char**v) { if (((time_t)-1)<0) return 1; else return 0; }
configure:13387: result: yes
configure:13398: checking for socklen_t
configure:13427: gcc -c -g -O2  conftest.c >&5
configure:13433: $? = 0
configure:13436: test -z 			 || test ! -s conftest.err
configure:13439: $? = 0
configure:13442: test -s conftest.o
configure:13445: $? = 0
configure:13456: result: yes
configure:13459: checking size of socklen_t
configure:13801: gcc -o conftest -g -O2   conftest.c -lpthread -ldl  -levent -lssl -lcrypto >&5
configure:13804: $? = 0
configure:13806: ./conftest
configure:13809: $? = 0
configure:13832: result: 4
configure:13842: checking for cell_t
configure:13866: gcc -c -g -O2  conftest.c >&5
conftest.c: In function 'main':
conftest.c:138: error: 'cell_t' undeclared (first use in this function)
conftest.c:138: error: (Each undeclared identifier is reported only once
conftest.c:138: error: for each function it appears in.)
conftest.c:138: error: syntax error before ')' token
configure:13872: $? = 1
configure: failed program was:
| /* confdefs.h.  */
| 
| #define PACKAGE_NAME ""
| #define PACKAGE_TARNAME ""
| #define PACKAGE_VERSION ""
| #define PACKAGE_STRING ""
| #define PACKAGE_BUGREPORT ""
| #define PACKAGE "tor"
| #define VERSION "0.1.1.23"
| #define ENABLE_THREADS 1
| #define _FILE_OFFSET_BITS 64
| #define STDC_HEADERS 1
| #define HAVE_SYS_TYPES_H 1
| #define HAVE_SYS_STAT_H 1
| #define HAVE_STDLIB_H 1
| #define HAVE_STRING_H 1
| #define HAVE_MEMORY_H 1
| #define HAVE_STRINGS_H 1
| #define HAVE_INTTYPES_H 1
| #define HAVE_STDINT_H 1
| #define HAVE_UNISTD_H 1
| #define HAVE_UNISTD_H 1
| #define HAVE_STRING_H 1
| #define HAVE_SIGNAL_H 1
| #define HAVE_NETDB_H 1
| #define HAVE_CTYPE_H 1
| #define HAVE_SYS_STAT_H 1
| #define HAVE_SYS_TYPES_H 1
| #define HAVE_FCNTL_H 1
| #define HAVE_SYS_FCNTL_H 1
| #define HAVE_SYS_IOCTL_H 1
| #define HAVE_SYS_SOCKET_H 1
| #define HAVE_SYS_TIME_H 1
| #define HAVE_NETINET_IN_H 1
| #define HAVE_ARPA_INET_H 1
| #define HAVE_ERRNO_H 1
| #define HAVE_ASSERT_H 1
| #define HAVE_TIME_H 1
| #define HAVE_PWD_H 1
| #define HAVE_GRP_H 1
| #define HAVE_EVENT_H 1
| #define HAVE_ZLIB_H 1
| #define HAVE_STDINT_H 1
| #define HAVE_SYS_TYPES_H 1
| #define HAVE_INTTYPES_H 1
| #define HAVE_SYS_PARAM_H 1
| #define HAVE_SYS_WAIT_H 1
| #define HAVE_NETINET_IN_H 1
| #define HAVE_ARPA_INET_H 1
| #define HAVE_SYSLOG_H 1
| #define HAVE_SYS_TIME_H 1
| #define HAVE_SYS_RESOURCE_H 1
| #define HAVE_STDDEF_H 1
| #define HAVE_INTTYPES_H 1
| #define HAVE_UTIME_H 1
| #define HAVE_GETTIMEOFDAY 1
| #define HAVE_FTIME 1
| #define HAVE_SOCKETPAIR 1
| #define HAVE_UNAME 1
| #define HAVE_INET_ATON 1
| #define HAVE_STRPTIME 1
| #define HAVE_GETRLIMIT 1
| #define HAVE_SETRLIMIT 1
| #define HAVE_STRTOULL 1
| #define HAVE_GETPWNAM 1
| #define HAVE_GETPWUID 1
| #define HAVE_FTELLO 1
| #define HAVE_GETADDRINFO 1
| #define HAVE_LOCALTIME_R 1
| #define HAVE_GMTIME_R 1
| #define HAVE_EVENT_GET_VERSION 1
| #define HAVE_EVENT_GET_METHOD 1
| #define HAVE_EVENT_SET_LOG_CALLBACK 1
| #define HAVE_MEMMEM 1
| #define HAVE_PTHREAD_H 1
| #define HAVE_PTHREAD_CREATE 1
| #define _LARGEFILE_SOURCE 1
| #define HAVE_FSEEKO 1
| #define HAVE_STRUCT_TIMEVAL_TV_SEC 1
| #define SIZEOF_INT8_T 1
| #define SIZEOF_INT16_T 2
| #define SIZEOF_INT32_T 4
| #define SIZEOF_INT64_T 8
| #define SIZEOF_UINT8_T 1
| #define SIZEOF_UINT16_T 2
| #define SIZEOF_UINT32_T 4
| #define SIZEOF_UINT64_T 8
| #define SIZEOF_INTPTR_T 4
| #define SIZEOF_UINTPTR_T 4
| #define SIZEOF_CHAR 1
| #define SIZEOF_SHORT 2
| #define SIZEOF_INT 4
| #define SIZEOF_LONG 4
| #define SIZEOF_LONG_LONG 8
| #define SIZEOF___INT64 0
| #define SIZEOF_VOID_P 4
| #define SIZEOF_TIME_T 4
| #define TIME_T_IS_SIGNED 1
| #define SIZEOF_SOCKLEN_T 4
| /* end confdefs.h.  */
| #include <stdio.h>
| #if HAVE_SYS_TYPES_H
| # include <sys/types.h>
| #endif
| #if HAVE_SYS_STAT_H
| # include <sys/stat.h>
| #endif
| #if STDC_HEADERS
| # include <stdlib.h>
| # include <stddef.h>
| #else
| # if HAVE_STDLIB_H
| #  include <stdlib.h>
| # endif
| #endif
| #if HAVE_STRING_H
| # if !STDC_HEADERS && HAVE_MEMORY_H
| #  include <memory.h>
| # endif
| # include <string.h>
| #endif
| #if HAVE_STRINGS_H
| # include <strings.h>
| #endif
| #if HAVE_INTTYPES_H
| # include <inttypes.h>
| #else
| # if HAVE_STDINT_H
| #  include <stdint.h>
| # endif
| #endif
| #if HAVE_UNISTD_H
| # include <unistd.h>
| #endif
| int
| main ()
| {
| if ((cell_t *) 0)
|   return 0;
| if (sizeof (cell_t))
|   return 0;
|   ;
|   return 0;
| }
configure:13895: result: no
configure:13898: checking size of cell_t
configure:14241: result: 0
configure:14264: checking whether unaligned int access is allowed
configure:14282: gcc -o conftest -g -O2   conftest.c -lpthread -ldl  -levent -lssl -lcrypto >&5
configure:14285: $? = 0
configure:14287: ./conftest
configure:14290: $? = 0
configure:14304: result: yes
configure:14317: checking whether memset(0) sets pointers to NULL
configure:14341: gcc -o conftest -g -O2   conftest.c -lpthread -ldl  -levent -lssl -lcrypto >&5
configure:14344: $? = 0
configure:14346: ./conftest
configure:14349: $? = 0
configure:14363: result: yes
configure:14375: checking whether to use dmalloc (debug memory allocation library)
configure:14391: result: no
configure:14711: checking for gethostbyname_r
configure:14768: gcc -o conftest -g -O2   conftest.c -lpthread -ldl  -levent -lssl -lcrypto >&5
configure:14774: $? = 0
configure:14777: test -z 			 || test ! -s conftest.err
configure:14780: $? = 0
configure:14783: test -s conftest
configure:14786: $? = 0
configure:14798: result: yes
configure:14802: checking how many arguments gethostbyname_r() wants
configure:14829: gcc -c -g -O2     conftest.c >&5
configure:14835: $? = 0
configure:14838: test -z 			 || test ! -s conftest.err
configure:14841: $? = 0
configure:14844: test -s conftest.o
configure:14847: $? = 0
configure:14859: result: 6
configure:15005: checking whether the C compiler supports __func__
configure:15016: gcc -c -g -O2  conftest.c >&5
configure:15022: $? = 0
configure:15025: test -z 			 || test ! -s conftest.err
configure:15028: $? = 0
configure:15031: test -s conftest.o
configure:15034: $? = 0
configure:15045: result: yes
configure:15048: checking whether the C compiler supports __FUNC__
configure:15059: gcc -c -g -O2  conftest.c >&5
conftest.c: In function 'main':
conftest.c:3: error: '__FUNC__' undeclared (first use in this function)
conftest.c:3: error: (Each undeclared identifier is reported only once
conftest.c:3: error: for each function it appears in.)
configure:15065: $? = 1
configure: failed program was:
| 
| #include <stdio.h>
| int main(int c, char **v) { puts(__FUNC__); }
configure:15088: result: no
configure:15091: checking whether the C compiler supports __FUNCTION__
configure:15102: gcc -c -g -O2  conftest.c >&5
configure:15108: $? = 0
configure:15111: test -z 			 || test ! -s conftest.err
configure:15114: $? = 0
configure:15117: test -s conftest.o
configure:15120: $? = 0
configure:15131: result: yes
configure:15310: creating ./config.status

## ---------------------- ##
## Running config.status. ##
## ---------------------- ##

This file was extended by config.status, which was
generated by GNU Autoconf 2.59.  Invocation command line was

  CONFIG_FILES    = 
  CONFIG_HEADERS  = 
  CONFIG_LINKS    = 
  CONFIG_COMMANDS = 
  $ ./config.status 

on goliath

config.status:748: creating Makefile
config.status:748: creating tor.spec
config.status:748: creating contrib/tor.sh
config.status:748: creating contrib/torctl
config.status:748: creating contrib/torify
config.status:748: creating contrib/tor.logrotate
config.status:748: creating contrib/Makefile
config.status:748: creating contrib/osx/Makefile
config.status:748: creating contrib/osx/TorBundleDesc.plist
config.status:748: creating contrib/osx/TorBundleInfo.plist
config.status:748: creating contrib/osx/TorDesc.plist
config.status:748: creating contrib/osx/TorInfo.plist
config.status:748: creating contrib/osx/TorStartupDesc.plist
config.status:748: creating src/config/torrc.sample
config.status:748: creating doc/tor.1
config.status:748: creating src/Makefile
config.status:748: creating doc/Makefile
config.status:748: creating doc/design-paper/Makefile
config.status:748: creating src/config/Makefile
config.status:748: creating src/common/Makefile
config.status:748: creating src/or/Makefile
config.status:748: creating src/win32/Makefile
config.status:748: creating src/tools/Makefile
config.status:748: creating contrib/suse/Makefile
config.status:748: creating contrib/suse/tor.sh
config.status:814: creating orconfig.h
config.status:1296: executing default-1 commands

## ---------------- ##
## Cache variables. ##
## ---------------- ##

ac_cv_build=i686-pc-linux-gnu
ac_cv_build_alias=i686-pc-linux-gnu
ac_cv_c_compiler_gnu=yes
ac_cv_env_CC_set=
ac_cv_env_CC_value=
ac_cv_env_CFLAGS_set=
ac_cv_env_CFLAGS_value=
ac_cv_env_CPPFLAGS_set=
ac_cv_env_CPPFLAGS_value=
ac_cv_env_CPP_set=
ac_cv_env_CPP_value=
ac_cv_env_LDFLAGS_set=
ac_cv_env_LDFLAGS_value=
ac_cv_env_build_alias_set=
ac_cv_env_build_alias_value=
ac_cv_env_host_alias_set=
ac_cv_env_host_alias_value=
ac_cv_env_target_alias_set=
ac_cv_env_target_alias_value=
ac_cv_exeext=
ac_cv_func_event_get_method=yes
ac_cv_func_event_get_version=yes
ac_cv_func_event_set_log_callback=yes
ac_cv_func_fseeko=yes
ac_cv_func_ftello=yes
ac_cv_func_ftime=yes
ac_cv_func_getaddrinfo=yes
ac_cv_func_gethostbyname_r=yes
ac_cv_func_getpwnam=yes
ac_cv_func_getpwuid=yes
ac_cv_func_getrlimit=yes
ac_cv_func_gettimeofday=yes
ac_cv_func_gmtime_r=yes
ac_cv_func_inet_aton=yes
ac_cv_func_localtime_r=yes
ac_cv_func_memmem=yes
ac_cv_func_pthread_create=yes
ac_cv_func_setrlimit=yes
ac_cv_func_socketpair=yes
ac_cv_func_strlcat=no
ac_cv_func_strlcpy=no
ac_cv_func_strptime=yes
ac_cv_func_strtoull=yes
ac_cv_func_uname=yes
ac_cv_have_FUNCTION_macro=yes
ac_cv_have_FUNC_macro=no
ac_cv_have_func_macro=yes
ac_cv_header_arpa_inet_h=yes
ac_cv_header_assert_h=yes
ac_cv_header_ctype_h=yes
ac_cv_header_errno_h=yes
ac_cv_header_event_h=yes
ac_cv_header_fcntl_h=yes
ac_cv_header_grp_h=yes
ac_cv_header_inttypes_h=yes
ac_cv_header_machine_limits_h=no
ac_cv_header_memory_h=yes
ac_cv_header_netdb_h=yes
ac_cv_header_netinet_in_h=yes
ac_cv_header_pthread_h=yes
ac_cv_header_pwd_h=yes
ac_cv_header_signal_h=yes
ac_cv_header_stdc=yes
ac_cv_header_stddef_h=yes
ac_cv_header_stdint_h=yes
ac_cv_header_stdlib_h=yes
ac_cv_header_string_h=yes
ac_cv_header_strings_h=yes
ac_cv_header_sys_fcntl_h=yes
ac_cv_header_sys_ioctl_h=yes
ac_cv_header_sys_limits_h=no
ac_cv_header_sys_param_h=yes
ac_cv_header_sys_resource_h=yes
ac_cv_header_sys_socket_h=yes
ac_cv_header_sys_stat_h=yes
ac_cv_header_sys_time_h=yes
ac_cv_header_sys_types_h=yes
ac_cv_header_sys_utime_h=no
ac_cv_header_sys_wait_h=yes
ac_cv_header_syslog_h=yes
ac_cv_header_time_h=yes
ac_cv_header_unistd_h=yes
ac_cv_header_utime_h=yes
ac_cv_header_zlib_h=yes
ac_cv_host=i686-pc-linux-gnu
ac_cv_host_alias=i686-pc-linux-gnu
ac_cv_libevent_dir='(system)'
ac_cv_libevent_linker_option='(none)'
ac_cv_member_struct_timeval_tv_sec=yes
ac_cv_objext=o
ac_cv_openssl_dir='(system)'
ac_cv_openssl_linker_option='(none)'
ac_cv_path_install='/usr/bin/install -c'
ac_cv_prog_CPP='gcc -E'
ac_cv_prog_ac_ct_CC=gcc
ac_cv_prog_ac_ct_RANLIB=ranlib
ac_cv_prog_cc_g=yes
ac_cv_prog_cc_stdc=
ac_cv_prog_egrep='grep -E'
ac_cv_prog_make_make_set=yes
ac_cv_search_dlopen=-ldl
ac_cv_search_gethostbyname='none required'
ac_cv_search_pthread_create=-lpthread
ac_cv_search_pthread_detach='none required'
ac_cv_search_socket='none required'
ac_cv_sizeof___int64=0
ac_cv_sizeof_cell_t=0
ac_cv_sizeof_char=1
ac_cv_sizeof_int=4
ac_cv_sizeof_int16_t=2
ac_cv_sizeof_int32_t=4
ac_cv_sizeof_int64_t=8
ac_cv_sizeof_int8_t=1
ac_cv_sizeof_intptr_t=4
ac_cv_sizeof_long=4
ac_cv_sizeof_long_long=8
ac_cv_sizeof_short=2
ac_cv_sizeof_socklen_t=4
ac_cv_sizeof_time_t=4
ac_cv_sizeof_uint16_t=2
ac_cv_sizeof_uint32_t=4
ac_cv_sizeof_uint64_t=8
ac_cv_sizeof_uint8_t=1
ac_cv_sizeof_uintptr_t=4
ac_cv_sizeof_void_p=4
ac_cv_sys_file_offset_bits=64
ac_cv_sys_large_files=no
ac_cv_sys_largefile_CC=no
ac_cv_sys_largefile_source=1
ac_cv_type___int64=no
ac_cv_type_cell_t=no
ac_cv_type_char=yes
ac_cv_type_int=yes
ac_cv_type_int16_t=yes
ac_cv_type_int32_t=yes
ac_cv_type_int64_t=yes
ac_cv_type_int8_t=yes
ac_cv_type_intptr_t=yes
ac_cv_type_long=yes
ac_cv_type_long_long=yes
ac_cv_type_short=yes
ac_cv_type_socklen_t=yes
ac_cv_type_time_t=yes
ac_cv_type_uint16_t=yes
ac_cv_type_uint32_t=yes
ac_cv_type_uint64_t=yes
ac_cv_type_uint8_t=yes
ac_cv_type_uintptr_t=yes
ac_cv_type_void_p=yes
tor_cv_null_is_zero=yes
tor_cv_time_t_signed=yes
tor_cv_unaligned_ok=yes

## ----------------- ##
## Output variables. ##
## ----------------- ##

ACLOCAL='aclocal-1.4'
AUTOCONF='autoconf'
AUTOHEADER='autoheader'
AUTOMAKE='automake-1.4'
BINDIR='/data/Data/projekte/DilloTor/tor-0.1.1.23/binary/bin'
CC='gcc'
CFLAGS='-g -O2 -Wall -g -O2'
CONFDIR='/data/Data/projekte/DilloTor/tor-0.1.1.23/binary/etc/tor'
CPP='gcc -E'
CPPFLAGS=''
DEFS='-DHAVE_CONFIG_H'
ECHO_C=''
ECHO_N='-n'
ECHO_T=''
EGREP='grep -E'
EXEEXT=''
INSTALL_DATA='${INSTALL} -m 644'
INSTALL_PROGRAM='${INSTALL}'
INSTALL_SCRIPT='${INSTALL}'
LDFLAGS=''
LIBOBJS=''
LIBS='-lpthread -ldl  -levent -lssl -lcrypto'
LOCALSTATEDIR='/data/Data/projekte/DilloTor/tor-0.1.1.23/binary/var'
LOGFACILITY=''
LTLIBOBJS=''
MAKEINFO='/data/Data/projekte/DilloTor/tor-0.1.1.23/missing makeinfo'
OBJEXT='o'
PACKAGE='tor'
PACKAGE_BUGREPORT=''
PACKAGE_NAME=''
PACKAGE_STRING=''
PACKAGE_TARNAME=''
PACKAGE_VERSION=''
PATH_SEPARATOR=':'
RANLIB='ranlib'
SET_MAKE=''
SHELL='/bin/sh'
TORGROUP='_tor'
TORUSER='_tor'
VERSION='0.1.1.23'
ac_ct_CC='gcc'
ac_ct_RANLIB='ranlib'
bindir='/data/Data/projekte/DilloTor/tor-0.1.1.23/binary/bin'
build='i686-pc-linux-gnu'
build_alias=''
build_cpu='i686'
build_os='linux-gnu'
build_vendor='pc'
datadir='${prefix}/share'
exec_prefix='/data/Data/projekte/DilloTor/tor-0.1.1.23/binary'
host='i686-pc-linux-gnu'
host_alias=''
host_cpu='i686'
host_os='linux-gnu'
host_vendor='pc'
includedir='${prefix}/include'
infodir='${prefix}/info'
libdir='${exec_prefix}/lib'
libexecdir='${exec_prefix}/libexec'
localstatedir='${prefix}/var'
mandir='${prefix}/man'
oldincludedir='/usr/include'
prefix='/data/Data/projekte/DilloTor/tor-0.1.1.23/binary'
program_transform_name='s,x,x,'
sbindir='${exec_prefix}/sbin'
sharedstatedir='${prefix}/com'
sysconfdir='${prefix}/etc'
target_alias=''

## ----------- ##
## confdefs.h. ##
## ----------- ##

#define CONFDIR
#define CONFDIR "/data/Data/projekte/DilloTor/tor-0.1.1.23/binary/etc/tor"
#define ENABLE_THREADS 1
#define HAVE_ARPA_INET_H 1
#define HAVE_ARPA_INET_H 1
#define HAVE_ASSERT_H 1
#define HAVE_CTYPE_H 1
#define HAVE_ERRNO_H 1
#define HAVE_EVENT_GET_METHOD 1
#define HAVE_EVENT_GET_VERSION 1
#define HAVE_EVENT_H 1
#define HAVE_EVENT_SET_LOG_CALLBACK 1
#define HAVE_FCNTL_H 1
#define HAVE_FSEEKO 1
#define HAVE_FTELLO 1
#define HAVE_FTIME 1
#define HAVE_GETADDRINFO 1
#define HAVE_GETHOSTBYNAME_R 1
#define HAVE_GETHOSTBYNAME_R_6_ARG 1
#define HAVE_GETPWNAM 1
#define HAVE_GETPWUID 1
#define HAVE_GETRLIMIT 1
#define HAVE_GETTIMEOFDAY 1
#define HAVE_GMTIME_R 1
#define HAVE_GRP_H 1
#define HAVE_INET_ATON 1
#define HAVE_INTTYPES_H 1
#define HAVE_INTTYPES_H 1
#define HAVE_INTTYPES_H 1
#define HAVE_LOCALTIME_R 1
#define HAVE_MACRO__FUNCTION__ 1
#define HAVE_MACRO__func__ 1
#define HAVE_MEMMEM 1
#define HAVE_MEMORY_H 1
#define HAVE_NETDB_H 1
#define HAVE_NETINET_IN_H 1
#define HAVE_NETINET_IN_H 1
#define HAVE_PTHREAD_CREATE 1
#define HAVE_PTHREAD_H 1
#define HAVE_PWD_H 1
#define HAVE_SETRLIMIT 1
#define HAVE_SIGNAL_H 1
#define HAVE_SOCKETPAIR 1
#define HAVE_STDDEF_H 1
#define HAVE_STDINT_H 1
#define HAVE_STDINT_H 1
#define HAVE_STDLIB_H 1
#define HAVE_STRINGS_H 1
#define HAVE_STRING_H 1
#define HAVE_STRING_H 1
#define HAVE_STRPTIME 1
#define HAVE_STRTOULL 1
#define HAVE_STRUCT_TIMEVAL_TV_SEC 1
#define HAVE_SYSLOG_H 1
#define HAVE_SYS_FCNTL_H 1
#define HAVE_SYS_IOCTL_H 1
#define HAVE_SYS_PARAM_H 1
#define HAVE_SYS_RESOURCE_H 1
#define HAVE_SYS_SOCKET_H 1
#define HAVE_SYS_STAT_H 1
#define HAVE_SYS_STAT_H 1
#define HAVE_SYS_TIME_H 1
#define HAVE_SYS_TIME_H 1
#define HAVE_SYS_TYPES_H 1
#define HAVE_SYS_TYPES_H 1
#define HAVE_SYS_TYPES_H 1
#define HAVE_SYS_WAIT_H 1
#define HAVE_TIME_H 1
#define HAVE_UNAME 1
#define HAVE_UNISTD_H 1
#define HAVE_UNISTD_H 1
#define HAVE_UTIME_H 1
#define HAVE_ZLIB_H 1
#define LOCALSTATEDIR
#define LOCALSTATEDIR "/data/Data/projekte/DilloTor/tor-0.1.1.23/binary/var"
#define LOGFACILITY LOG_DAEMON
#define NULL_REP_IS_ZERO_BYTES 1
#define PACKAGE "tor"
#define PACKAGE_BUGREPORT ""
#define PACKAGE_NAME ""
#define PACKAGE_STRING ""
#define PACKAGE_TARNAME ""
#define PACKAGE_VERSION ""
#define SIZEOF_CELL_T 0
#define SIZEOF_CHAR 1
#define SIZEOF_INT 4
#define SIZEOF_INT16_T 2
#define SIZEOF_INT32_T 4
#define SIZEOF_INT64_T 8
#define SIZEOF_INT8_T 1
#define SIZEOF_INTPTR_T 4
#define SIZEOF_LONG 4
#define SIZEOF_LONG_LONG 8
#define SIZEOF_SHORT 2
#define SIZEOF_SOCKLEN_T 4
#define SIZEOF_TIME_T 4
#define SIZEOF_UINT16_T 2
#define SIZEOF_UINT32_T 4
#define SIZEOF_UINT64_T 8
#define SIZEOF_UINT8_T 1
#define SIZEOF_UINTPTR_T 4
#define SIZEOF_VOID_P 4
#define SIZEOF___INT64 0
#define STDC_HEADERS 1
#define TIME_T_IS_SIGNED 1
#define UNALIGNED_INT_ACCESS_OK 1
#define VERSION "0.1.1.23"
#define _FILE_OFFSET_BITS 64
#define _LARGEFILE_SOURCE 1

configure: exit 0
