This file contains any messages produced by compilers while
running configure, to aid debugging if configure makes a mistake.

It was created by configure, which was
generated by GNU Autoconf 2.59.  Invocation command line was

  $ ./configure prefix=/usr/src/TorPark/privoxy --enable-static

## --------- ##
## Platform. ##
## --------- ##

hostname = hawkeye
uname -m = i686
uname -r = 2.6.12-9-386
uname -s = Linux
uname -v = #1 Mon Oct 10 13:14:36 BST 2005

/usr/bin/uname -p = unknown
/bin/uname -X     = unknown

/bin/arch              = i686
/usr/bin/arch -k       = unknown
/usr/convex/getsysinfo = unknown
hostinfo               = unknown
/bin/machine           = unknown
/usr/bin/oslevel       = unknown
/bin/universe          = unknown

PATH: /usr/local/bin
PATH: /usr/local/sbin
PATH: /sbin
PATH: /usr/sbin
PATH: /bin
PATH: /usr/bin
PATH: /usr/bin/X11
PATH: /usr/games


## ----------- ##
## Core tests. ##
## ----------- ##

configure:1377: checking build system type
configure:1395: result: i686-pc-linux-gnu
configure:1403: checking host system type
configure:1417: result: i686-pc-linux-gnu
configure:1536: checking for gcc
configure:1552: found /usr/bin/gcc
configure:1562: result: gcc
configure:1806: checking for C compiler version
configure:1809: gcc --version </dev/null >&5
gcc (GCC) 3.4.5 20050809 (prerelease) (Ubuntu 3.4.4-6ubuntu8)
Copyright (C) 2004 Free Software Foundation, Inc.
This is free software; see the source for copying conditions.  There is NO
warranty; not even for MERCHANTABILITY or FITNESS FOR A PARTICULAR PURPOSE.

configure:1812: $? = 0
configure:1814: gcc -v </dev/null >&5
Reading specs from /usr/lib/gcc/i486-linux-gnu/3.4.5/specs
Configured with: ../src/configure -v --enable-languages=c,c++,f77,pascal,objc,ada --prefix=/usr --libexecdir=/usr/lib --with-gxx-include-dir=/usr/include/c++/3.4 --enable-shared --with-system-zlib --enable-nls --without-included-gettext --program-suffix=-3.4 --enable-__cxa_atexit --enable-libstdcxx-allocator=mt --enable-clocale=gnu --enable-libstdcxx-debug i486-linux-gnu
Thread model: posix
gcc version 3.4.5 20050809 (prerelease) (Ubuntu 3.4.4-6ubuntu8)
configure:1817: $? = 0
configure:1819: gcc -V </dev/null >&5
gcc: `-V' option must have argument
configure:1822: $? = 1
configure:1845: checking for C compiler default output file name
configure:1848: gcc     conftest.c  >&5
configure:1851: $? = 0
configure:1897: result: a.out
configure:1902: checking whether the C compiler works
configure:1908: ./a.out
configure:1911: $? = 0
configure:1928: result: yes
configure:1935: checking whether we are cross compiling
configure:1937: result: no
configure:1940: checking for suffix of executables
configure:1942: gcc -o conftest     conftest.c  >&5
configure:1945: $? = 0
configure:1970: result: 
configure:1976: checking for suffix of object files
configure:1997: gcc -c    conftest.c >&5
configure:2000: $? = 0
configure:2022: result: o
configure:2026: checking whether we are using the GNU C compiler
configure:2050: gcc -c    conftest.c >&5
configure:2056: $? = 0
configure:2059: test -z 			 || test ! -s conftest.err
configure:2062: $? = 0
configure:2065: test -s conftest.o
configure:2068: $? = 0
configure:2081: result: yes
configure:2087: checking whether gcc accepts -g
configure:2108: gcc -c -g  conftest.c >&5
configure:2114: $? = 0
configure:2117: test -z 			 || test ! -s conftest.err
configure:2120: $? = 0
configure:2123: test -s conftest.o
configure:2126: $? = 0
configure:2137: result: yes
configure:2154: checking for gcc option to accept ANSI C
configure:2224: gcc  -c    conftest.c >&5
configure:2230: $? = 0
configure:2233: test -z 			 || test ! -s conftest.err
configure:2236: $? = 0
configure:2239: test -s conftest.o
configure:2242: $? = 0
configure:2260: result: none needed
configure:2278: gcc -c    conftest.c >&5
conftest.c:2: error: parse error before "me"
configure:2284: $? = 1
configure: failed program was:
| #ifndef __cplusplus
|   choke me
| #endif
configure:2419: checking how to run the C preprocessor
configure:2454: gcc -E  conftest.c
configure:2460: $? = 0
configure:2492: gcc -E  conftest.c
conftest.c:14:28: ac_nonexistent.h: No such file or directory
configure:2498: $? = 1
configure: failed program was:
| /* confdefs.h.  */
| 
| #define PACKAGE_NAME ""
| #define PACKAGE_TARNAME ""
| #define PACKAGE_VERSION ""
| #define PACKAGE_STRING ""
| #define PACKAGE_BUGREPORT ""
| #define VERSION_MAJOR 3
| #define VERSION_MINOR 0
| #define VERSION_POINT 3
| #define VERSION "3.0.3"
| #define CODE_STATUS "stable"
| /* end confdefs.h.  */
| #include <ac_nonexistent.h>
configure:2537: result: gcc -E
configure:2561: gcc -E  conftest.c
configure:2567: $? = 0
configure:2599: gcc -E  conftest.c
conftest.c:14:28: ac_nonexistent.h: No such file or directory
configure:2605: $? = 1
configure: failed program was:
| /* confdefs.h.  */
| 
| #define PACKAGE_NAME ""
| #define PACKAGE_TARNAME ""
| #define PACKAGE_VERSION ""
| #define PACKAGE_STRING ""
| #define PACKAGE_BUGREPORT ""
| #define VERSION_MAJOR 3
| #define VERSION_MINOR 0
| #define VERSION_POINT 3
| #define VERSION "3.0.3"
| #define CODE_STATUS "stable"
| /* end confdefs.h.  */
| #include <ac_nonexistent.h>
configure:2661: checking for a BSD-compatible install
configure:2716: result: /usr/bin/install -c
configure:2727: checking whether ln -s works
configure:2731: result: yes
configure:2738: checking whether make sets $(MAKE)
configure:2758: result: yes
configure:2771: checking for gawk
configure:2800: result: no
configure:2771: checking for mawk
configure:2787: found /usr/bin/mawk
configure:2797: result: mawk
configure:2810: checking for gdb
configure:2826: found /usr/bin/gdb
configure:2837: result: yes
configure:2846: checking for groups
configure:2865: found /usr/bin/groups
configure:2878: result: /usr/bin/groups
configure:2887: checking for id
configure:2906: found /usr/bin/id
configure:2919: result: /usr/bin/id
configure:2970: WARNING: There is no user 'privoxy' on this system
configure:2973: checking for user
configure:3010: result: none specified
configure:3019: checking for group
configure:3064: result: none specified
configure:3147: checking for w3m
configure:3163: found /usr/bin/w3m
configure:3173: result: w3m
configure:3194: checking for db2html
configure:3223: result: no
configure:3194: checking for docbook2html
configure:3223: result: no
configure:3240: checking for rpm
configure:3269: result: no
configure:3289: checking for jade
configure:3318: result: no
configure:3289: checking for openjade
configure:3318: result: no
configure:3332: checking for man2html
configure:3361: result: no
configure:3385: checking for /usr/share/sgml/docbook/dsssl-stylesheets
configure:3385: checking for /usr/share/sgml/docbkdsl
configure:3385: checking for /usr/share/sgml/docbook-dsssl
configure:3385: checking for /usr/local/share/sgml/docbook/dsssl/modular
configure:3385: checking for /usr/share/sgml/docbook/stylesheet/dsssl/modular/
configure:3403: checking for /usr/share/sgml/CATALOG.docbk30
configure:3403: checking for /usr/share/sgml/CATALOG.docbk31
configure:3403: checking for /usr/share/sgml/CATALOG.docbk31
configure:3403: checking for /usr/local/share/sgml/docbook/3.0/docbook.cat
configure:3403: checking for /usr/local/share/sgml/docbook/3.1/docbook.cat
configure:3403: checking for /usr/share/sgml/docbook/dtd/3.1/docbook.cat
configure:3429: checking for egrep
configure:3439: result: grep -E
configure:3444: checking for ANSI C header files
configure:3469: gcc -c -pipe -O2   conftest.c 1>&5
configure:3475: $? = 0
configure:3478: test -z 			 || test ! -s conftest.err
configure:3481: $? = 0
configure:3484: test -s conftest.o
configure:3487: $? = 0
configure:3576: gcc -o conftest -pipe -O2    conftest.c  1>&5
configure:3579: $? = 0
configure:3581: ./conftest
configure:3584: $? = 0
configure:3599: result: yes
configure:3623: checking for sys/types.h
configure:3639: gcc -c -pipe -O2   conftest.c 1>&5
configure:3645: $? = 0
configure:3648: test -z 			 || test ! -s conftest.err
configure:3651: $? = 0
configure:3654: test -s conftest.o
configure:3657: $? = 0
configure:3668: result: yes
configure:3623: checking for sys/stat.h
configure:3639: gcc -c -pipe -O2   conftest.c 1>&5
configure:3645: $? = 0
configure:3648: test -z 			 || test ! -s conftest.err
configure:3651: $? = 0
configure:3654: test -s conftest.o
configure:3657: $? = 0
configure:3668: result: yes
configure:3623: checking for stdlib.h
configure:3639: gcc -c -pipe -O2   conftest.c 1>&5
configure:3645: $? = 0
configure:3648: test -z 			 || test ! -s conftest.err
configure:3651: $? = 0
configure:3654: test -s conftest.o
configure:3657: $? = 0
configure:3668: result: yes
configure:3623: checking for string.h
configure:3639: gcc -c -pipe -O2   conftest.c 1>&5
configure:3645: $? = 0
configure:3648: test -z 			 || test ! -s conftest.err
configure:3651: $? = 0
configure:3654: test -s conftest.o
configure:3657: $? = 0
configure:3668: result: yes
configure:3623: checking for memory.h
configure:3639: gcc -c -pipe -O2   conftest.c 1>&5
configure:3645: $? = 0
configure:3648: test -z 			 || test ! -s conftest.err
configure:3651: $? = 0
configure:3654: test -s conftest.o
configure:3657: $? = 0
configure:3668: result: yes
configure:3623: checking for strings.h
configure:3639: gcc -c -pipe -O2   conftest.c 1>&5
configure:3645: $? = 0
configure:3648: test -z 			 || test ! -s conftest.err
configure:3651: $? = 0
configure:3654: test -s conftest.o
configure:3657: $? = 0
configure:3668: result: yes
configure:3623: checking for inttypes.h
configure:3639: gcc -c -pipe -O2   conftest.c 1>&5
configure:3645: $? = 0
configure:3648: test -z 			 || test ! -s conftest.err
configure:3651: $? = 0
configure:3654: test -s conftest.o
configure:3657: $? = 0
configure:3668: result: yes
configure:3623: checking for stdint.h
configure:3639: gcc -c -pipe -O2   conftest.c 1>&5
configure:3645: $? = 0
configure:3648: test -z 			 || test ! -s conftest.err
configure:3651: $? = 0
configure:3654: test -s conftest.o
configure:3657: $? = 0
configure:3668: result: yes
configure:3623: checking for unistd.h
configure:3639: gcc -c -pipe -O2   conftest.c 1>&5
configure:3645: $? = 0
configure:3648: test -z 			 || test ! -s conftest.err
configure:3651: $? = 0
configure:3654: test -s conftest.o
configure:3657: $? = 0
configure:3668: result: yes
configure:3690: checking pthread.h usability
configure:3702: gcc -c -pipe -O2   conftest.c 1>&5
configure:3708: $? = 0
configure:3711: test -z 			 || test ! -s conftest.err
configure:3714: $? = 0
configure:3717: test -s conftest.o
configure:3720: $? = 0
configure:3730: result: yes
configure:3734: checking pthread.h presence
configure:3744: gcc -E   conftest.c
configure:3750: $? = 0
configure:3770: result: yes
configure:3805: checking for pthread.h
configure:3812: result: yes
configure:3861: gcc -o conftest -pipe -O2  -pthread   conftest.c  1>&5
configure:3867: $? = 0
configure:3870: test -z 			 || test ! -s conftest.err
configure:3873: $? = 0
configure:3876: test -s conftest
configure:3879: $? = 0
configure:3906: checking for gethostbyname in -lnsl
configure:3936: gcc -o conftest -pipe -O2    conftest.c -lnsl   1>&5
configure:3942: $? = 0
configure:3945: test -z 			 || test ! -s conftest.err
configure:3948: $? = 0
configure:3951: test -s conftest
configure:3954: $? = 0
configure:3967: result: yes
configure:3979: checking for gethostbyaddr_r
configure:4036: gcc -o conftest -pipe -O2    conftest.c -lnsl  1>&5
configure:4042: $? = 0
configure:4045: test -z 			 || test ! -s conftest.err
configure:4048: $? = 0
configure:4051: test -s conftest
configure:4054: $? = 0
configure:4066: result: yes
configure:4070: checking signature of gethostbyaddr_r
configure:4095: gcc -c -pipe -O2   conftest.c 1>&5
configure:4101: $? = 0
configure:4104: test -z 			 || test ! -s conftest.err
configure:4107: $? = 0
configure:4110: test -s conftest.o
configure:4113: $? = 0
configure:4120: result: 8 args
configure:4261: checking for gethostbyname_r
configure:4318: gcc -o conftest -pipe -O2    conftest.c -lnsl  1>&5
configure:4324: $? = 0
configure:4327: test -z 			 || test ! -s conftest.err
configure:4330: $? = 0
configure:4333: test -s conftest
configure:4336: $? = 0
configure:4348: result: yes
configure:4352: checking signature of gethostbyname_r
configure:4377: gcc -c -pipe -O2   conftest.c 1>&5
configure:4383: $? = 0
configure:4386: test -z 			 || test ! -s conftest.err
configure:4389: $? = 0
configure:4392: test -s conftest.o
configure:4395: $? = 0
configure:4402: result: 6 args
configure:4542: checking for gmtime_r
configure:4599: gcc -o conftest -pipe -O2    conftest.c -lnsl  1>&5
configure:4605: $? = 0
configure:4608: test -z 			 || test ! -s conftest.err
configure:4611: $? = 0
configure:4614: test -s conftest
configure:4617: $? = 0
configure:4629: result: yes
configure:4633: checking signature of gmtime_r
configure:4657: gcc -c -pipe -O2   conftest.c 1>&5
conftest.c: In function `main':
conftest.c:37: warning: passing arg 1 of `gmtime_r' from incompatible pointer type
configure:4663: $? = 0
configure:4666: test -z 			 || test ! -s conftest.err
configure:4669: $? = 0
configure:4672: test -s conftest.o
configure:4675: $? = 0
configure:4678: result: ok
configure:4704: checking for localtime_r
configure:4761: gcc -o conftest -pipe -O2    conftest.c -lnsl  1>&5
configure:4767: $? = 0
configure:4770: test -z 			 || test ! -s conftest.err
configure:4773: $? = 0
configure:4776: test -s conftest
configure:4779: $? = 0
configure:4791: result: yes
configure:4795: checking signature of localtime_r
configure:4819: gcc -c -pipe -O2   conftest.c 1>&5
conftest.c: In function `main':
conftest.c:38: warning: passing arg 1 of `localtime_r' from incompatible pointer type
configure:4825: $? = 0
configure:4828: test -z 			 || test ! -s conftest.err
configure:4831: $? = 0
configure:4834: test -s conftest.o
configure:4837: $? = 0
configure:4840: result: ok
configure:4891: checking for socklen_t
configure:4904: result: yes
configure:4952: checking for ANSI C header files
configure:5107: result: yes
configure:5125: checking for dirent.h that defines DIR
configure:5149: gcc -c -pipe -O2   conftest.c 1>&5
configure:5155: $? = 0
configure:5158: test -z 			 || test ! -s conftest.err
configure:5161: $? = 0
configure:5164: test -s conftest.o
configure:5167: $? = 0
configure:5178: result: yes
configure:5191: checking for library containing opendir
configure:5221: gcc -o conftest -pipe -O2    conftest.c -lnsl  1>&5
configure:5227: $? = 0
configure:5230: test -z 			 || test ! -s conftest.err
configure:5233: $? = 0
configure:5236: test -s conftest
configure:5239: $? = 0
configure:5308: result: none required
configure:5442: checking for an ANSI C-conforming const
configure:5509: gcc -c -pipe -O2   conftest.c 1>&5
configure:5515: $? = 0
configure:5518: test -z 			 || test ! -s conftest.err
configure:5521: $? = 0
configure:5524: test -s conftest.o
configure:5527: $? = 0
configure:5538: result: yes
configure:5548: checking for size_t
configure:5572: gcc -c -pipe -O2   conftest.c 1>&5
configure:5578: $? = 0
configure:5581: test -z 			 || test ! -s conftest.err
configure:5584: $? = 0
configure:5587: test -s conftest.o
configure:5590: $? = 0
configure:5601: result: yes
configure:5613: checking for pid_t
configure:5637: gcc -c -pipe -O2   conftest.c 1>&5
configure:5643: $? = 0
configure:5646: test -z 			 || test ! -s conftest.err
configure:5649: $? = 0
configure:5652: test -s conftest.o
configure:5655: $? = 0
configure:5666: result: yes
configure:5678: checking whether time.h and sys/time.h may both be included
configure:5703: gcc -c -pipe -O2   conftest.c 1>&5
configure:5709: $? = 0
configure:5712: test -z 			 || test ! -s conftest.err
configure:5715: $? = 0
configure:5718: test -s conftest.o
configure:5721: $? = 0
configure:5732: result: yes
configure:5742: checking whether struct tm is in sys/time.h or time.h
configure:5765: gcc -c -pipe -O2   conftest.c 1>&5
configure:5771: $? = 0
configure:5774: test -z 			 || test ! -s conftest.err
configure:5777: $? = 0
configure:5780: test -s conftest.o
configure:5783: $? = 0
configure:5794: result: time.h
configure:5804: checking for int
configure:5828: gcc -c -pipe -O2   conftest.c 1>&5
configure:5834: $? = 0
configure:5837: test -z 			 || test ! -s conftest.err
configure:5840: $? = 0
configure:5843: test -s conftest.o
configure:5846: $? = 0
configure:5857: result: yes
configure:5860: checking size of int
configure:6172: gcc -o conftest -pipe -O2    conftest.c -lnsl  1>&5
configure:6175: $? = 0
configure:6177: ./conftest
configure:6180: $? = 0
configure:6203: result: 4
configure:6210: checking for char *
configure:6234: gcc -c -pipe -O2   conftest.c 1>&5
configure:6240: $? = 0
configure:6243: test -z 			 || test ! -s conftest.err
configure:6246: $? = 0
configure:6249: test -s conftest.o
configure:6252: $? = 0
configure:6263: result: yes
configure:6266: checking size of char *
configure:6578: gcc -o conftest -pipe -O2    conftest.c -lnsl  1>&5
configure:6581: $? = 0
configure:6583: ./conftest
configure:6586: $? = 0
configure:6609: result: 4
configure:6616: checking for long
configure:6640: gcc -c -pipe -O2   conftest.c 1>&5
configure:6646: $? = 0
configure:6649: test -z 			 || test ! -s conftest.err
configure:6652: $? = 0
configure:6655: test -s conftest.o
configure:6658: $? = 0
configure:6669: result: yes
configure:6672: checking size of long
configure:6984: gcc -o conftest -pipe -O2    conftest.c -lnsl  1>&5
configure:6987: $? = 0
configure:6989: ./conftest
configure:6992: $? = 0
configure:7015: result: 4
configure:7022: checking for long long
configure:7046: gcc -c -pipe -O2   conftest.c 1>&5
configure:7052: $? = 0
configure:7055: test -z 			 || test ! -s conftest.err
configure:7058: $? = 0
configure:7061: test -s conftest.o
configure:7064: $? = 0
configure:7075: result: yes
configure:7078: checking size of long long
configure:7390: gcc -o conftest -pipe -O2    conftest.c -lnsl  1>&5
configure:7393: $? = 0
configure:7395: ./conftest
configure:7398: $? = 0
configure:7421: result: 8
configure:7428: checking for size_t
configure:7481: result: yes
configure:7484: checking size of size_t
configure:7796: gcc -o conftest -pipe -O2    conftest.c -lnsl  1>&5
configure:7799: $? = 0
configure:7801: ./conftest
configure:7804: $? = 0
configure:7827: result: 4
configure:7865: checking OS.h usability
configure:7877: gcc -c -pipe -O2   conftest.c 1>&5
conftest.c:72:16: OS.h: No such file or directory
configure:7883: $? = 1
configure: failed program was:
| /* confdefs.h.  */
| 
| #define PACKAGE_NAME ""
| #define PACKAGE_TARNAME ""
| #define PACKAGE_VERSION ""
| #define PACKAGE_STRING ""
| #define PACKAGE_BUGREPORT ""
| #define VERSION_MAJOR 3
| #define VERSION_MINOR 0
| #define VERSION_POINT 3
| #define VERSION "3.0.3"
| #define CODE_STATUS "stable"
| #define STDC_HEADERS 1
| #define HAVE_SYS_TYPES_H 1
| #define HAVE_SYS_STAT_H 1
| #define HAVE_STDLIB_H 1
| #define HAVE_STRING_H 1
| #define HAVE_MEMORY_H 1
| #define HAVE_STRINGS_H 1
| #define HAVE_INTTYPES_H 1
| #define HAVE_STDINT_H 1
| #define HAVE_UNISTD_H 1
| #define FEATURE_PTHREAD 1
| #define HAVE_LIBNSL 1
| #define HAVE_GETHOSTBYADDR_R_8_ARGS 1
| #define HAVE_GETHOSTBYNAME_R_6_ARGS 1
| #define HAVE_GMTIME_R 1
| #define HAVE_LOCALTIME_R 1
| #define STDC_HEADERS 1
| #define HAVE_DIRENT_H 1
| #define TIME_WITH_SYS_TIME 1
| #define SIZEOF_INT 4
| #define SIZEOF_CHAR_P 4
| #define SIZEOF_LONG 4
| #define SIZEOF_LONG_LONG 8
| #define SIZEOF_SIZE_T 4
| /* end confdefs.h.  */
| #include <stdio.h>
| #if HAVE_SYS_TYPES_H
| # include <sys/types.h>
| #endif
| #if HAVE_SYS_STAT_H
| # include <sys/stat.h>
| #endif
| #if STDC_HEADERS
| # include <stdlib.h>
| # include <stddef.h>
| #else
| # if HAVE_STDLIB_H
| #  include <stdlib.h>
| # endif
| #endif
| #if HAVE_STRING_H
| # if !STDC_HEADERS && HAVE_MEMORY_H
| #  include <memory.h>
| # endif
| # include <string.h>
| #endif
| #if HAVE_STRINGS_H
| # include <strings.h>
| #endif
| #if HAVE_INTTYPES_H
| # include <inttypes.h>
| #else
| # if HAVE_STDINT_H
| #  include <stdint.h>
| # endif
| #endif
| #if HAVE_UNISTD_H
| # include <unistd.h>
| #endif
| #include <OS.h>
configure:7905: result: no
configure:7909: checking OS.h presence
configure:7919: gcc -E  -pthread conftest.c
conftest.c:38:16: OS.h: No such file or directory
configure:7925: $? = 1
configure: failed program was:
| /* confdefs.h.  */
| 
| #define PACKAGE_NAME ""
| #define PACKAGE_TARNAME ""
| #define PACKAGE_VERSION ""
| #define PACKAGE_STRING ""
| #define PACKAGE_BUGREPORT ""
| #define VERSION_MAJOR 3
| #define VERSION_MINOR 0
| #define VERSION_POINT 3
| #define VERSION "3.0.3"
| #define CODE_STATUS "stable"
| #define STDC_HEADERS 1
| #define HAVE_SYS_TYPES_H 1
| #define HAVE_SYS_STAT_H 1
| #define HAVE_STDLIB_H 1
| #define HAVE_STRING_H 1
| #define HAVE_MEMORY_H 1
| #define HAVE_STRINGS_H 1
| #define HAVE_INTTYPES_H 1
| #define HAVE_STDINT_H 1
| #define HAVE_UNISTD_H 1
| #define FEATURE_PTHREAD 1
| #define HAVE_LIBNSL 1
| #define HAVE_GETHOSTBYADDR_R_8_ARGS 1
| #define HAVE_GETHOSTBYNAME_R_6_ARGS 1
| #define HAVE_GMTIME_R 1
| #define HAVE_LOCALTIME_R 1
| #define STDC_HEADERS 1
| #define HAVE_DIRENT_H 1
| #define TIME_WITH_SYS_TIME 1
| #define SIZEOF_INT 4
| #define SIZEOF_CHAR_P 4
| #define SIZEOF_LONG 4
| #define SIZEOF_LONG_LONG 8
| #define SIZEOF_SIZE_T 4
| /* end confdefs.h.  */
| #include <OS.h>
configure:7945: result: no
configure:7980: checking for OS.h
configure:7987: result: no
configure:7865: checking arpa/inet.h usability
configure:7877: gcc -c -pipe -O2   conftest.c 1>&5
configure:7883: $? = 0
configure:7886: test -z 			 || test ! -s conftest.err
configure:7889: $? = 0
configure:7892: test -s conftest.o
configure:7895: $? = 0
configure:7905: result: yes
configure:7909: checking arpa/inet.h presence
configure:7919: gcc -E  -pthread conftest.c
configure:7925: $? = 0
configure:7945: result: yes
configure:7980: checking for arpa/inet.h
configure:7987: result: yes
configure:7865: checking errno.h usability
configure:7877: gcc -c -pipe -O2   conftest.c 1>&5
configure:7883: $? = 0
configure:7886: test -z 			 || test ! -s conftest.err
configure:7889: $? = 0
configure:7892: test -s conftest.o
configure:7895: $? = 0
configure:7905: result: yes
configure:7909: checking errno.h presence
configure:7919: gcc -E  -pthread conftest.c
configure:7925: $? = 0
configure:7945: result: yes
configure:7980: checking for errno.h
configure:7987: result: yes
configure:7865: checking fcntl.h usability
configure:7877: gcc -c -pipe -O2   conftest.c 1>&5
configure:7883: $? = 0
configure:7886: test -z 			 || test ! -s conftest.err
configure:7889: $? = 0
configure:7892: test -s conftest.o
configure:7895: $? = 0
configure:7905: result: yes
configure:7909: checking fcntl.h presence
configure:7919: gcc -E  -pthread conftest.c
configure:7925: $? = 0
configure:7945: result: yes
configure:7980: checking for fcntl.h
configure:7987: result: yes
configure:7865: checking limits.h usability
configure:7877: gcc -c -pipe -O2   conftest.c 1>&5
configure:7883: $? = 0
configure:7886: test -z 			 || test ! -s conftest.err
configure:7889: $? = 0
configure:7892: test -s conftest.o
configure:7895: $? = 0
configure:7905: result: yes
configure:7909: checking limits.h presence
configure:7919: gcc -E  -pthread conftest.c
configure:7925: $? = 0
configure:7945: result: yes
configure:7980: checking for limits.h
configure:7987: result: yes
configure:7865: checking locale.h usability
configure:7877: gcc -c -pipe -O2   conftest.c 1>&5
configure:7883: $? = 0
configure:7886: test -z 			 || test ! -s conftest.err
configure:7889: $? = 0
configure:7892: test -s conftest.o
configure:7895: $? = 0
configure:7905: result: yes
configure:7909: checking locale.h presence
configure:7919: gcc -E  -pthread conftest.c
configure:7925: $? = 0
configure:7945: result: yes
configure:7980: checking for locale.h
configure:7987: result: yes
configure:7865: checking netdb.h usability
configure:7877: gcc -c -pipe -O2   conftest.c 1>&5
configure:7883: $? = 0
configure:7886: test -z 			 || test ! -s conftest.err
configure:7889: $? = 0
configure:7892: test -s conftest.o
configure:7895: $? = 0
configure:7905: result: yes
configure:7909: checking netdb.h presence
configure:7919: gcc -E  -pthread conftest.c
configure:7925: $? = 0
configure:7945: result: yes
configure:7980: checking for netdb.h
configure:7987: result: yes
configure:7865: checking netinet/in.h usability
configure:7877: gcc -c -pipe -O2   conftest.c 1>&5
configure:7883: $? = 0
configure:7886: test -z 			 || test ! -s conftest.err
configure:7889: $? = 0
configure:7892: test -s conftest.o
configure:7895: $? = 0
configure:7905: result: yes
configure:7909: checking netinet/in.h presence
configure:7919: gcc -E  -pthread conftest.c
configure:7925: $? = 0
configure:7945: result: yes
configure:7980: checking for netinet/in.h
configure:7987: result: yes
configure:7865: checking stddef.h usability
configure:7877: gcc -c -pipe -O2   conftest.c 1>&5
configure:7883: $? = 0
configure:7886: test -z 			 || test ! -s conftest.err
configure:7889: $? = 0
configure:7892: test -s conftest.o
configure:7895: $? = 0
configure:7905: result: yes
configure:7909: checking stddef.h presence
configure:7919: gcc -E  -pthread conftest.c
configure:7925: $? = 0
configure:7945: result: yes
configure:7980: checking for stddef.h
configure:7987: result: yes
configure:7856: checking for stdlib.h
configure:7861: result: yes
configure:7856: checking for string.h
configure:7861: result: yes
configure:7865: checking sys/ioctl.h usability
configure:7877: gcc -c -pipe -O2   conftest.c 1>&5
configure:7883: $? = 0
configure:7886: test -z 			 || test ! -s conftest.err
configure:7889: $? = 0
configure:7892: test -s conftest.o
configure:7895: $? = 0
configure:7905: result: yes
configure:7909: checking sys/ioctl.h presence
configure:7919: gcc -E  -pthread conftest.c
configure:7925: $? = 0
configure:7945: result: yes
configure:7980: checking for sys/ioctl.h
configure:7987: result: yes
configure:7865: checking sys/socket.h usability
configure:7877: gcc -c -pipe -O2   conftest.c 1>&5
configure:7883: $? = 0
configure:7886: test -z 			 || test ! -s conftest.err
configure:7889: $? = 0
configure:7892: test -s conftest.o
configure:7895: $? = 0
configure:7905: result: yes
configure:7909: checking sys/socket.h presence
configure:7919: gcc -E  -pthread conftest.c
configure:7925: $? = 0
configure:7945: result: yes
configure:7980: checking for sys/socket.h
configure:7987: result: yes
configure:7865: checking sys/time.h usability
configure:7877: gcc -c -pipe -O2   conftest.c 1>&5
configure:7883: $? = 0
configure:7886: test -z 			 || test ! -s conftest.err
configure:7889: $? = 0
configure:7892: test -s conftest.o
configure:7895: $? = 0
configure:7905: result: yes
configure:7909: checking sys/time.h presence
configure:7919: gcc -E  -pthread conftest.c
configure:7925: $? = 0
configure:7945: result: yes
configure:7980: checking for sys/time.h
configure:7987: result: yes
configure:7865: checking sys/timeb.h usability
configure:7877: gcc -c -pipe -O2   conftest.c 1>&5
configure:7883: $? = 0
configure:7886: test -z 			 || test ! -s conftest.err
configure:7889: $? = 0
configure:7892: test -s conftest.o
configure:7895: $? = 0
configure:7905: result: yes
configure:7909: checking sys/timeb.h presence
configure:7919: gcc -E  -pthread conftest.c
configure:7925: $? = 0
configure:7945: result: yes
configure:7980: checking for sys/timeb.h
configure:7987: result: yes
configure:7865: checking sys/wait.h usability
configure:7877: gcc -c -pipe -O2   conftest.c 1>&5
configure:7883: $? = 0
configure:7886: test -z 			 || test ! -s conftest.err
configure:7889: $? = 0
configure:7892: test -s conftest.o
configure:7895: $? = 0
configure:7905: result: yes
configure:7909: checking sys/wait.h presence
configure:7919: gcc -E  -pthread conftest.c
configure:7925: $? = 0
configure:7945: result: yes
configure:7980: checking for sys/wait.h
configure:7987: result: yes
configure:7856: checking for unistd.h
configure:7861: result: yes
configure:8007: checking for strerror
configure:8064: gcc -o conftest -pipe -O2    conftest.c -lnsl  1>&5
configure:8070: $? = 0
configure:8073: test -z 			 || test ! -s conftest.err
configure:8076: $? = 0
configure:8079: test -s conftest
configure:8082: $? = 0
configure:8094: result: yes
configure:8007: checking for bcopy
configure:8064: gcc -o conftest -pipe -O2    conftest.c -lnsl  1>&5
conftest.c:79: warning: conflicting types for built-in function 'bcopy'
configure:8070: $? = 0
configure:8073: test -z 			 || test ! -s conftest.err
configure:8076: $? = 0
configure:8079: test -s conftest
configure:8082: $? = 0
configure:8094: result: yes
configure:8007: checking for memmove
configure:8064: gcc -o conftest -pipe -O2    conftest.c -lnsl  1>&5
conftest.c:80: warning: conflicting types for built-in function 'memmove'
configure:8070: $? = 0
configure:8073: test -z 			 || test ! -s conftest.err
configure:8076: $? = 0
configure:8079: test -s conftest
configure:8082: $? = 0
configure:8094: result: yes
configure:8105: checking whether gcc needs -traditional
configure:8147: result: no
configure:8154: checking whether setpgrp takes no argument
configure:8186: gcc -o conftest -pipe -O2    conftest.c -lnsl  1>&5
conftest.c: In function `main':
conftest.c:67: error: too many arguments to function `setpgrp'
configure:8189: $? = 1
configure: program exited with status 1
configure: failed program was:
| /* confdefs.h.  */
| 
| #define PACKAGE_NAME ""
| #define PACKAGE_TARNAME ""
| #define PACKAGE_VERSION ""
| #define PACKAGE_STRING ""
| #define PACKAGE_BUGREPORT ""
| #define VERSION_MAJOR 3
| #define VERSION_MINOR 0
| #define VERSION_POINT 3
| #define VERSION "3.0.3"
| #define CODE_STATUS "stable"
| #define STDC_HEADERS 1
| #define HAVE_SYS_TYPES_H 1
| #define HAVE_SYS_STAT_H 1
| #define HAVE_STDLIB_H 1
| #define HAVE_STRING_H 1
| #define HAVE_MEMORY_H 1
| #define HAVE_STRINGS_H 1
| #define HAVE_INTTYPES_H 1
| #define HAVE_STDINT_H 1
| #define HAVE_UNISTD_H 1
| #define FEATURE_PTHREAD 1
| #define HAVE_LIBNSL 1
| #define HAVE_GETHOSTBYADDR_R_8_ARGS 1
| #define HAVE_GETHOSTBYNAME_R_6_ARGS 1
| #define HAVE_GMTIME_R 1
| #define HAVE_LOCALTIME_R 1
| #define STDC_HEADERS 1
| #define HAVE_DIRENT_H 1
| #define TIME_WITH_SYS_TIME 1
| #define SIZEOF_INT 4
| #define SIZEOF_CHAR_P 4
| #define SIZEOF_LONG 4
| #define SIZEOF_LONG_LONG 8
| #define SIZEOF_SIZE_T 4
| #define HAVE_ARPA_INET_H 1
| #define HAVE_ERRNO_H 1
| #define HAVE_FCNTL_H 1
| #define HAVE_LIMITS_H 1
| #define HAVE_LOCALE_H 1
| #define HAVE_NETDB_H 1
| #define HAVE_NETINET_IN_H 1
| #define HAVE_STDDEF_H 1
| #define HAVE_STDLIB_H 1
| #define HAVE_STRING_H 1
| #define HAVE_SYS_IOCTL_H 1
| #define HAVE_SYS_SOCKET_H 1
| #define HAVE_SYS_TIME_H 1
| #define HAVE_SYS_TIMEB_H 1
| #define HAVE_SYS_WAIT_H 1
| #define HAVE_UNISTD_H 1
| #define HAVE_STRERROR 1
| #define HAVE_BCOPY 1
| #define HAVE_MEMMOVE 1
| /* end confdefs.h.  */
| #if HAVE_UNISTD_H
| # include <unistd.h>
| #endif
| 
| int
| main ()
| {
| /* If this system has a BSD-style setpgrp which takes arguments,
|   setpgrp(1, 1) will fail with ESRCH and return -1, in that case
|   exit successfully. */
|   exit (setpgrp (1,1) == -1 ? 0 : 1);
|   ;
|   return 0;
| }
configure:8208: result: yes
configure:8218: checking return type of signal handlers
configure:8249: gcc -c -pipe -O2   conftest.c 1>&5
configure:8255: $? = 0
configure:8258: test -z 			 || test ! -s conftest.err
configure:8261: $? = 0
configure:8264: test -s conftest.o
configure:8267: $? = 0
configure:8278: result: void
configure:8308: checking for atexit
configure:8365: gcc -o conftest -pipe -O2    conftest.c -lnsl  1>&5
configure:8371: $? = 0
configure:8374: test -z 			 || test ! -s conftest.err
configure:8377: $? = 0
configure:8380: test -s conftest
configure:8383: $? = 0
configure:8395: result: yes
configure:8308: checking for getcwd
configure:8365: gcc -o conftest -pipe -O2    conftest.c -lnsl  1>&5
configure:8371: $? = 0
configure:8374: test -z 			 || test ! -s conftest.err
configure:8377: $? = 0
configure:8380: test -s conftest
configure:8383: $? = 0
configure:8395: result: yes
configure:8308: checking for gethostbyaddr
configure:8365: gcc -o conftest -pipe -O2    conftest.c -lnsl  1>&5
configure:8371: $? = 0
configure:8374: test -z 			 || test ! -s conftest.err
configure:8377: $? = 0
configure:8380: test -s conftest
configure:8383: $? = 0
configure:8395: result: yes
configure:8308: checking for gethostbyname
configure:8365: gcc -o conftest -pipe -O2    conftest.c -lnsl  1>&5
configure:8371: $? = 0
configure:8374: test -z 			 || test ! -s conftest.err
configure:8377: $? = 0
configure:8380: test -s conftest
configure:8383: $? = 0
configure:8395: result: yes
configure:8308: checking for inet_ntoa
configure:8365: gcc -o conftest -pipe -O2    conftest.c -lnsl  1>&5
configure:8371: $? = 0
configure:8374: test -z 			 || test ! -s conftest.err
configure:8377: $? = 0
configure:8380: test -s conftest
configure:8383: $? = 0
configure:8395: result: yes
configure:8308: checking for localtime_r
configure:8395: result: yes
configure:8308: checking for memchr
configure:8365: gcc -o conftest -pipe -O2    conftest.c -lnsl  1>&5
configure:8371: $? = 0
configure:8374: test -z 			 || test ! -s conftest.err
configure:8377: $? = 0
configure:8380: test -s conftest
configure:8383: $? = 0
configure:8395: result: yes
configure:8308: checking for memmove
configure:8395: result: yes
configure:8308: checking for memset
configure:8365: gcc -o conftest -pipe -O2    conftest.c -lnsl  1>&5
conftest.c:91: warning: conflicting types for built-in function 'memset'
configure:8371: $? = 0
configure:8374: test -z 			 || test ! -s conftest.err
configure:8377: $? = 0
configure:8380: test -s conftest
configure:8383: $? = 0
configure:8395: result: yes
configure:8308: checking for regcomp
configure:8365: gcc -o conftest -pipe -O2    conftest.c -lnsl  1>&5
configure:8371: $? = 0
configure:8374: test -z 			 || test ! -s conftest.err
configure:8377: $? = 0
configure:8380: test -s conftest
configure:8383: $? = 0
configure:8395: result: yes
configure:8308: checking for select
configure:8365: gcc -o conftest -pipe -O2    conftest.c -lnsl  1>&5
configure:8371: $? = 0
configure:8374: test -z 			 || test ! -s conftest.err
configure:8377: $? = 0
configure:8380: test -s conftest
configure:8383: $? = 0
configure:8395: result: yes
configure:8308: checking for setlocale
configure:8365: gcc -o conftest -pipe -O2    conftest.c -lnsl  1>&5
configure:8371: $? = 0
configure:8374: test -z 			 || test ! -s conftest.err
configure:8377: $? = 0
configure:8380: test -s conftest
configure:8383: $? = 0
configure:8395: result: yes
configure:8308: checking for socket
configure:8365: gcc -o conftest -pipe -O2    conftest.c -lnsl  1>&5
configure:8371: $? = 0
configure:8374: test -z 			 || test ! -s conftest.err
configure:8377: $? = 0
configure:8380: test -s conftest
configure:8383: $? = 0
configure:8395: result: yes
configure:8308: checking for strchr
configure:8365: gcc -o conftest -pipe -O2    conftest.c -lnsl  1>&5
conftest.c:96: warning: conflicting types for built-in function 'strchr'
configure:8371: $? = 0
configure:8374: test -z 			 || test ! -s conftest.err
configure:8377: $? = 0
configure:8380: test -s conftest
configure:8383: $? = 0
configure:8395: result: yes
configure:8308: checking for strdup
configure:8365: gcc -o conftest -pipe -O2    conftest.c -lnsl  1>&5
conftest.c:97: warning: conflicting types for built-in function 'strdup'
configure:8371: $? = 0
configure:8374: test -z 			 || test ! -s conftest.err
configure:8377: $? = 0
configure:8380: test -s conftest
configure:8383: $? = 0
configure:8395: result: yes
configure:8308: checking for strerror
configure:8395: result: yes
configure:8308: checking for strftime
configure:8365: gcc -o conftest -pipe -O2    conftest.c -lnsl  1>&5
conftest.c:99: warning: conflicting types for built-in function 'strftime'
configure:8371: $? = 0
configure:8374: test -z 			 || test ! -s conftest.err
configure:8377: $? = 0
configure:8380: test -s conftest
configure:8383: $? = 0
configure:8395: result: yes
configure:8308: checking for strstr
configure:8365: gcc -o conftest -pipe -O2    conftest.c -lnsl  1>&5
conftest.c:100: warning: conflicting types for built-in function 'strstr'
configure:8371: $? = 0
configure:8374: test -z 			 || test ! -s conftest.err
configure:8377: $? = 0
configure:8380: test -s conftest
configure:8383: $? = 0
configure:8395: result: yes
configure:8308: checking for strtoul
configure:8365: gcc -o conftest -pipe -O2    conftest.c -lnsl  1>&5
configure:8371: $? = 0
configure:8374: test -z 			 || test ! -s conftest.err
configure:8377: $? = 0
configure:8380: test -s conftest
configure:8383: $? = 0
configure:8395: result: yes
configure:8407: checking for pcre_compile in -lpcre
configure:8437: gcc -o conftest -pipe -O2    conftest.c -lpcre  -lnsl  1>&5
/usr/bin/ld: cannot find -lpcre
collect2: ld returned 1 exit status
configure:8443: $? = 1
configure: failed program was:
| /* confdefs.h.  */
| 
| #define PACKAGE_NAME ""
| #define PACKAGE_TARNAME ""
| #define PACKAGE_VERSION ""
| #define PACKAGE_STRING ""
| #define PACKAGE_BUGREPORT ""
| #define VERSION_MAJOR 3
| #define VERSION_MINOR 0
| #define VERSION_POINT 3
| #define VERSION "3.0.3"
| #define CODE_STATUS "stable"
| #define STDC_HEADERS 1
| #define HAVE_SYS_TYPES_H 1
| #define HAVE_SYS_STAT_H 1
| #define HAVE_STDLIB_H 1
| #define HAVE_STRING_H 1
| #define HAVE_MEMORY_H 1
| #define HAVE_STRINGS_H 1
| #define HAVE_INTTYPES_H 1
| #define HAVE_STDINT_H 1
| #define HAVE_UNISTD_H 1
| #define FEATURE_PTHREAD 1
| #define HAVE_LIBNSL 1
| #define HAVE_GETHOSTBYADDR_R_8_ARGS 1
| #define HAVE_GETHOSTBYNAME_R_6_ARGS 1
| #define HAVE_GMTIME_R 1
| #define HAVE_LOCALTIME_R 1
| #define STDC_HEADERS 1
| #define HAVE_DIRENT_H 1
| #define TIME_WITH_SYS_TIME 1
| #define SIZEOF_INT 4
| #define SIZEOF_CHAR_P 4
| #define SIZEOF_LONG 4
| #define SIZEOF_LONG_LONG 8
| #define SIZEOF_SIZE_T 4
| #define HAVE_ARPA_INET_H 1
| #define HAVE_ERRNO_H 1
| #define HAVE_FCNTL_H 1
| #define HAVE_LIMITS_H 1
| #define HAVE_LOCALE_H 1
| #define HAVE_NETDB_H 1
| #define HAVE_NETINET_IN_H 1
| #define HAVE_STDDEF_H 1
| #define HAVE_STDLIB_H 1
| #define HAVE_STRING_H 1
| #define HAVE_SYS_IOCTL_H 1
| #define HAVE_SYS_SOCKET_H 1
| #define HAVE_SYS_TIME_H 1
| #define HAVE_SYS_TIMEB_H 1
| #define HAVE_SYS_WAIT_H 1
| #define HAVE_UNISTD_H 1
| #define HAVE_STRERROR 1
| #define HAVE_BCOPY 1
| #define HAVE_MEMMOVE 1
| #define SETPGRP_VOID 1
| #define RETSIGTYPE void
| #define HAVE_ATEXIT 1
| #define HAVE_GETCWD 1
| #define HAVE_GETHOSTBYADDR 1
| #define HAVE_GETHOSTBYNAME 1
| #define HAVE_INET_NTOA 1
| #define HAVE_LOCALTIME_R 1
| #define HAVE_MEMCHR 1
| #define HAVE_MEMMOVE 1
| #define HAVE_MEMSET 1
| #define HAVE_REGCOMP 1
| #define HAVE_SELECT 1
| #define HAVE_SETLOCALE 1
| #define HAVE_SOCKET 1
| #define HAVE_STRCHR 1
| #define HAVE_STRDUP 1
| #define HAVE_STRERROR 1
| #define HAVE_STRFTIME 1
| #define HAVE_STRSTR 1
| #define HAVE_STRTOUL 1
| /* end confdefs.h.  */
| 
| /* Override any gcc2 internal prototype to avoid an error.  */
| #ifdef __cplusplus
| extern "C"
| #endif
| /* We use char because int might match the return type of a gcc2
|    builtin and then its argument prototype would still apply.  */
| char pcre_compile ();
| int
| main ()
| {
| pcre_compile ();
|   ;
|   return 0;
| }
configure:8468: result: no
configure:8806: checking for regcomp in -lpcreposix
configure:8836: gcc -o conftest -pipe -O2    conftest.c -lpcreposix -lpcre -lnsl  1>&5
/usr/bin/ld: cannot find -lpcreposix
collect2: ld returned 1 exit status
configure:8842: $? = 1
configure: failed program was:
| /* confdefs.h.  */
| 
| #define PACKAGE_NAME ""
| #define PACKAGE_TARNAME ""
| #define PACKAGE_VERSION ""
| #define PACKAGE_STRING ""
| #define PACKAGE_BUGREPORT ""
| #define VERSION_MAJOR 3
| #define VERSION_MINOR 0
| #define VERSION_POINT 3
| #define VERSION "3.0.3"
| #define CODE_STATUS "stable"
| #define STDC_HEADERS 1
| #define HAVE_SYS_TYPES_H 1
| #define HAVE_SYS_STAT_H 1
| #define HAVE_STDLIB_H 1
| #define HAVE_STRING_H 1
| #define HAVE_MEMORY_H 1
| #define HAVE_STRINGS_H 1
| #define HAVE_INTTYPES_H 1
| #define HAVE_STDINT_H 1
| #define HAVE_UNISTD_H 1
| #define FEATURE_PTHREAD 1
| #define HAVE_LIBNSL 1
| #define HAVE_GETHOSTBYADDR_R_8_ARGS 1
| #define HAVE_GETHOSTBYNAME_R_6_ARGS 1
| #define HAVE_GMTIME_R 1
| #define HAVE_LOCALTIME_R 1
| #define STDC_HEADERS 1
| #define HAVE_DIRENT_H 1
| #define TIME_WITH_SYS_TIME 1
| #define SIZEOF_INT 4
| #define SIZEOF_CHAR_P 4
| #define SIZEOF_LONG 4
| #define SIZEOF_LONG_LONG 8
| #define SIZEOF_SIZE_T 4
| #define HAVE_ARPA_INET_H 1
| #define HAVE_ERRNO_H 1
| #define HAVE_FCNTL_H 1
| #define HAVE_LIMITS_H 1
| #define HAVE_LOCALE_H 1
| #define HAVE_NETDB_H 1
| #define HAVE_NETINET_IN_H 1
| #define HAVE_STDDEF_H 1
| #define HAVE_STDLIB_H 1
| #define HAVE_STRING_H 1
| #define HAVE_SYS_IOCTL_H 1
| #define HAVE_SYS_SOCKET_H 1
| #define HAVE_SYS_TIME_H 1
| #define HAVE_SYS_TIMEB_H 1
| #define HAVE_SYS_WAIT_H 1
| #define HAVE_UNISTD_H 1
| #define HAVE_STRERROR 1
| #define HAVE_BCOPY 1
| #define HAVE_MEMMOVE 1
| #define SETPGRP_VOID 1
| #define RETSIGTYPE void
| #define HAVE_ATEXIT 1
| #define HAVE_GETCWD 1
| #define HAVE_GETHOSTBYADDR 1
| #define HAVE_GETHOSTBYNAME 1
| #define HAVE_INET_NTOA 1
| #define HAVE_LOCALTIME_R 1
| #define HAVE_MEMCHR 1
| #define HAVE_MEMMOVE 1
| #define HAVE_MEMSET 1
| #define HAVE_REGCOMP 1
| #define HAVE_SELECT 1
| #define HAVE_SETLOCALE 1
| #define HAVE_SOCKET 1
| #define HAVE_STRCHR 1
| #define HAVE_STRDUP 1
| #define HAVE_STRERROR 1
| #define HAVE_STRFTIME 1
| #define HAVE_STRSTR 1
| #define HAVE_STRTOUL 1
| /* end confdefs.h.  */
| 
| /* Override any gcc2 internal prototype to avoid an error.  */
| #ifdef __cplusplus
| extern "C"
| #endif
| /* We use char because int might match the return type of a gcc2
|    builtin and then its argument prototype would still apply.  */
| char regcomp ();
| int
| main ()
| {
| regcomp ();
|   ;
|   return 0;
| }
configure:8867: result: no
configure:9205: checking for pcrs_compile in -lpcrs
configure:9235: gcc -o conftest -pipe -O2    conftest.c -lpcrs -lpcre -lnsl  1>&5
/usr/bin/ld: cannot find -lpcrs
collect2: ld returned 1 exit status
configure:9241: $? = 1
configure: failed program was:
| /* confdefs.h.  */
| 
| #define PACKAGE_NAME ""
| #define PACKAGE_TARNAME ""
| #define PACKAGE_VERSION ""
| #define PACKAGE_STRING ""
| #define PACKAGE_BUGREPORT ""
| #define VERSION_MAJOR 3
| #define VERSION_MINOR 0
| #define VERSION_POINT 3
| #define VERSION "3.0.3"
| #define CODE_STATUS "stable"
| #define STDC_HEADERS 1
| #define HAVE_SYS_TYPES_H 1
| #define HAVE_SYS_STAT_H 1
| #define HAVE_STDLIB_H 1
| #define HAVE_STRING_H 1
| #define HAVE_MEMORY_H 1
| #define HAVE_STRINGS_H 1
| #define HAVE_INTTYPES_H 1
| #define HAVE_STDINT_H 1
| #define HAVE_UNISTD_H 1
| #define FEATURE_PTHREAD 1
| #define HAVE_LIBNSL 1
| #define HAVE_GETHOSTBYADDR_R_8_ARGS 1
| #define HAVE_GETHOSTBYNAME_R_6_ARGS 1
| #define HAVE_GMTIME_R 1
| #define HAVE_LOCALTIME_R 1
| #define STDC_HEADERS 1
| #define HAVE_DIRENT_H 1
| #define TIME_WITH_SYS_TIME 1
| #define SIZEOF_INT 4
| #define SIZEOF_CHAR_P 4
| #define SIZEOF_LONG 4
| #define SIZEOF_LONG_LONG 8
| #define SIZEOF_SIZE_T 4
| #define HAVE_ARPA_INET_H 1
| #define HAVE_ERRNO_H 1
| #define HAVE_FCNTL_H 1
| #define HAVE_LIMITS_H 1
| #define HAVE_LOCALE_H 1
| #define HAVE_NETDB_H 1
| #define HAVE_NETINET_IN_H 1
| #define HAVE_STDDEF_H 1
| #define HAVE_STDLIB_H 1
| #define HAVE_STRING_H 1
| #define HAVE_SYS_IOCTL_H 1
| #define HAVE_SYS_SOCKET_H 1
| #define HAVE_SYS_TIME_H 1
| #define HAVE_SYS_TIMEB_H 1
| #define HAVE_SYS_WAIT_H 1
| #define HAVE_UNISTD_H 1
| #define HAVE_STRERROR 1
| #define HAVE_BCOPY 1
| #define HAVE_MEMMOVE 1
| #define SETPGRP_VOID 1
| #define RETSIGTYPE void
| #define HAVE_ATEXIT 1
| #define HAVE_GETCWD 1
| #define HAVE_GETHOSTBYADDR 1
| #define HAVE_GETHOSTBYNAME 1
| #define HAVE_INET_NTOA 1
| #define HAVE_LOCALTIME_R 1
| #define HAVE_MEMCHR 1
| #define HAVE_MEMMOVE 1
| #define HAVE_MEMSET 1
| #define HAVE_REGCOMP 1
| #define HAVE_SELECT 1
| #define HAVE_SETLOCALE 1
| #define HAVE_SOCKET 1
| #define HAVE_STRCHR 1
| #define HAVE_STRDUP 1
| #define HAVE_STRERROR 1
| #define HAVE_STRFTIME 1
| #define HAVE_STRSTR 1
| #define HAVE_STRTOUL 1
| /* end confdefs.h.  */
| 
| /* Override any gcc2 internal prototype to avoid an error.  */
| #ifdef __cplusplus
| extern "C"
| #endif
| /* We use char because int might match the return type of a gcc2
|    builtin and then its argument prototype would still apply.  */
| char pcrs_compile ();
| int
| main ()
| {
| pcrs_compile ();
|   ;
|   return 0;
| }
configure:9266: result: no
configure:9762: creating ./config.status

## ---------------------- ##
## Running config.status. ##
## ---------------------- ##

This file was extended by config.status, which was
generated by GNU Autoconf 2.59.  Invocation command line was

  CONFIG_FILES    = 
  CONFIG_HEADERS  = 
  CONFIG_LINKS    = 
  CONFIG_COMMANDS = 
  $ ./config.status 

on hawkeye

config.status:726: creating GNUmakefile
config.status:726: creating doc/source/ldp.dsl
config.status:792: creating config.h
config.status:1074: config.h is unchanged

## ---------------- ##
## Cache variables. ##
## ---------------- ##

ac_cv_build=i686-pc-linux-gnu
ac_cv_build_alias=i686-pc-linux-gnu
ac_cv_c_compiler_gnu=yes
ac_cv_c_const=yes
ac_cv_env_CC_set=
ac_cv_env_CC_value=
ac_cv_env_CFLAGS_set=
ac_cv_env_CFLAGS_value=
ac_cv_env_CPPFLAGS_set=
ac_cv_env_CPPFLAGS_value=
ac_cv_env_CPP_set=
ac_cv_env_CPP_value=
ac_cv_env_LDFLAGS_set=
ac_cv_env_LDFLAGS_value=
ac_cv_env_build_alias_set=
ac_cv_env_build_alias_value=
ac_cv_env_host_alias_set=
ac_cv_env_host_alias_value=
ac_cv_env_target_alias_set=
ac_cv_env_target_alias_value=
ac_cv_exeext=
ac_cv_func_atexit=yes
ac_cv_func_bcopy=yes
ac_cv_func_getcwd=yes
ac_cv_func_gethostbyaddr=yes
ac_cv_func_gethostbyaddr_r=yes
ac_cv_func_gethostbyname=yes
ac_cv_func_gethostbyname_r=yes
ac_cv_func_gmtime_r=yes
ac_cv_func_inet_ntoa=yes
ac_cv_func_localtime_r=yes
ac_cv_func_memchr=yes
ac_cv_func_memmove=yes
ac_cv_func_memset=yes
ac_cv_func_regcomp=yes
ac_cv_func_select=yes
ac_cv_func_setlocale=yes
ac_cv_func_setpgrp_void=yes
ac_cv_func_socket=yes
ac_cv_func_strchr=yes
ac_cv_func_strdup=yes
ac_cv_func_strerror=yes
ac_cv_func_strftime=yes
ac_cv_func_strstr=yes
ac_cv_func_strtoul=yes
ac_cv_header_OS_h=no
ac_cv_header_arpa_inet_h=yes
ac_cv_header_dirent_dirent_h=yes
ac_cv_header_errno_h=yes
ac_cv_header_fcntl_h=yes
ac_cv_header_inttypes_h=yes
ac_cv_header_limits_h=yes
ac_cv_header_locale_h=yes
ac_cv_header_memory_h=yes
ac_cv_header_netdb_h=yes
ac_cv_header_netinet_in_h=yes
ac_cv_header_pthread_h=yes
ac_cv_header_stdc=yes
ac_cv_header_stddef_h=yes
ac_cv_header_stdint_h=yes
ac_cv_header_stdlib_h=yes
ac_cv_header_string_h=yes
ac_cv_header_strings_h=yes
ac_cv_header_sys_ioctl_h=yes
ac_cv_header_sys_socket_h=yes
ac_cv_header_sys_stat_h=yes
ac_cv_header_sys_time_h=yes
ac_cv_header_sys_timeb_h=yes
ac_cv_header_sys_types_h=yes
ac_cv_header_sys_wait_h=yes
ac_cv_header_time=yes
ac_cv_header_unistd_h=yes
ac_cv_host=i686-pc-linux-gnu
ac_cv_host_alias=i686-pc-linux-gnu
ac_cv_lib_nsl_gethostbyname=yes
ac_cv_lib_pcre_pcre_compile=no
ac_cv_lib_pcreposix_regcomp=no
ac_cv_lib_pcrs_pcrs_compile=no
ac_cv_objext=o
ac_cv_path_BGROUPS=/usr/bin/groups
ac_cv_path_ID=/usr/bin/id
ac_cv_path_install='/usr/bin/install -c'
ac_cv_prog_AWK=mawk
ac_cv_prog_CPP='gcc -E'
ac_cv_prog_GDB=yes
ac_cv_prog_WDUMP=w3m
ac_cv_prog_ac_ct_CC=gcc
ac_cv_prog_cc_g=yes
ac_cv_prog_cc_stdc=
ac_cv_prog_egrep='grep -E'
ac_cv_prog_gcc_traditional=no
ac_cv_prog_make_make_set=yes
ac_cv_search_opendir='none required'
ac_cv_sizeof_char_p=4
ac_cv_sizeof_int=4
ac_cv_sizeof_long=4
ac_cv_sizeof_long_long=8
ac_cv_sizeof_size_t=4
ac_cv_struct_tm=time.h
ac_cv_type_char_p=yes
ac_cv_type_int=yes
ac_cv_type_long=yes
ac_cv_type_long_long=yes
ac_cv_type_pid_t=yes
ac_cv_type_signal=void
ac_cv_type_size_t=yes

## ----------------- ##
## Output variables. ##
## ----------------- ##

AMIGAOS_ONLY='#'
AWK='mawk'
BGROUPS='/usr/bin/groups'
CC='gcc'
CFLAGS='-pipe -O2'
CODE_STATUS='stable'
CPP='gcc -E'
CPPFLAGS=''
DB2HTML='false'
DEFS='-DHAVE_CONFIG_H'
DKPREFIX='none'
DOC_STATUS='p-stable'
ECHO_C=''
ECHO_N='-n'
ECHO_T=''
EGREP='grep -E'
EXEEXT=''
GDB='yes'
GROUP=''
ID='/usr/bin/id'
INSTALL_DATA='${INSTALL} -m 644'
INSTALL_PROGRAM='${INSTALL}'
INSTALL_SCRIPT='${INSTALL}'
JADEBIN='false'
JADECAT=''
LDFLAGS=''
LIBOBJS=''
LIBS='-lnsl '
LN_S='ln -s'
LTLIBOBJS=''
MAN2HTML='false'
OBJEXT='o'
PACKAGE_BUGREPORT=''
PACKAGE_NAME=''
PACKAGE_STRING=''
PACKAGE_TARNAME=''
PACKAGE_VERSION=''
PATH_SEPARATOR=':'
PTHREAD_LIB=''
PTHREAD_ONLY=''
RPMBIN='false'
RPM_BASE=''
SET_MAKE=''
SHELL='/bin/sh'
SOCKET_LIB=''
SPECIAL_CFLAGS='-pthread'
STATIC_PCRE_ONLY=''
STATIC_PCRS_ONLY=''
USER=''
VERSION_MAJOR='3'
VERSION_MINOR='0'
VERSION_POINT='3'
WDUMP='w3m'
WIN_ONLY='#'
ac_ct_CC='gcc'
bindir='${exec_prefix}/bin'
build='i686-pc-linux-gnu'
build_alias=''
build_cpu='i686'
build_os='linux-gnu'
build_vendor='pc'
datadir='${prefix}/share'
exec_prefix='${prefix}'
host='i686-pc-linux-gnu'
host_alias=''
host_cpu='i686'
host_os='linux-gnu'
host_vendor='pc'
includedir='${prefix}/include'
infodir='${prefix}/info'
libdir='${exec_prefix}/lib'
libexecdir='${exec_prefix}/libexec'
localstatedir='${prefix}/var'
mandir='${prefix}/man'
oldincludedir='/usr/include'
prefix='/usr/src/TorPark/privoxy'
program_transform_name='s,x,x,'
sbindir='${exec_prefix}/sbin'
sharedstatedir='${prefix}/com'
sysconfdir='${prefix}/etc'
target_alias=''

## ----------- ##
## confdefs.h. ##
## ----------- ##

#define CODE_STATUS "stable"
#define FEATURE_ACL 1
#define FEATURE_CGI_EDIT_ACTIONS 1
#define FEATURE_COOKIE_JAR 1
#define FEATURE_FAST_REDIRECTS 1
#define FEATURE_FORCE_LOAD 1
#define FEATURE_IMAGE_BLOCKING 1
#define FEATURE_KILL_POPUPS 1
#define FEATURE_PTHREAD 1
#define FEATURE_STATISTICS 1
#define FEATURE_TOGGLE 1
#define FEATURE_TRUST 1
#define HAVE_ARPA_INET_H 1
#define HAVE_ATEXIT 1
#define HAVE_BCOPY 1
#define HAVE_DIRENT_H 1
#define HAVE_ERRNO_H 1
#define HAVE_FCNTL_H 1
#define HAVE_GETCWD 1
#define HAVE_GETHOSTBYADDR 1
#define HAVE_GETHOSTBYADDR_R_8_ARGS 1
#define HAVE_GETHOSTBYNAME 1
#define HAVE_GETHOSTBYNAME_R_6_ARGS 1
#define HAVE_GMTIME_R 1
#define HAVE_INET_NTOA 1
#define HAVE_INTTYPES_H 1
#define HAVE_LIBNSL 1
#define HAVE_LIMITS_H 1
#define HAVE_LOCALE_H 1
#define HAVE_LOCALTIME_R 1
#define HAVE_LOCALTIME_R 1
#define HAVE_MEMCHR 1
#define HAVE_MEMMOVE 1
#define HAVE_MEMMOVE 1
#define HAVE_MEMORY_H 1
#define HAVE_MEMSET 1
#define HAVE_NETDB_H 1
#define HAVE_NETINET_IN_H 1
#define HAVE_REGCOMP 1
#define HAVE_SELECT 1
#define HAVE_SETLOCALE 1
#define HAVE_SOCKET 1
#define HAVE_STDDEF_H 1
#define HAVE_STDINT_H 1
#define HAVE_STDLIB_H 1
#define HAVE_STDLIB_H 1
#define HAVE_STRCHR 1
#define HAVE_STRDUP 1
#define HAVE_STRERROR 1
#define HAVE_STRERROR 1
#define HAVE_STRFTIME 1
#define HAVE_STRINGS_H 1
#define HAVE_STRING_H 1
#define HAVE_STRING_H 1
#define HAVE_STRSTR 1
#define HAVE_STRTOUL 1
#define HAVE_SYS_IOCTL_H 1
#define HAVE_SYS_SOCKET_H 1
#define HAVE_SYS_STAT_H 1
#define HAVE_SYS_TIMEB_H 1
#define HAVE_SYS_TIME_H 1
#define HAVE_SYS_TYPES_H 1
#define HAVE_SYS_WAIT_H 1
#define HAVE_UNISTD_H 1
#define HAVE_UNISTD_H 1
#define PACKAGE_BUGREPORT ""
#define PACKAGE_NAME ""
#define PACKAGE_STRING ""
#define PACKAGE_TARNAME ""
#define PACKAGE_VERSION ""
#define RETSIGTYPE void
#define SETPGRP_VOID 1
#define SIZEOF_CHAR_P 4
#define SIZEOF_INT 4
#define SIZEOF_LONG 4
#define SIZEOF_LONG_LONG 8
#define SIZEOF_SIZE_T 4
#define STATIC_PCRE 1
#define STATIC_PCRS 1
#define STDC_HEADERS 1
#define STDC_HEADERS 1
#define TIME_WITH_SYS_TIME 1
#define VERSION "3.0.3"
#define VERSION_MAJOR 3
#define VERSION_MINOR 0
#define VERSION_POINT 3
#define __MT__ 1

configure: exit 0
