file /home/zaolin/trusted_computing/SConstruct,line 56:
	Configure(confdir = .sconf_temp)
scons: Configure: Checking for C library ssl... 
.sconf_temp/conftest_0.c <-
  |
  |
  |#include "openssl/rsa.h"
  |
  |int
  |main() {
  |  
  |return 0;
  |}
  |
gcc -o .sconf_temp/conftest_0.o -c -Isrc/include -Isrc/include/utils -Isrc/include/crypto/cryptomanager -Isrc/include/crypto -Isrc/include/crypto/openssl -Isrc/include/keyrona -I. .sconf_temp/conftest_0.c
gcc -o .sconf_temp/conftest_0 .sconf_temp/conftest_0.o -lssl
scons: Configure: yes

scons: Configure: Checking for C library tspi... 
.sconf_temp/conftest_1.c <-
  |
  |
  |#include "trousers/tss.h"
  |
  |int
  |main() {
  |  
  |return 0;
  |}
  |
gcc -o .sconf_temp/conftest_1.o -c -Isrc/include -Isrc/include/utils -Isrc/include/crypto/cryptomanager -Isrc/include/crypto -Isrc/include/crypto/openssl -Isrc/include/keyrona -I. .sconf_temp/conftest_1.c
gcc -o .sconf_temp/conftest_1 .sconf_temp/conftest_1.o -lssl -ltspi
scons: Configure: yes

scons: Configure: Checking for C library crypt... 
.sconf_temp/conftest_2.c <-
  |
  |
  |#include "crypt.h"
  |
  |int
  |main() {
  |  
  |return 0;
  |}
  |
gcc -o .sconf_temp/conftest_2.o -c -Isrc/include -Isrc/include/utils -Isrc/include/crypto/cryptomanager -Isrc/include/crypto -Isrc/include/crypto/openssl -Isrc/include/keyrona -I. .sconf_temp/conftest_2.c
gcc -o .sconf_temp/conftest_2 .sconf_temp/conftest_2.o -lssl -ltspi -lcrypt
scons: Configure: yes

scons: Configure: Checking for C library pthread... 
.sconf_temp/conftest_3.c <-
  |
  |
  |#include "pthread.h"
  |
  |int
  |main() {
  |  
  |return 0;
  |}
  |
gcc -o .sconf_temp/conftest_3.o -c -Isrc/include -Isrc/include/utils -Isrc/include/crypto/cryptomanager -Isrc/include/crypto -Isrc/include/crypto/openssl -Isrc/include/keyrona -I. .sconf_temp/conftest_3.c
gcc -o .sconf_temp/conftest_3 .sconf_temp/conftest_3.o -lssl -ltspi -lcrypt -lpthread
scons: Configure: yes

scons: Configure: Checking for C library gmp... 
.sconf_temp/conftest_4.c <-
  |
  |
  |#include "gmp.h"
  |
  |int
  |main() {
  |  
  |return 0;
  |}
  |
gcc -o .sconf_temp/conftest_4.o -c -Isrc/include -Isrc/include/utils -Isrc/include/crypto/cryptomanager -Isrc/include/crypto -Isrc/include/crypto/openssl -Isrc/include/keyrona -I. .sconf_temp/conftest_4.c
gcc -o .sconf_temp/conftest_4 .sconf_temp/conftest_4.o -lssl -ltspi -lcrypt -lpthread -lgmp
scons: Configure: yes

scons: Configure: Checking for clock_gettime( CLOCK_MONOTONIC, (struct timespec*)0 ) in C library rt... 
.sconf_temp/conftest_5.c <-
  |
  |
  |#include "time.h"
  |
  |int
  |main() {
  |  clock_gettime( CLOCK_MONOTONIC, (struct timespec*)0 );
  |return 0;
  |}
  |
gcc -o .sconf_temp/conftest_5.o -c -Isrc/include -Isrc/include/utils -Isrc/include/crypto/cryptomanager -Isrc/include/crypto -Isrc/include/crypto/openssl -Isrc/include/keyrona -I. .sconf_temp/conftest_5.c
gcc -o .sconf_temp/conftest_5 .sconf_temp/conftest_5.o -lssl -ltspi -lcrypt -lpthread -lgmp -lrt
scons: Configure: yes

scons: Configure: Checking for C library keyronacl... 
.sconf_temp/conftest_6.c <-
  |
  |
  |#include "keyrona_cryptlib.h"
  |
  |int
  |main() {
  |  
  |return 0;
  |}
  |
gcc -o .sconf_temp/conftest_6.o -c -Isrc/include -Isrc/include/utils -Isrc/include/crypto/cryptomanager -Isrc/include/crypto -Isrc/include/crypto/openssl -Isrc/include/keyrona -I. .sconf_temp/conftest_6.c
gcc -o .sconf_temp/conftest_6 .sconf_temp/conftest_6.o -lssl -ltspi -lcrypt -lpthread -lgmp -lrt -lkeyronacl
scons: Configure: yes

scons: Configure: Checking endianness ... 
scons: Configure: (cached) little

scons: Configure: Checking size of char ... 
.sconf_temp/conftest_7.cxx <-
  |
  |typedef char scons_check_type;
  |
  |int main()
  |{
  |    static int test_array[1 - 2 * !(((long int) (sizeof(scons_check_type))) <= 0)];
  |    test_array[0] = 0;
  |
  |    return 0;
  |}
  |
g++ -o .sconf_temp/conftest_7.o -c -Isrc/include -Isrc/include/utils -Isrc/include/crypto/cryptomanager -Isrc/include/crypto -Isrc/include/crypto/openssl -Isrc/include/keyrona -I. .sconf_temp/conftest_7.cxx
.sconf_temp/conftest_7.cxx: In function 'int main()':
.sconf_temp/conftest_7.cxx:6: error: size of array 'test_array' is negative
.sconf_temp/conftest_8.cxx <-
  |
  |typedef char scons_check_type;
  |
  |int main()
  |{
  |    static int test_array[1 - 2 * !(((long int) (sizeof(scons_check_type))) <= 1)];
  |    test_array[0] = 0;
  |
  |    return 0;
  |}
  |
g++ -o .sconf_temp/conftest_8.o -c -Isrc/include -Isrc/include/utils -Isrc/include/crypto/cryptomanager -Isrc/include/crypto -Isrc/include/crypto/openssl -Isrc/include/keyrona -I. .sconf_temp/conftest_8.cxx
scons: Configure: 1

scons: Configure: Checking size of short ... 
.sconf_temp/conftest_9.cxx <-
  |
  |typedef short scons_check_type;
  |
  |int main()
  |{
  |    static int test_array[1 - 2 * !(((long int) (sizeof(scons_check_type))) <= 2)];
  |    test_array[0] = 0;
  |
  |    return 0;
  |}
  |
g++ -o .sconf_temp/conftest_9.o -c -Isrc/include -Isrc/include/utils -Isrc/include/crypto/cryptomanager -Isrc/include/crypto -Isrc/include/crypto/openssl -Isrc/include/keyrona -I. .sconf_temp/conftest_9.cxx
scons: Configure: 2

scons: Configure: Checking size of int ... 
.sconf_temp/conftest_10.cxx <-
  |
  |typedef int scons_check_type;
  |
  |int main()
  |{
  |    static int test_array[1 - 2 * !(((long int) (sizeof(scons_check_type))) <= 4)];
  |    test_array[0] = 0;
  |
  |    return 0;
  |}
  |
g++ -o .sconf_temp/conftest_10.o -c -Isrc/include -Isrc/include/utils -Isrc/include/crypto/cryptomanager -Isrc/include/crypto -Isrc/include/crypto/openssl -Isrc/include/keyrona -I. .sconf_temp/conftest_10.cxx
scons: Configure: 4

scons: Configure: Checking size of int* ... 
.sconf_temp/conftest_11.cxx <-
  |
  |typedef int* scons_check_type;
  |
  |int main()
  |{
  |    static int test_array[1 - 2 * !(((long int) (sizeof(scons_check_type))) <= 0)];
  |    test_array[0] = 0;
  |
  |    return 0;
  |}
  |
g++ -o .sconf_temp/conftest_11.o -c -Isrc/include -Isrc/include/utils -Isrc/include/crypto/cryptomanager -Isrc/include/crypto -Isrc/include/crypto/openssl -Isrc/include/keyrona -I. .sconf_temp/conftest_11.cxx
.sconf_temp/conftest_11.cxx: In function 'int main()':
.sconf_temp/conftest_11.cxx:6: error: size of array 'test_array' is negative
.sconf_temp/conftest_12.cxx <-
  |
  |typedef int* scons_check_type;
  |
  |int main()
  |{
  |    static int test_array[1 - 2 * !(((long int) (sizeof(scons_check_type))) <= 1)];
  |    test_array[0] = 0;
  |
  |    return 0;
  |}
  |
g++ -o .sconf_temp/conftest_12.o -c -Isrc/include -Isrc/include/utils -Isrc/include/crypto/cryptomanager -Isrc/include/crypto -Isrc/include/crypto/openssl -Isrc/include/keyrona -I. .sconf_temp/conftest_12.cxx
.sconf_temp/conftest_12.cxx: In function 'int main()':
.sconf_temp/conftest_12.cxx:6: error: size of array 'test_array' is negative
.sconf_temp/conftest_13.cxx <-
  |
  |typedef int* scons_check_type;
  |
  |int main()
  |{
  |    static int test_array[1 - 2 * !(((long int) (sizeof(scons_check_type))) <= 2)];
  |    test_array[0] = 0;
  |
  |    return 0;
  |}
  |
g++ -o .sconf_temp/conftest_13.o -c -Isrc/include -Isrc/include/utils -Isrc/include/crypto/cryptomanager -Isrc/include/crypto -Isrc/include/crypto/openssl -Isrc/include/keyrona -I. .sconf_temp/conftest_13.cxx
.sconf_temp/conftest_13.cxx: In function 'int main()':
.sconf_temp/conftest_13.cxx:6: error: size of array 'test_array' is negative
.sconf_temp/conftest_14.cxx <-
  |
  |typedef int* scons_check_type;
  |
  |int main()
  |{
  |    static int test_array[1 - 2 * !(((long int) (sizeof(scons_check_type))) <= 3)];
  |    test_array[0] = 0;
  |
  |    return 0;
  |}
  |
g++ -o .sconf_temp/conftest_14.o -c -Isrc/include -Isrc/include/utils -Isrc/include/crypto/cryptomanager -Isrc/include/crypto -Isrc/include/crypto/openssl -Isrc/include/keyrona -I. .sconf_temp/conftest_14.cxx
.sconf_temp/conftest_14.cxx: In function 'int main()':
.sconf_temp/conftest_14.cxx:6: error: size of array 'test_array' is negative
.sconf_temp/conftest_15.cxx <-
  |
  |typedef int* scons_check_type;
  |
  |int main()
  |{
  |    static int test_array[1 - 2 * !(((long int) (sizeof(scons_check_type))) <= 4)];
  |    test_array[0] = 0;
  |
  |    return 0;
  |}
  |
g++ -o .sconf_temp/conftest_15.o -c -Isrc/include -Isrc/include/utils -Isrc/include/crypto/cryptomanager -Isrc/include/crypto -Isrc/include/crypto/openssl -Isrc/include/keyrona -I. .sconf_temp/conftest_15.cxx
.sconf_temp/conftest_15.cxx: In function 'int main()':
.sconf_temp/conftest_15.cxx:6: error: size of array 'test_array' is negative
.sconf_temp/conftest_16.cxx <-
  |
  |typedef int* scons_check_type;
  |
  |int main()
  |{
  |    static int test_array[1 - 2 * !(((long int) (sizeof(scons_check_type))) <= 5)];
  |    test_array[0] = 0;
  |
  |    return 0;
  |}
  |
g++ -o .sconf_temp/conftest_16.o -c -Isrc/include -Isrc/include/utils -Isrc/include/crypto/cryptomanager -Isrc/include/crypto -Isrc/include/crypto/openssl -Isrc/include/keyrona -I. .sconf_temp/conftest_16.cxx
.sconf_temp/conftest_16.cxx: In function 'int main()':
.sconf_temp/conftest_16.cxx:6: error: size of array 'test_array' is negative
.sconf_temp/conftest_17.cxx <-
  |
  |typedef int* scons_check_type;
  |
  |int main()
  |{
  |    static int test_array[1 - 2 * !(((long int) (sizeof(scons_check_type))) <= 6)];
  |    test_array[0] = 0;
  |
  |    return 0;
  |}
  |
g++ -o .sconf_temp/conftest_17.o -c -Isrc/include -Isrc/include/utils -Isrc/include/crypto/cryptomanager -Isrc/include/crypto -Isrc/include/crypto/openssl -Isrc/include/keyrona -I. .sconf_temp/conftest_17.cxx
.sconf_temp/conftest_17.cxx: In function 'int main()':
.sconf_temp/conftest_17.cxx:6: error: size of array 'test_array' is negative
.sconf_temp/conftest_18.cxx <-
  |
  |typedef int* scons_check_type;
  |
  |int main()
  |{
  |    static int test_array[1 - 2 * !(((long int) (sizeof(scons_check_type))) <= 7)];
  |    test_array[0] = 0;
  |
  |    return 0;
  |}
  |
g++ -o .sconf_temp/conftest_18.o -c -Isrc/include -Isrc/include/utils -Isrc/include/crypto/cryptomanager -Isrc/include/crypto -Isrc/include/crypto/openssl -Isrc/include/keyrona -I. .sconf_temp/conftest_18.cxx
.sconf_temp/conftest_18.cxx: In function 'int main()':
.sconf_temp/conftest_18.cxx:6: error: size of array 'test_array' is negative
.sconf_temp/conftest_19.cxx <-
  |
  |typedef int* scons_check_type;
  |
  |int main()
  |{
  |    static int test_array[1 - 2 * !(((long int) (sizeof(scons_check_type))) <= 8)];
  |    test_array[0] = 0;
  |
  |    return 0;
  |}
  |
g++ -o .sconf_temp/conftest_19.o -c -Isrc/include -Isrc/include/utils -Isrc/include/crypto/cryptomanager -Isrc/include/crypto -Isrc/include/crypto/openssl -Isrc/include/keyrona -I. .sconf_temp/conftest_19.cxx
scons: Configure: 8

scons: Configure: Checking size of long ... 
.sconf_temp/conftest_20.cxx <-
  |
  |typedef long scons_check_type;
  |
  |int main()
  |{
  |    static int test_array[1 - 2 * !(((long int) (sizeof(scons_check_type))) <= 4)];
  |    test_array[0] = 0;
  |
  |    return 0;
  |}
  |
g++ -o .sconf_temp/conftest_20.o -c -Isrc/include -Isrc/include/utils -Isrc/include/crypto/cryptomanager -Isrc/include/crypto -Isrc/include/crypto/openssl -Isrc/include/keyrona -I. .sconf_temp/conftest_20.cxx
.sconf_temp/conftest_20.cxx: In function 'int main()':
.sconf_temp/conftest_20.cxx:6: error: size of array 'test_array' is negative
.sconf_temp/conftest_21.cxx <-
  |
  |typedef long scons_check_type;
  |
  |int main()
  |{
  |    static int test_array[1 - 2 * !(((long int) (sizeof(scons_check_type))) <= 8)];
  |    test_array[0] = 0;
  |
  |    return 0;
  |}
  |
g++ -o .sconf_temp/conftest_21.o -c -Isrc/include -Isrc/include/utils -Isrc/include/crypto/cryptomanager -Isrc/include/crypto -Isrc/include/crypto/openssl -Isrc/include/keyrona -I. .sconf_temp/conftest_21.cxx
scons: Configure: 8

scons: Configure: Checking size of long long ... 
.sconf_temp/conftest_22.cxx <-
  |
  |typedef long long scons_check_type;
  |
  |int main()
  |{
  |    static int test_array[1 - 2 * !(((long int) (sizeof(scons_check_type))) <= 8)];
  |    test_array[0] = 0;
  |
  |    return 0;
  |}
  |
g++ -o .sconf_temp/conftest_22.o -c -Isrc/include -Isrc/include/utils -Isrc/include/crypto/cryptomanager -Isrc/include/crypto -Isrc/include/crypto/openssl -Isrc/include/keyrona -I. .sconf_temp/conftest_22.cxx
scons: Configure: 8


