This file contains any messages produced by compilers while
running configure, to aid debugging if configure makes a mistake.

It was created by configure, which was
generated by GNU Autoconf 2.61.  Invocation command line was

  $ ./configure --enable-maintainer-mode

## --------- ##
## Platform. ##
## --------- ##

hostname = nakkatop
uname -m = x86_64
uname -r = 2.6.24-19-generic
uname -s = Linux
uname -v = #1 SMP Wed Aug 20 17:53:40 UTC 2008

/usr/bin/uname -p = unknown
/bin/uname -X     = unknown

/bin/arch              = unknown
/usr/bin/arch -k       = unknown
/usr/convex/getsysinfo = unknown
/usr/bin/hostinfo      = unknown
/bin/machine           = unknown
/usr/bin/oslevel       = unknown
/bin/universe          = unknown

PATH: /home/sh/bin
PATH: /usr/local/sbin
PATH: /usr/local/bin
PATH: /usr/sbin
PATH: /usr/bin
PATH: /sbin
PATH: /bin
PATH: /usr/games


## ----------- ##
## Core tests. ##
## ----------- ##

configure:1793: checking for a BSD-compatible install
configure:1849: result: /usr/bin/install -c
configure:1860: checking whether build environment is sane
configure:1903: result: yes
configure:1931: checking for a thread-safe mkdir -p
configure:1970: result: /bin/mkdir -p
configure:1983: checking for gawk
configure:1999: found /usr/bin/gawk
configure:2010: result: gawk
configure:2021: checking whether make sets $(MAKE)
configure:2042: result: yes
configure:2232: checking whether to enable maintainer-specific portions of Makefiles
configure:2241: result: yes
configure:2267: checking for style of include used by make
configure:2295: result: GNU
configure:2365: checking for gcc
configure:2381: found /usr/bin/gcc
configure:2392: result: gcc
configure:2630: checking for C compiler version
configure:2637: gcc --version >&5
gcc (GCC) 4.2.3 (Ubuntu 4.2.3-2ubuntu7)
Copyright (C) 2007 Free Software Foundation, Inc.
This is free software; see the source for copying conditions.  There is NO
warranty; not even for MERCHANTABILITY or FITNESS FOR A PARTICULAR PURPOSE.

configure:2640: $? = 0
configure:2647: gcc -v >&5
Using built-in specs.
Target: x86_64-linux-gnu
Configured with: ../src/configure -v --enable-languages=c,c++,fortran,objc,obj-c++,treelang --prefix=/usr --enable-shared --with-system-zlib --libexecdir=/usr/lib --without-included-gettext --enable-threads=posix --enable-nls --with-gxx-include-dir=/usr/include/c++/4.2 --program-suffix=-4.2 --enable-clocale=gnu --enable-libstdcxx-debug --enable-objc-gc --enable-mpfr --enable-checking=release --build=x86_64-linux-gnu --host=x86_64-linux-gnu --target=x86_64-linux-gnu
Thread model: posix
gcc version 4.2.3 (Ubuntu 4.2.3-2ubuntu7)
configure:2650: $? = 0
configure:2657: gcc -V >&5
gcc: '-V' option must have argument
configure:2660: $? = 1
configure:2683: checking for C compiler default output file name
configure:2710: gcc    conftest.c  >&5
configure:2713: $? = 0
configure:2751: result: a.out
configure:2768: checking whether the C compiler works
configure:2778: ./a.out
configure:2781: $? = 0
configure:2798: result: yes
configure:2805: checking whether we are cross compiling
configure:2807: result: no
configure:2810: checking for suffix of executables
configure:2817: gcc -o conftest    conftest.c  >&5
configure:2820: $? = 0
configure:2844: result: 
configure:2850: checking for suffix of object files
configure:2876: gcc -c   conftest.c >&5
configure:2879: $? = 0
configure:2902: result: o
configure:2906: checking whether we are using the GNU C compiler
configure:2935: gcc -c   conftest.c >&5
configure:2941: $? = 0
configure:2958: result: yes
configure:2963: checking whether gcc accepts -g
configure:2993: gcc -c -g  conftest.c >&5
configure:2999: $? = 0
configure:3098: result: yes
configure:3115: checking for gcc option to accept ISO C89
configure:3189: gcc  -c -g -O2  conftest.c >&5
configure:3195: $? = 0
configure:3218: result: none needed
configure:3238: checking dependency style of gcc
configure:3329: result: gcc3
configure:3345: checking for library containing strerror
configure:3386: gcc -o conftest -g -O2   conftest.c  >&5
configure:3392: $? = 0
configure:3420: result: none required
configure:3476: checking for gcc
configure:3503: result: gcc
configure:3741: checking for C compiler version
configure:3748: gcc --version >&5
gcc (GCC) 4.2.3 (Ubuntu 4.2.3-2ubuntu7)
Copyright (C) 2007 Free Software Foundation, Inc.
This is free software; see the source for copying conditions.  There is NO
warranty; not even for MERCHANTABILITY or FITNESS FOR A PARTICULAR PURPOSE.

configure:3751: $? = 0
configure:3758: gcc -v >&5
Using built-in specs.
Target: x86_64-linux-gnu
Configured with: ../src/configure -v --enable-languages=c,c++,fortran,objc,obj-c++,treelang --prefix=/usr --enable-shared --with-system-zlib --libexecdir=/usr/lib --without-included-gettext --enable-threads=posix --enable-nls --with-gxx-include-dir=/usr/include/c++/4.2 --program-suffix=-4.2 --enable-clocale=gnu --enable-libstdcxx-debug --enable-objc-gc --enable-mpfr --enable-checking=release --build=x86_64-linux-gnu --host=x86_64-linux-gnu --target=x86_64-linux-gnu
Thread model: posix
gcc version 4.2.3 (Ubuntu 4.2.3-2ubuntu7)
configure:3761: $? = 0
configure:3768: gcc -V >&5
gcc: '-V' option must have argument
configure:3771: $? = 1
configure:3774: checking whether we are using the GNU C compiler
configure:3826: result: yes
configure:3831: checking whether gcc accepts -g
configure:3966: result: yes
configure:3983: checking for gcc option to accept ISO C89
configure:4086: result: none needed
configure:4106: checking dependency style of gcc
configure:4197: result: gcc3
configure:4260: checking for gcc
configure:4287: result: gcc
configure:4525: checking for C compiler version
configure:4532: gcc --version >&5
gcc (GCC) 4.2.3 (Ubuntu 4.2.3-2ubuntu7)
Copyright (C) 2007 Free Software Foundation, Inc.
This is free software; see the source for copying conditions.  There is NO
warranty; not even for MERCHANTABILITY or FITNESS FOR A PARTICULAR PURPOSE.

configure:4535: $? = 0
configure:4542: gcc -v >&5
Using built-in specs.
Target: x86_64-linux-gnu
Configured with: ../src/configure -v --enable-languages=c,c++,fortran,objc,obj-c++,treelang --prefix=/usr --enable-shared --with-system-zlib --libexecdir=/usr/lib --without-included-gettext --enable-threads=posix --enable-nls --with-gxx-include-dir=/usr/include/c++/4.2 --program-suffix=-4.2 --enable-clocale=gnu --enable-libstdcxx-debug --enable-objc-gc --enable-mpfr --enable-checking=release --build=x86_64-linux-gnu --host=x86_64-linux-gnu --target=x86_64-linux-gnu
Thread model: posix
gcc version 4.2.3 (Ubuntu 4.2.3-2ubuntu7)
configure:4545: $? = 0
configure:4552: gcc -V >&5
gcc: '-V' option must have argument
configure:4555: $? = 1
configure:4558: checking whether we are using the GNU C compiler
configure:4610: result: yes
configure:4615: checking whether gcc accepts -g
configure:4750: result: yes
configure:4767: checking for gcc option to accept ISO C89
configure:4870: result: none needed
configure:4890: checking dependency style of gcc
configure:4981: result: gcc3
configure:5004: checking how to run the C preprocessor
configure:5044: gcc -E  conftest.c
configure:5050: $? = 0
configure:5081: gcc -E  conftest.c
conftest.c:10:28: error: ac_nonexistent.h: No such file or directory
configure:5087: $? = 1
configure: failed program was:
| /* confdefs.h.  */
| #define PACKAGE_NAME ""
| #define PACKAGE_TARNAME ""
| #define PACKAGE_VERSION ""
| #define PACKAGE_STRING ""
| #define PACKAGE_BUGREPORT ""
| #define PACKAGE "laborlichtctrl"
| #define VERSION "0.1"
| /* end confdefs.h.  */
| #include <ac_nonexistent.h>
configure:5120: result: gcc -E
configure:5149: gcc -E  conftest.c
configure:5155: $? = 0
configure:5186: gcc -E  conftest.c
conftest.c:10:28: error: ac_nonexistent.h: No such file or directory
configure:5192: $? = 1
configure: failed program was:
| /* confdefs.h.  */
| #define PACKAGE_NAME ""
| #define PACKAGE_TARNAME ""
| #define PACKAGE_VERSION ""
| #define PACKAGE_STRING ""
| #define PACKAGE_BUGREPORT ""
| #define PACKAGE "laborlichtctrl"
| #define VERSION "0.1"
| /* end confdefs.h.  */
| #include <ac_nonexistent.h>
configure:5230: checking for grep that handles long lines and -e
configure:5304: result: /bin/grep
configure:5309: checking for egrep
configure:5387: result: /bin/grep -E
configure:5392: checking for ANSI C header files
configure:5422: gcc -c -g -O2  conftest.c >&5
configure:5428: $? = 0
configure:5527: gcc -o conftest -g -O2   conftest.c  >&5
configure:5530: $? = 0
configure:5536: ./conftest
configure:5539: $? = 0
configure:5556: result: yes
configure:5617: checking for pkg-config
configure:5635: found /usr/bin/pkg-config
configure:5647: result: /usr/bin/pkg-config
configure:5676: checking pkg-config is at least version 0.9.0
configure:5679: result: yes
configure:5690: checking for PACKAGE
configure:5698: $PKG_CONFIG --exists --print-errors "$pkg_modules"
configure:5701: $? = 0
configure:5716: $PKG_CONFIG --exists --print-errors "$pkg_modules"
configure:5719: $? = 0
configure:5795: result: yes
configure:5825: checking for sys/types.h
configure:5846: gcc -c -g -O2  conftest.c >&5
configure:5852: $? = 0
configure:5868: result: yes
configure:5825: checking for sys/stat.h
configure:5846: gcc -c -g -O2  conftest.c >&5
configure:5852: $? = 0
configure:5868: result: yes
configure:5825: checking for stdlib.h
configure:5846: gcc -c -g -O2  conftest.c >&5
configure:5852: $? = 0
configure:5868: result: yes
configure:5825: checking for string.h
configure:5846: gcc -c -g -O2  conftest.c >&5
configure:5852: $? = 0
configure:5868: result: yes
configure:5825: checking for memory.h
configure:5846: gcc -c -g -O2  conftest.c >&5
configure:5852: $? = 0
configure:5868: result: yes
configure:5825: checking for strings.h
configure:5846: gcc -c -g -O2  conftest.c >&5
configure:5852: $? = 0
configure:5868: result: yes
configure:5825: checking for inttypes.h
configure:5846: gcc -c -g -O2  conftest.c >&5
configure:5852: $? = 0
configure:5868: result: yes
configure:5825: checking for stdint.h
configure:5846: gcc -c -g -O2  conftest.c >&5
configure:5852: $? = 0
configure:5868: result: yes
configure:5825: checking for unistd.h
configure:5846: gcc -c -g -O2  conftest.c >&5
configure:5852: $? = 0
configure:5868: result: yes
configure:5896: checking locale.h usability
configure:5913: gcc -c -g -O2  conftest.c >&5
configure:5919: $? = 0
configure:5933: result: yes
configure:5937: checking locale.h presence
configure:5952: gcc -E  conftest.c
configure:5958: $? = 0
configure:5972: result: yes
configure:6000: checking for locale.h
configure:6008: result: yes
configure:6022: checking for LC_MESSAGES
configure:6048: gcc -o conftest -g -O2   conftest.c  >&5
configure:6054: $? = 0
configure:6071: result: yes
configure:6100: checking libintl.h usability
configure:6117: gcc -c -g -O2  conftest.c >&5
configure:6123: $? = 0
configure:6137: result: yes
configure:6141: checking libintl.h presence
configure:6156: gcc -E  conftest.c
configure:6162: $? = 0
configure:6176: result: yes
configure:6204: checking for libintl.h
configure:6211: result: yes
configure:6222: checking for ngettext in libc
configure:6250: gcc -o conftest -g -O2   conftest.c  >&5
configure:6256: $? = 0
configure:6274: result: yes
configure:6278: checking for dgettext in libc
configure:6306: gcc -o conftest -g -O2   conftest.c  >&5
configure:6312: $? = 0
configure:6330: result: yes
configure:6339: checking for bind_textdomain_codeset
configure:6395: gcc -o conftest -g -O2   conftest.c  >&5
configure:6401: $? = 0
configure:6419: result: yes
configure:6906: checking for msgfmt
configure:6933: result: /usr/bin/msgfmt
configure:6946: checking for dcgettext
configure:7002: gcc -o conftest -g -O2   conftest.c   >&5
conftest.c:48: warning: conflicting types for built-in function 'dcgettext'
configure:7008: $? = 0
configure:7026: result: yes
configure:7037: checking if msgfmt accepts -c
configure:7052: $MSGFMT -c -o /dev/null conftest.foo
configure:7055: $? = 0
configure:7057: result: yes
configure:7067: checking for gmsgfmt
configure:7098: result: /usr/bin/msgfmt
configure:7108: checking for xgettext
configure:7135: result: /usr/bin/xgettext
configure:7164: gcc -o conftest -g -O2   conftest.c   >&5
configure:7170: $? = 0
configure:7534: creating ./config.status

## ---------------------- ##
## Running config.status. ##
## ---------------------- ##

This file was extended by config.status, which was
generated by GNU Autoconf 2.61.  Invocation command line was

  CONFIG_FILES    = 
  CONFIG_HEADERS  = 
  CONFIG_LINKS    = 
  CONFIG_COMMANDS = 
  $ ./config.status 

on nakkatop

config.status:665: creating Makefile
config.status:665: creating src/Makefile
config.status:665: creating po/Makefile.in
config.status:665: creating config.h
config.status:945: executing depfiles commands
config.status:945: executing default-1 commands

## ---------------- ##
## Cache variables. ##
## ---------------- ##

ac_cv_c_compiler_gnu=yes
ac_cv_env_CC_set=
ac_cv_env_CC_value=
ac_cv_env_CFLAGS_set=
ac_cv_env_CFLAGS_value=
ac_cv_env_CPPFLAGS_set=
ac_cv_env_CPPFLAGS_value=
ac_cv_env_CPP_set=
ac_cv_env_CPP_value=
ac_cv_env_LDFLAGS_set=
ac_cv_env_LDFLAGS_value=
ac_cv_env_LIBS_set=
ac_cv_env_LIBS_value=
ac_cv_env_PACKAGE_CFLAGS_set=
ac_cv_env_PACKAGE_CFLAGS_value=
ac_cv_env_PACKAGE_LIBS_set=
ac_cv_env_PACKAGE_LIBS_value=
ac_cv_env_PKG_CONFIG_set=
ac_cv_env_PKG_CONFIG_value=
ac_cv_env_build_alias_set=
ac_cv_env_build_alias_value=
ac_cv_env_host_alias_set=
ac_cv_env_host_alias_value=
ac_cv_env_target_alias_set=
ac_cv_env_target_alias_value=
ac_cv_func_bind_textdomain_codeset=yes
ac_cv_func_dcgettext=yes
ac_cv_header_inttypes_h=yes
ac_cv_header_libintl_h=yes
ac_cv_header_locale_h=yes
ac_cv_header_memory_h=yes
ac_cv_header_stdc=yes
ac_cv_header_stdint_h=yes
ac_cv_header_stdlib_h=yes
ac_cv_header_string_h=yes
ac_cv_header_strings_h=yes
ac_cv_header_sys_stat_h=yes
ac_cv_header_sys_types_h=yes
ac_cv_header_unistd_h=yes
ac_cv_objext=o
ac_cv_path_EGREP='/bin/grep -E'
ac_cv_path_GMSGFMT=/usr/bin/msgfmt
ac_cv_path_GREP=/bin/grep
ac_cv_path_MSGFMT=/usr/bin/msgfmt
ac_cv_path_XGETTEXT=/usr/bin/xgettext
ac_cv_path_ac_pt_PKG_CONFIG=/usr/bin/pkg-config
ac_cv_path_install='/usr/bin/install -c'
ac_cv_path_mkdir=/bin/mkdir
ac_cv_prog_AWK=gawk
ac_cv_prog_CPP='gcc -E'
ac_cv_prog_ac_ct_CC=gcc
ac_cv_prog_cc_c89=
ac_cv_prog_cc_g=yes
ac_cv_prog_make_make_set=yes
ac_cv_search_strerror='none required'
am_cv_CC_dependencies_compiler_type=gcc3
am_cv_prog_cc_stdc=
am_cv_val_LC_MESSAGES=yes
gt_cv_func_dgettext_libc=yes
gt_cv_func_dgettext_libintl=no
gt_cv_func_ngettext_libc=yes
gt_cv_have_gettext=yes
pkg_cv_PACKAGE_CFLAGS='-DPNG_NO_MMX_CODE -I/usr/include/gtk-2.0 -I/usr/lib/gtk-2.0/include -I/usr/include/atk-1.0 -I/usr/include/cairo -I/usr/include/pango-1.0 -I/usr/include/glib-2.0 -I/usr/lib/glib-2.0/include -I/usr/include/freetype2 -I/usr/include/libpng12 -I/usr/include/pixman-1  '
pkg_cv_PACKAGE_LIBS='-lgtk-x11-2.0 -lgdk-x11-2.0 -latk-1.0 -lgdk_pixbuf-2.0 -lm -lpangocairo-1.0 -lpango-1.0 -lcairo -lgobject-2.0 -lgmodule-2.0 -ldl -lglib-2.0  '

## ----------------- ##
## Output variables. ##
## ----------------- ##

ACLOCAL='${SHELL} /home/sh/labor/svn/microcontroller/src-atmel/rfm12/rfmlaborlicht/ctrl/glade/laborlichtctrl/missing --run aclocal-1.10'
AMDEPBACKSLASH='\'
AMDEP_FALSE='#'
AMDEP_TRUE=''
AMTAR='${SHELL} /home/sh/labor/svn/microcontroller/src-atmel/rfm12/rfmlaborlicht/ctrl/glade/laborlichtctrl/missing --run tar'
AUTOCONF='${SHELL} /home/sh/labor/svn/microcontroller/src-atmel/rfm12/rfmlaborlicht/ctrl/glade/laborlichtctrl/missing --run autoconf'
AUTOHEADER='${SHELL} /home/sh/labor/svn/microcontroller/src-atmel/rfm12/rfmlaborlicht/ctrl/glade/laborlichtctrl/missing --run autoheader'
AUTOMAKE='${SHELL} /home/sh/labor/svn/microcontroller/src-atmel/rfm12/rfmlaborlicht/ctrl/glade/laborlichtctrl/missing --run automake-1.10'
AWK='gawk'
CATALOGS=''
CATOBJEXT='.gmo'
CC='gcc'
CCDEPMODE='depmode=gcc3'
CFLAGS='-g -O2'
CPP='gcc -E'
CPPFLAGS=''
CYGPATH_W='echo'
DATADIRNAME='share'
DEFS='-DHAVE_CONFIG_H'
DEPDIR='.deps'
ECHO_C=''
ECHO_N='-n'
ECHO_T=''
EGREP='/bin/grep -E'
EXEEXT=''
GETTEXT_PACKAGE='laborlichtctrl'
GMOFILES=''
GMSGFMT='/usr/bin/msgfmt'
GREP='/bin/grep'
INSTALL_DATA='${INSTALL} -m 644'
INSTALL_PROGRAM='${INSTALL}'
INSTALL_SCRIPT='${INSTALL}'
INSTALL_STRIP_PROGRAM='$(install_sh) -c -s'
INSTOBJEXT='.mo'
INTLLIBS=''
LDFLAGS=''
LIBOBJS=''
LIBS=''
LTLIBOBJS=''
MAINT=''
MAINTAINER_MODE_FALSE='#'
MAINTAINER_MODE_TRUE=''
MAKEINFO='${SHELL} /home/sh/labor/svn/microcontroller/src-atmel/rfm12/rfmlaborlicht/ctrl/glade/laborlichtctrl/missing --run makeinfo'
MKINSTALLDIRS='./mkinstalldirs'
MSGFMT='/usr/bin/msgfmt'
MSGFMT_OPTS='-c'
OBJEXT='o'
PACKAGE='laborlichtctrl'
PACKAGE_BUGREPORT=''
PACKAGE_CFLAGS='-DPNG_NO_MMX_CODE -I/usr/include/gtk-2.0 -I/usr/lib/gtk-2.0/include -I/usr/include/atk-1.0 -I/usr/include/cairo -I/usr/include/pango-1.0 -I/usr/include/glib-2.0 -I/usr/lib/glib-2.0/include -I/usr/include/freetype2 -I/usr/include/libpng12 -I/usr/include/pixman-1  '
PACKAGE_LIBS='-lgtk-x11-2.0 -lgdk-x11-2.0 -latk-1.0 -lgdk_pixbuf-2.0 -lm -lpangocairo-1.0 -lpango-1.0 -lcairo -lgobject-2.0 -lgmodule-2.0 -ldl -lglib-2.0  '
PACKAGE_NAME=''
PACKAGE_STRING=''
PACKAGE_TARNAME=''
PACKAGE_VERSION=''
PATH_SEPARATOR=':'
PKG_CONFIG='/usr/bin/pkg-config'
POFILES=''
POSUB='po'
PO_IN_DATADIR_FALSE=''
PO_IN_DATADIR_TRUE=''
SET_MAKE=''
SHELL='/bin/bash'
STRIP=''
USE_NLS='yes'
VERSION='0.1'
XGETTEXT='/usr/bin/xgettext'
ac_ct_CC='gcc'
am__fastdepCC_FALSE='#'
am__fastdepCC_TRUE=''
am__include='include'
am__isrc=''
am__leading_dot='.'
am__quote=''
am__tar='${AMTAR} chof - "$$tardir"'
am__untar='${AMTAR} xf -'
bindir='${exec_prefix}/bin'
build_alias=''
datadir='${datarootdir}'
datarootdir='${prefix}/share'
docdir='${datarootdir}/doc/${PACKAGE}'
dvidir='${docdir}'
exec_prefix='${prefix}'
host_alias=''
htmldir='${docdir}'
includedir='${prefix}/include'
infodir='${datarootdir}/info'
install_sh='$(SHELL) /home/sh/labor/svn/microcontroller/src-atmel/rfm12/rfmlaborlicht/ctrl/glade/laborlichtctrl/install-sh'
libdir='${exec_prefix}/lib'
libexecdir='${exec_prefix}/libexec'
localedir='${datarootdir}/locale'
localstatedir='${prefix}/var'
mandir='${datarootdir}/man'
mkdir_p='/bin/mkdir -p'
oldincludedir='/usr/include'
pdfdir='${docdir}'
prefix='/usr/local'
program_transform_name='s,x,x,'
psdir='${docdir}'
sbindir='${exec_prefix}/sbin'
sharedstatedir='${prefix}/com'
sysconfdir='${prefix}/etc'
target_alias=''

## ----------- ##
## confdefs.h. ##
## ----------- ##

#define PACKAGE_NAME ""
#define PACKAGE_TARNAME ""
#define PACKAGE_VERSION ""
#define PACKAGE_STRING ""
#define PACKAGE_BUGREPORT ""
#define PACKAGE "laborlichtctrl"
#define VERSION "0.1"
#define STDC_HEADERS 1
#define GETTEXT_PACKAGE "laborlichtctrl"
#define HAVE_SYS_TYPES_H 1
#define HAVE_SYS_STAT_H 1
#define HAVE_STDLIB_H 1
#define HAVE_STRING_H 1
#define HAVE_MEMORY_H 1
#define HAVE_STRINGS_H 1
#define HAVE_INTTYPES_H 1
#define HAVE_STDINT_H 1
#define HAVE_UNISTD_H 1
#define HAVE_LOCALE_H 1
#define HAVE_LC_MESSAGES 1
#define HAVE_BIND_TEXTDOMAIN_CODESET 1
#define HAVE_GETTEXT 1
#define HAVE_DCGETTEXT 1
#define ENABLE_NLS 1

configure: exit 0
