iMPACT Version: Oct 19 2007 03:35:43

iMPACT log file Started on Mon Apr 20 04:34:31 2009

Preference Table
Name                 Setting             
StartupClock         Auto_Correction     
AutoSignature        False               
KeepSVF              False               
ConcurrentMode       False               
UseHighz             False               
ConfigOnFailure      Stop                
UserLevel            Novice              
MessageLevel         Detailed            
svfUseTime           false               
SpiByteSwap          Auto_Correction     
Connecting to cable (Usb Port - usb21).
Checking cable driver.
 Driver version: 1027 (1027).
 Driver windrvr6.sys version = 8.1.1.0. WinDriver v8.11 Jungo (c) 1997 - 2006 Build Date: Oct 16 2006 X86 32bit SYS12:35:07, version = 811.
 Cable PID = 0008.
 Max current requested during enumeration is 74 mA.
Type = 0x0004.
 Cable Type = 3, Revision = 0.
 Setting cable speed to 6 MHz.
Cable connection established.
Firmware version = 1301.
File version of c:/Xilinx92i/data/xusb_xlp.hex = 1301.
Firmware hex file version = 1301.
ESN Family Code: 01
ESN: 000011E4170C
CPLD file version = 0012h.
CPLD version = 0012h.
INFO:iMPACT:501 - '1': Added Device BoundaryScanFile successfully.
----------------------------------------------------------------------
----------------------------------------------------------------------
Verbose level = 4
XSVF Interpreter v5.01, Xilinx, Inc.
XSVF file = d:\borg_sender\sender\picoblaze.xsvf
Execution Time = 1.547 seconds
The xsvf execute operation completed sucessfully.
Elapsed time =      2 sec.
