This file contains any messages produced by compilers while
running configure, to aid debugging if configure makes a mistake.

It was created by configure, which was
generated by GNU Autoconf 2.59.  Invocation command line was

  $ ./configure --prefix=/usr/src/TorPark/dillo --exec_prefix=/usr/src/TorPark/dillo

## --------- ##
## Platform. ##
## --------- ##

hostname = hawkeye
uname -m = i686
uname -r = 2.6.12-9-386
uname -s = Linux
uname -v = #1 Mon Oct 10 13:14:36 BST 2005

/usr/bin/uname -p = unknown
/bin/uname -X     = unknown

/bin/arch              = i686
/usr/bin/arch -k       = unknown
/usr/convex/getsysinfo = unknown
hostinfo               = unknown
/bin/machine           = unknown
/usr/bin/oslevel       = unknown
/bin/universe          = unknown

PATH: /usr/local/bin
PATH: /usr/local/sbin
PATH: /sbin
PATH: /usr/sbin
PATH: /bin
PATH: /usr/bin
PATH: /usr/bin/X11
PATH: /usr/games


## ----------- ##
## Core tests. ##
## ----------- ##

configure:1358: checking build system type
configure:1376: result: i686-pc-linux-gnu
configure:1384: checking host system type
configure:1398: result: i686-pc-linux-gnu
configure:1406: checking target system type
configure:1420: result: i686-pc-linux-gnu
configure:1449: checking for a BSD-compatible install
configure:1504: result: /usr/bin/install -c
configure:1515: checking whether build environment is sane
configure:1558: result: yes
configure:1623: checking for gawk
configure:1652: result: no
configure:1623: checking for mawk
configure:1639: found /usr/bin/mawk
configure:1649: result: mawk
configure:1659: checking whether make sets $(MAKE)
configure:1679: result: yes
configure:1984: checking for gcc
configure:2000: found /usr/bin/gcc
configure:2010: result: gcc
configure:2254: checking for C compiler version
configure:2257: gcc --version </dev/null >&5
gcc (GCC) 4.0.2 20050808 (prerelease) (Ubuntu 4.0.1-4ubuntu9)
Copyright (C) 2005 Free Software Foundation, Inc.
This is free software; see the source for copying conditions.  There is NO
warranty; not even for MERCHANTABILITY or FITNESS FOR A PARTICULAR PURPOSE.

configure:2260: $? = 0
configure:2262: gcc -v </dev/null >&5
Using built-in specs.
Target: i486-linux-gnu
Configured with: ../src/configure -v --enable-languages=c,c++,java,f95,objc,ada,treelang --prefix=/usr --with-gxx-include-dir=/usr/include/c++/4.0.2 --enable-shared --with-system-zlib --libexecdir=/usr/lib --enable-nls --without-included-gettext --enable-threads=posix --program-suffix=-4.0 --enable-__cxa_atexit --enable-libstdcxx-allocator=mt --enable-clocale=gnu --enable-libstdcxx-debug --enable-java-gc=boehm --enable-java-awt=gtk --enable-gtk-cairo --with-java-home=/usr/lib/jvm/java-1.4.2-gcj-4.0-1.4.2.0/jre --enable-mpfr --disable-werror --enable-checking=release i486-linux-gnu
Thread model: posix
gcc version 4.0.2 20050808 (prerelease) (Ubuntu 4.0.1-4ubuntu9)
configure:2265: $? = 0
configure:2267: gcc -V </dev/null >&5
gcc: '-V' option must have argument
configure:2270: $? = 1
configure:2293: checking for C compiler default output file name
configure:2296: gcc    conftest.c  >&5
configure:2299: $? = 0
configure:2345: result: a.out
configure:2350: checking whether the C compiler works
configure:2356: ./a.out
configure:2359: $? = 0
configure:2376: result: yes
configure:2383: checking whether we are cross compiling
configure:2385: result: no
configure:2388: checking for suffix of executables
configure:2390: gcc -o conftest    conftest.c  >&5
configure:2393: $? = 0
configure:2418: result: 
configure:2424: checking for suffix of object files
configure:2445: gcc -c   conftest.c >&5
configure:2448: $? = 0
configure:2470: result: o
configure:2474: checking whether we are using the GNU C compiler
configure:2498: gcc -c   conftest.c >&5
configure:2504: $? = 0
configure:2508: test -z 
			 || test ! -s conftest.err
configure:2511: $? = 0
configure:2514: test -s conftest.o
configure:2517: $? = 0
configure:2530: result: yes
configure:2536: checking whether gcc accepts -g
configure:2557: gcc -c -g  conftest.c >&5
configure:2563: $? = 0
configure:2567: test -z 
			 || test ! -s conftest.err
configure:2570: $? = 0
configure:2573: test -s conftest.o
configure:2576: $? = 0
configure:2587: result: yes
configure:2604: checking for gcc option to accept ANSI C
configure:2674: gcc  -c -g -O2  conftest.c >&5
configure:2680: $? = 0
configure:2684: test -z 
			 || test ! -s conftest.err
configure:2687: $? = 0
configure:2690: test -s conftest.o
configure:2693: $? = 0
configure:2711: result: none needed
configure:2729: gcc -c -g -O2  conftest.c >&5
conftest.c:2: error: syntax error before 'me'
configure:2735: $? = 1
configure: failed program was:
| #ifndef __cplusplus
|   choke me
| #endif
configure:2879: checking for style of include used by make
configure:2907: result: GNU
configure:2935: checking dependency style of gcc
configure:3025: result: gcc3
configure:3088: checking for gcc
configure:3114: result: gcc
configure:3358: checking for C compiler version
configure:3361: gcc --version </dev/null >&5
gcc (GCC) 4.0.2 20050808 (prerelease) (Ubuntu 4.0.1-4ubuntu9)
Copyright (C) 2005 Free Software Foundation, Inc.
This is free software; see the source for copying conditions.  There is NO
warranty; not even for MERCHANTABILITY or FITNESS FOR A PARTICULAR PURPOSE.

configure:3364: $? = 0
configure:3366: gcc -v </dev/null >&5
Using built-in specs.
Target: i486-linux-gnu
Configured with: ../src/configure -v --enable-languages=c,c++,java,f95,objc,ada,treelang --prefix=/usr --with-gxx-include-dir=/usr/include/c++/4.0.2 --enable-shared --with-system-zlib --libexecdir=/usr/lib --enable-nls --without-included-gettext --enable-threads=posix --program-suffix=-4.0 --enable-__cxa_atexit --enable-libstdcxx-allocator=mt --enable-clocale=gnu --enable-libstdcxx-debug --enable-java-gc=boehm --enable-java-awt=gtk --enable-gtk-cairo --with-java-home=/usr/lib/jvm/java-1.4.2-gcj-4.0-1.4.2.0/jre --enable-mpfr --disable-werror --enable-checking=release i486-linux-gnu
Thread model: posix
gcc version 4.0.2 20050808 (prerelease) (Ubuntu 4.0.1-4ubuntu9)
configure:3369: $? = 0
configure:3371: gcc -V </dev/null >&5
gcc: '-V' option must have argument
configure:3374: $? = 1
configure:3377: checking whether we are using the GNU C compiler
configure:3433: result: yes
configure:3439: checking whether gcc accepts -g
configure:3490: result: yes
configure:3507: checking for gcc option to accept ANSI C
configure:3614: result: none needed
configure:3632: gcc -c -g -O2  conftest.c >&5
conftest.c:2: error: syntax error before 'me'
configure:3638: $? = 1
configure: failed program was:
| #ifndef __cplusplus
|   choke me
| #endif
configure:3773: checking dependency style of gcc
configure:3863: result: gcc3
configure:3924: checking for ranlib
configure:3940: found /usr/bin/ranlib
configure:3951: result: ranlib
configure:3968: checking how to run the C preprocessor
configure:4003: gcc -E  conftest.c
configure:4009: $? = 0
configure:4041: gcc -E  conftest.c
conftest.c:11:28: error: ac_nonexistent.h: No such file or directory
configure:4047: $? = 1
configure: failed program was:
| /* confdefs.h.  */
| 
| #define PACKAGE_NAME ""
| #define PACKAGE_TARNAME ""
| #define PACKAGE_VERSION ""
| #define PACKAGE_STRING ""
| #define PACKAGE_BUGREPORT ""
| #define PACKAGE "dillo"
| #define VERSION "0.8.5"
| /* end confdefs.h.  */
| #include <ac_nonexistent.h>
configure:4086: result: gcc -E
configure:4110: gcc -E  conftest.c
configure:4116: $? = 0
configure:4148: gcc -E  conftest.c
conftest.c:11:28: error: ac_nonexistent.h: No such file or directory
configure:4154: $? = 1
configure: failed program was:
| /* confdefs.h.  */
| 
| #define PACKAGE_NAME ""
| #define PACKAGE_TARNAME ""
| #define PACKAGE_VERSION ""
| #define PACKAGE_STRING ""
| #define PACKAGE_BUGREPORT ""
| #define PACKAGE "dillo"
| #define VERSION "0.8.5"
| /* end confdefs.h.  */
| #include <ac_nonexistent.h>
configure:4208: checking for gethostbyname
configure:4265: gcc -o conftest -g -O2  -I/usr/local/include  -L/usr/local/lib conftest.c  >&5
configure:4271: $? = 0
configure:4275: test -z 
			 || test ! -s conftest.err
configure:4278: $? = 0
configure:4281: test -s conftest
configure:4284: $? = 0
configure:4296: result: yes
configure:4460: checking for setsockopt
configure:4517: gcc -o conftest -g -O2  -I/usr/local/include  -L/usr/local/lib conftest.c  >&5
configure:4523: $? = 0
configure:4527: test -z 
			 || test ! -s conftest.err
configure:4530: $? = 0
configure:4533: test -s conftest
configure:4536: $? = 0
configure:4548: result: yes
configure:4634: checking for socklen_t
configure:4659: gcc -c -g -O2  -I/usr/local/include conftest.c >&5
configure:4665: $? = 0
configure:4669: test -z 
			 || test ! -s conftest.err
configure:4672: $? = 0
configure:4675: test -s conftest.o
configure:4678: $? = 0
configure:4740: result: socklen_t
configure:4802: checking for glib-config
configure:4820: found /usr/bin/glib-config
configure:4833: result: /usr/bin/glib-config
configure:4841: checking for GLIB - version >= 1.2.0
configure:4945: gcc -o conftest -g -O2 -I/usr/include/glib-1.2 -I/usr/lib/glib/include  -I/usr/local/include  -L/usr/local/lib conftest.c -L/usr/lib -lglib  >&5
configure:4948: $? = 0
configure:4950: ./conftest
configure:4953: $? = 0
configure:4971: result: yes
configure:5118: checking for gtk-config
configure:5136: found /usr/bin/gtk-config
configure:5149: result: /usr/bin/gtk-config
configure:5157: checking for GTK - version >= 1.2.0
configure:5263: gcc -o conftest -g -O2 -I/usr/include/gtk-1.2 -I/usr/include/glib-1.2 -I/usr/lib/glib/include -I/usr/X11R6/include  -I/usr/local/include  -L/usr/local/lib conftest.c -L/usr/lib -L/usr/X11R6/lib -lgtk -lgdk -rdynamic -lgmodule -lglib -ldl -lXi -lXext -lX11 -lm  >&5
configure:5266: $? = 0
configure:5268: ./conftest
configure:5271: $? = 0
configure:5289: result: yes
configure:5389: checking for egrep
configure:5399: result: grep -E
configure:5404: checking for ANSI C header files
configure:5429: gcc -c -g -O2  -I/usr/local/include conftest.c >&5
configure:5435: $? = 0
configure:5439: test -z 
			 || test ! -s conftest.err
configure:5442: $? = 0
configure:5445: test -s conftest.o
configure:5448: $? = 0
configure:5537: gcc -o conftest -g -O2  -I/usr/local/include  -L/usr/local/lib conftest.c  >&5
conftest.c: In function 'main':
conftest.c:30: warning: incompatible implicit declaration of built-in function 'exit'
configure:5540: $? = 0
configure:5542: ./conftest
configure:5545: $? = 0
configure:5560: result: yes
configure:5584: checking for sys/types.h
configure:5600: gcc -c -g -O2  -I/usr/local/include conftest.c >&5
configure:5606: $? = 0
configure:5610: test -z 
			 || test ! -s conftest.err
configure:5613: $? = 0
configure:5616: test -s conftest.o
configure:5619: $? = 0
configure:5630: result: yes
configure:5584: checking for sys/stat.h
configure:5600: gcc -c -g -O2  -I/usr/local/include conftest.c >&5
configure:5606: $? = 0
configure:5610: test -z 
			 || test ! -s conftest.err
configure:5613: $? = 0
configure:5616: test -s conftest.o
configure:5619: $? = 0
configure:5630: result: yes
configure:5584: checking for stdlib.h
configure:5600: gcc -c -g -O2  -I/usr/local/include conftest.c >&5
configure:5606: $? = 0
configure:5610: test -z 
			 || test ! -s conftest.err
configure:5613: $? = 0
configure:5616: test -s conftest.o
configure:5619: $? = 0
configure:5630: result: yes
configure:5584: checking for string.h
configure:5600: gcc -c -g -O2  -I/usr/local/include conftest.c >&5
configure:5606: $? = 0
configure:5610: test -z 
			 || test ! -s conftest.err
configure:5613: $? = 0
configure:5616: test -s conftest.o
configure:5619: $? = 0
configure:5630: result: yes
configure:5584: checking for memory.h
configure:5600: gcc -c -g -O2  -I/usr/local/include conftest.c >&5
configure:5606: $? = 0
configure:5610: test -z 
			 || test ! -s conftest.err
configure:5613: $? = 0
configure:5616: test -s conftest.o
configure:5619: $? = 0
configure:5630: result: yes
configure:5584: checking for strings.h
configure:5600: gcc -c -g -O2  -I/usr/local/include conftest.c >&5
configure:5606: $? = 0
configure:5610: test -z 
			 || test ! -s conftest.err
configure:5613: $? = 0
configure:5616: test -s conftest.o
configure:5619: $? = 0
configure:5630: result: yes
configure:5584: checking for inttypes.h
configure:5600: gcc -c -g -O2  -I/usr/local/include conftest.c >&5
configure:5606: $? = 0
configure:5610: test -z 
			 || test ! -s conftest.err
configure:5613: $? = 0
configure:5616: test -s conftest.o
configure:5619: $? = 0
configure:5630: result: yes
configure:5584: checking for stdint.h
configure:5600: gcc -c -g -O2  -I/usr/local/include conftest.c >&5
configure:5606: $? = 0
configure:5610: test -z 
			 || test ! -s conftest.err
configure:5613: $? = 0
configure:5616: test -s conftest.o
configure:5619: $? = 0
configure:5630: result: yes
configure:5584: checking for unistd.h
configure:5600: gcc -c -g -O2  -I/usr/local/include conftest.c >&5
configure:5606: $? = 0
configure:5610: test -z 
			 || test ! -s conftest.err
configure:5613: $? = 0
configure:5616: test -s conftest.o
configure:5619: $? = 0
configure:5630: result: yes
configure:5652: checking jpeglib.h usability
configure:5664: gcc -c -g -O2  -I/usr/local/include conftest.c >&5
configure:5670: $? = 0
configure:5674: test -z 
			 || test ! -s conftest.err
configure:5677: $? = 0
configure:5680: test -s conftest.o
configure:5683: $? = 0
configure:5693: result: yes
configure:5697: checking jpeglib.h presence
configure:5707: gcc -E  -I/usr/local/include conftest.c
configure:5713: $? = 0
configure:5733: result: yes
configure:5768: checking for jpeglib.h
configure:5775: result: yes
configure:5789: checking for jpeg_destroy_decompress in -ljpeg
configure:5819: gcc -o conftest -g -O2  -I/usr/local/include  -L/usr/local/lib conftest.c -ljpeg   >&5
configure:5825: $? = 0
configure:5829: test -z 
			 || test ! -s conftest.err
configure:5832: $? = 0
configure:5835: test -s conftest
configure:5838: $? = 0
configure:5851: result: yes
configure:5895: checking zlib.h usability
configure:5907: gcc -c -g -O2  -I/usr/local/include conftest.c >&5
configure:5913: $? = 0
configure:5917: test -z 
			 || test ! -s conftest.err
configure:5920: $? = 0
configure:5923: test -s conftest.o
configure:5926: $? = 0
configure:5936: result: yes
configure:5940: checking zlib.h presence
configure:5950: gcc -E  -I/usr/local/include conftest.c
configure:5956: $? = 0
configure:5976: result: yes
configure:6011: checking for zlib.h
configure:6018: result: yes
configure:6032: checking for zlibVersion in -lz
configure:6062: gcc -o conftest -g -O2  -I/usr/local/include  -L/usr/local/lib conftest.c -lz   >&5
configure:6068: $? = 0
configure:6072: test -z 
			 || test ! -s conftest.err
configure:6075: $? = 0
configure:6078: test -s conftest
configure:6081: $? = 0
configure:6094: result: yes
configure:6114: checking for libpng-config
configure:6128: result: /usr/bin/libpng12-config
configure:6138: checking for libpng version
configure:6142: result: 1.2.8 (newer version)
configure:6423: checking openssl/ssl.h usability
configure:6435: gcc -c -g -O2  -I/usr/local/include conftest.c >&5
configure:6441: $? = 0
configure:6445: test -z 
			 || test ! -s conftest.err
configure:6448: $? = 0
configure:6451: test -s conftest.o
configure:6454: $? = 0
configure:6464: result: yes
configure:6468: checking openssl/ssl.h presence
configure:6478: gcc -E  -I/usr/local/include conftest.c
configure:6484: $? = 0
configure:6504: result: yes
configure:6539: checking for openssl/ssl.h
configure:6546: result: yes
configure:6560: checking for SSL_library_init in -lssl
configure:6590: gcc -o conftest -g -O2  -I/usr/local/include  -L/usr/local/lib conftest.c -lssl -lcrypto  >&5
configure:6596: $? = 0
configure:6600: test -z 
			 || test ! -s conftest.err
configure:6603: $? = 0
configure:6606: test -s conftest
configure:6609: $? = 0
configure:6622: result: yes
configure:6654: checking for pthread_create in -lpthread
configure:6684: gcc -o conftest -g -O2  -I/usr/local/include  -L/usr/local/lib conftest.c -lpthread   >&5
configure:6690: $? = 0
configure:6694: test -z 
			 || test ! -s conftest.err
configure:6697: $? = 0
configure:6700: test -s conftest
configure:6703: $? = 0
configure:6716: result: yes
configure:7356: checking for ANSI C header files
configure:7512: result: yes
configure:7538: checking fcntl.h usability
configure:7550: gcc -c -g -O2  -I/usr/local/include conftest.c >&5
configure:7556: $? = 0
configure:7560: test -z 
			 || test ! -s conftest.err
configure:7563: $? = 0
configure:7566: test -s conftest.o
configure:7569: $? = 0
configure:7579: result: yes
configure:7583: checking fcntl.h presence
configure:7593: gcc -E  -I/usr/local/include conftest.c
configure:7599: $? = 0
configure:7619: result: yes
configure:7654: checking for fcntl.h
configure:7661: result: yes
configure:7529: checking for unistd.h
configure:7534: result: yes
configure:7538: checking sys/uio.h usability
configure:7550: gcc -c -g -O2  -I/usr/local/include conftest.c >&5
configure:7556: $? = 0
configure:7560: test -z 
			 || test ! -s conftest.err
configure:7563: $? = 0
configure:7566: test -s conftest.o
configure:7569: $? = 0
configure:7579: result: yes
configure:7583: checking sys/uio.h presence
configure:7593: gcc -E  -I/usr/local/include conftest.c
configure:7599: $? = 0
configure:7619: result: yes
configure:7654: checking for sys/uio.h
configure:7661: result: yes
configure:7834: creating ./config.status

## ---------------------- ##
## Running config.status. ##
## ---------------------- ##

This file was extended by config.status, which was
generated by GNU Autoconf 2.59.  Invocation command line was

  CONFIG_FILES    = 
  CONFIG_HEADERS  = 
  CONFIG_LINKS    = 
  CONFIG_COMMANDS = 
  $ ./config.status 

on hawkeye

config.status:728: creating Makefile
config.status:728: creating dpid/Makefile
config.status:728: creating dpi/Makefile
config.status:728: creating doc/Makefile
config.status:728: creating src/Makefile
config.status:728: creating src/IO/Makefile
config.status:832: creating config.h
config.status:958: config.h is unchanged
config.status:1138: executing depfiles commands

## ---------------- ##
## Cache variables. ##
## ---------------- ##

ac_cv_build=i686-pc-linux-gnu
ac_cv_build_alias=i686-pc-linux-gnu
ac_cv_c_compiler_gnu=yes
ac_cv_env_CC_set=
ac_cv_env_CC_value=
ac_cv_env_CFLAGS_set=
ac_cv_env_CFLAGS_value=
ac_cv_env_CPPFLAGS_set=
ac_cv_env_CPPFLAGS_value=
ac_cv_env_CPP_set=
ac_cv_env_CPP_value=
ac_cv_env_LDFLAGS_set=
ac_cv_env_LDFLAGS_value=
ac_cv_env_build_alias_set=
ac_cv_env_build_alias_value=
ac_cv_env_host_alias_set=
ac_cv_env_host_alias_value=
ac_cv_env_target_alias_set=
ac_cv_env_target_alias_value=
ac_cv_exeext=
ac_cv_func_gethostbyname=yes
ac_cv_func_setsockopt=yes
ac_cv_header_fcntl_h=yes
ac_cv_header_inttypes_h=yes
ac_cv_header_jpeglib_h=yes
ac_cv_header_memory_h=yes
ac_cv_header_openssl_ssl_h=yes
ac_cv_header_stdc=yes
ac_cv_header_stdint_h=yes
ac_cv_header_stdlib_h=yes
ac_cv_header_string_h=yes
ac_cv_header_strings_h=yes
ac_cv_header_sys_stat_h=yes
ac_cv_header_sys_types_h=yes
ac_cv_header_sys_uio_h=yes
ac_cv_header_unistd_h=yes
ac_cv_header_zlib_h=yes
ac_cv_host=i686-pc-linux-gnu
ac_cv_host_alias=i686-pc-linux-gnu
ac_cv_lib_jpeg_jpeg_destroy_decompress=yes
ac_cv_lib_pthread_pthread_create=yes
ac_cv_lib_ssl_SSL_library_init=yes
ac_cv_lib_z_zlibVersion=yes
ac_cv_objext=o
ac_cv_path_GLIB_CONFIG=/usr/bin/glib-config
ac_cv_path_GTK_CONFIG=/usr/bin/gtk-config
ac_cv_path_install='/usr/bin/install -c'
ac_cv_prog_AWK=mawk
ac_cv_prog_CPP='gcc -E'
ac_cv_prog_ac_ct_CC=gcc
ac_cv_prog_ac_ct_RANLIB=ranlib
ac_cv_prog_cc_g=yes
ac_cv_prog_cc_stdc=
ac_cv_prog_egrep='grep -E'
ac_cv_prog_make_make_set=yes
ac_cv_socklen_t=socklen_t
ac_cv_target=i686-pc-linux-gnu
ac_cv_target_alias=i686-pc-linux-gnu
am_cv_CC_dependencies_compiler_type=gcc3
am_cv_prog_cc_stdc=

## ----------------- ##
## Output variables. ##
## ----------------- ##

ACLOCAL='${SHELL} /usr/src/TorPark/dillo-0.8.5/missing --run aclocal-1.9'
AMDEPBACKSLASH='\'
AMDEP_FALSE='#'
AMDEP_TRUE=''
AMTAR='${SHELL} /usr/src/TorPark/dillo-0.8.5/missing --run tar'
AUTOCONF='${SHELL} /usr/src/TorPark/dillo-0.8.5/missing --run autoconf'
AUTOHEADER='${SHELL} /usr/src/TorPark/dillo-0.8.5/missing --run autoheader'
AUTOMAKE='${SHELL} /usr/src/TorPark/dillo-0.8.5/missing --run automake-1.9'
AWK='mawk'
CC='gcc'
CCDEPMODE='depmode=gcc3'
CFLAGS='-g -O2 -D_REENTRANT -D_THREAD_SAFE -Wall -Waggregate-return'
CPP='gcc -E'
CPPFLAGS=' -I/usr/local/include'
CYGPATH_W='echo'
DEFS='-DHAVE_CONFIG_H'
DEPDIR='.deps'
ECHO_C=''
ECHO_N='-n'
ECHO_T=''
EGREP='grep -E'
EXEEXT=''
GLIB_CFLAGS='-I/usr/include/glib-1.2 -I/usr/lib/glib/include'
GLIB_CONFIG='/usr/bin/glib-config'
GLIB_LIBS='-L/usr/lib -lglib'
GTK_CFLAGS='-I/usr/include/gtk-1.2 -I/usr/include/glib-1.2 -I/usr/lib/glib/include -I/usr/X11R6/include'
GTK_CONFIG='/usr/bin/gtk-config'
GTK_LIBS='-L/usr/lib -L/usr/X11R6/lib -lgtk -lgdk -rdynamic -lgmodule -lglib -ldl -lXi -lXext -lX11 -lm'
INSTALL_DATA='${INSTALL} -m 644'
INSTALL_PROGRAM='${INSTALL}'
INSTALL_SCRIPT='${INSTALL}'
INSTALL_STRIP_PROGRAM='${SHELL} $(install_sh) -c -s'
LDFLAGS=' -L/usr/local/lib'
LIBJPEG_CPPFLAGS=''
LIBJPEG_LDFLAGS=''
LIBJPEG_LIBS='-ljpeg'
LIBOBJS=''
LIBPNG_CFLAGS='-I/usr/include/libpng12'
LIBPNG_LIBS='-lpng12'
LIBPTHREAD_LDFLAGS=''
LIBPTHREAD_LIBS='-lpthread'
LIBS=''
LIBSSL_LIBS='-lcrypto -lssl'
LIBZ_LIBS='-lz'
LTLIBOBJS=''
MAKEINFO='${SHELL} /usr/src/TorPark/dillo-0.8.5/missing --run makeinfo'
OBJEXT='o'
PACKAGE='dillo'
PACKAGE_BUGREPORT=''
PACKAGE_NAME=''
PACKAGE_STRING=''
PACKAGE_TARNAME=''
PACKAGE_VERSION=''
PATH_SEPARATOR=':'
RANLIB='ranlib'
SET_MAKE=''
SHELL='/bin/sh'
STRIP=''
VERSION='0.8.5'
ac_ct_CC='gcc'
ac_ct_RANLIB='ranlib'
ac_ct_STRIP=''
am__fastdepCC_FALSE='#'
am__fastdepCC_TRUE=''
am__include='include'
am__leading_dot='.'
am__quote=''
am__tar='${AMTAR} chof - "$$tardir"'
am__untar='${AMTAR} xf -'
bin=''
bindir='${exec_prefix}/bin'
build='i686-pc-linux-gnu'
build_alias=''
build_cpu='i686'
build_os='linux-gnu'
build_vendor='pc'
datadir='${prefix}/share'
doc=''
exec_prefix='/usr/src/TorPark/dillo'
host='i686-pc-linux-gnu'
host_alias=''
host_cpu='i686'
host_os='linux-gnu'
host_vendor='pc'
includedir='${prefix}/include'
infodir='${prefix}/info'
install_sh='/usr/src/TorPark/dillo-0.8.5/install-sh'
lib=''
libdir='${exec_prefix}/lib'
libexecdir='${exec_prefix}/libexec'
localstatedir='${prefix}/var'
mandir='${prefix}/man'
mkdir_p='mkdir -p --'
oldincludedir='/usr/include'
prefix='/usr/src/TorPark/dillo'
program_transform_name='s,x,x,'
sbindir='${exec_prefix}/sbin'
sharedstatedir='${prefix}/com'
src=''
sysconfdir='${prefix}/etc'
target='i686-pc-linux-gnu'
target_alias=''
target_cpu='i686'
target_os='linux-gnu'
target_vendor='pc'
util=''

## ----------- ##
## confdefs.h. ##
## ----------- ##

#define ENABLE_GIF
#define ENABLE_JPEG
#define ENABLE_PNG
#define ENABLE_SSL
#define HAVE_FCNTL_H 1
#define HAVE_GETHOSTBYNAME 1
#define HAVE_INTTYPES_H 1
#define HAVE_MEMORY_H 1
#define HAVE_SETSOCKOPT 1
#define HAVE_STDINT_H 1
#define HAVE_STDLIB_H 1
#define HAVE_STRINGS_H 1
#define HAVE_STRING_H 1
#define HAVE_SYS_STAT_H 1
#define HAVE_SYS_TYPES_H 1
#define HAVE_SYS_UIO_H 1
#define HAVE_UNISTD_H 1
#define HAVE_UNISTD_H 1
#define PACKAGE "dillo"
#define PACKAGE_BUGREPORT ""
#define PACKAGE_NAME ""
#define PACKAGE_STRING ""
#define PACKAGE_TARNAME ""
#define PACKAGE_VERSION ""
#define STDC_HEADERS 1
#define STDC_HEADERS 1
#define VERSION "0.8.5"

configure: exit 0
