   1               		.file	"font_small6.c"
   2               		.arch atmega32
   3               	__SREG__ = 0x3f
   4               	__SP_H__ = 0x3e
   5               	__SP_L__ = 0x3d
   6               	__tmp_reg__ = 0
   7               	__zero_reg__ = 1
   8               		.global __do_copy_data
   9               		.global __do_clear_bss
  11               		.text
  12               	.Ltext0:
  88               	.global	font_small6
  89               		.data
  92               	font_small6:
  93 0000 08        		.byte	8
  94 0001 0000      		.word	fontIndex_small6
  95 0003 0000      		.word	fontData_small6
  96 0005 20        		.byte	32
  97 0006 7E        		.byte	126
  98 0007 2E        		.byte	46
  99 0008 01        		.byte	1
 100               	.global	fontData_small6
 101               		.section	.progmem.data,"a",@progbits
 104               	fontData_small6:
 105 0000 00        		.byte	0
 106 0001 2F        		.byte	47
 107 0002 03        		.byte	3
 108 0003 00        		.byte	0
 109 0004 03        		.byte	3
 110 0005 12        		.byte	18
 111 0006 3F        		.byte	63
 112 0007 12        		.byte	18
 113 0008 3F        		.byte	63
 114 0009 12        		.byte	18
 115 000a 26        		.byte	38
 116 000b 7F        		.byte	127
 117 000c 32        		.byte	50
 118 000d 13        		.byte	19
 119 000e 0B        		.byte	11
 120 000f 34        		.byte	52
 121 0010 32        		.byte	50
 122 0011 1A        		.byte	26
 123 0012 25        		.byte	37
 124 0013 1A        		.byte	26
 125 0014 28        		.byte	40
 126 0015 03        		.byte	3
 127 0016 7E        		.byte	126
 128 0017 81        		.byte	-127
 129 0018 81        		.byte	-127
 130 0019 7E        		.byte	126
 131 001a 03        		.byte	3
 132 001b 03        		.byte	3
 133 001c 08        		.byte	8
 134 001d 1C        		.byte	28
 135 001e 08        		.byte	8
 136 001f 60        		.byte	96
 137 0020 08        		.byte	8
 138 0021 08        		.byte	8
 139 0022 20        		.byte	32
 140 0023 38        		.byte	56
 141 0024 07        		.byte	7
 142 0025 1E        		.byte	30
 143 0026 21        		.byte	33
 144 0027 21        		.byte	33
 145 0028 1E        		.byte	30
 146 0029 02        		.byte	2
 147 002a 3F        		.byte	63
 148 002b 32        		.byte	50
 149 002c 29        		.byte	41
 150 002d 29        		.byte	41
 151 002e 26        		.byte	38
 152 002f 12        		.byte	18
 153 0030 21        		.byte	33
 154 0031 25        		.byte	37
 155 0032 1A        		.byte	26
 156 0033 18        		.byte	24
 157 0034 16        		.byte	22
 158 0035 3F        		.byte	63
 159 0036 10        		.byte	16
 160 0037 27        		.byte	39
 161 0038 25        		.byte	37
 162 0039 19        		.byte	25
 163 003a 1E        		.byte	30
 164 003b 25        		.byte	37
 165 003c 25        		.byte	37
 166 003d 18        		.byte	24
 167 003e 01        		.byte	1
 168 003f 3D        		.byte	61
 169 0040 03        		.byte	3
 170 0041 1A        		.byte	26
 171 0042 25        		.byte	37
 172 0043 25        		.byte	37
 173 0044 1A        		.byte	26
 174 0045 12        		.byte	18
 175 0046 25        		.byte	37
 176 0047 25        		.byte	37
 177 0048 1E        		.byte	30
 178 0049 24        		.byte	36
 179 004a 64        		.byte	100
 180 004b 08        		.byte	8
 181 004c 14        		.byte	20
 182 004d 22        		.byte	34
 183 004e 14        		.byte	20
 184 004f 14        		.byte	20
 185 0050 14        		.byte	20
 186 0051 22        		.byte	34
 187 0052 14        		.byte	20
 188 0053 08        		.byte	8
 189 0054 02        		.byte	2
 190 0055 29        		.byte	41
 191 0056 05        		.byte	5
 192 0057 02        		.byte	2
 193 0058 1C        		.byte	28
 194 0059 22        		.byte	34
 195 005a 49        		.byte	73
 196 005b 55        		.byte	85
 197 005c 59        		.byte	89
 198 005d 12        		.byte	18
 199 005e 0C        		.byte	12
 200 005f 30        		.byte	48
 201 0060 0C        		.byte	12
 202 0061 0B        		.byte	11
 203 0062 0C        		.byte	12
 204 0063 30        		.byte	48
 205 0064 3F        		.byte	63
 206 0065 25        		.byte	37
 207 0066 25        		.byte	37
 208 0067 25        		.byte	37
 209 0068 1A        		.byte	26
 210 0069 1E        		.byte	30
 211 006a 21        		.byte	33
 212 006b 21        		.byte	33
 213 006c 21        		.byte	33
 214 006d 12        		.byte	18
 215 006e 3F        		.byte	63
 216 006f 21        		.byte	33
 217 0070 21        		.byte	33
 218 0071 21        		.byte	33
 219 0072 1E        		.byte	30
 220 0073 3F        		.byte	63
 221 0074 25        		.byte	37
 222 0075 25        		.byte	37
 223 0076 21        		.byte	33
 224 0077 3F        		.byte	63
 225 0078 05        		.byte	5
 226 0079 05        		.byte	5
 227 007a 01        		.byte	1
 228 007b 1E        		.byte	30
 229 007c 21        		.byte	33
 230 007d 21        		.byte	33
 231 007e 29        		.byte	41
 232 007f 3A        		.byte	58
 233 0080 3F        		.byte	63
 234 0081 04        		.byte	4
 235 0082 04        		.byte	4
 236 0083 3F        		.byte	63
 237 0084 3F        		.byte	63
 238 0085 30        		.byte	48
 239 0086 20        		.byte	32
 240 0087 1F        		.byte	31
 241 0088 3F        		.byte	63
 242 0089 0C        		.byte	12
 243 008a 12        		.byte	18
 244 008b 21        		.byte	33
 245 008c 3F        		.byte	63
 246 008d 20        		.byte	32
 247 008e 20        		.byte	32
 248 008f 3F        		.byte	63
 249 0090 03        		.byte	3
 250 0091 0C        		.byte	12
 251 0092 30        		.byte	48
 252 0093 0C        		.byte	12
 253 0094 03        		.byte	3
 254 0095 3F        		.byte	63
 255 0096 3F        		.byte	63
 256 0097 03        		.byte	3
 257 0098 0C        		.byte	12
 258 0099 30        		.byte	48
 259 009a 3F        		.byte	63
 260 009b 1E        		.byte	30
 261 009c 21        		.byte	33
 262 009d 21        		.byte	33
 263 009e 21        		.byte	33
 264 009f 1E        		.byte	30
 265 00a0 3F        		.byte	63
 266 00a1 09        		.byte	9
 267 00a2 09        		.byte	9
 268 00a3 06        		.byte	6
 269 00a4 1E        		.byte	30
 270 00a5 21        		.byte	33
 271 00a6 29        		.byte	41
 272 00a7 11        		.byte	17
 273 00a8 2E        		.byte	46
 274 00a9 3F        		.byte	63
 275 00aa 09        		.byte	9
 276 00ab 09        		.byte	9
 277 00ac 09        		.byte	9
 278 00ad 36        		.byte	54
 279 00ae 12        		.byte	18
 280 00af 25        		.byte	37
 281 00b0 29        		.byte	41
 282 00b1 12        		.byte	18
 283 00b2 01        		.byte	1
 284 00b3 3F        		.byte	63
 285 00b4 01        		.byte	1
 286 00b5 01        		.byte	1
 287 00b6 1F        		.byte	31
 288 00b7 20        		.byte	32
 289 00b8 20        		.byte	32
 290 00b9 20        		.byte	32
 291 00ba 1F        		.byte	31
 292 00bb 03        		.byte	3
 293 00bc 0C        		.byte	12
 294 00bd 30        		.byte	48
 295 00be 0C        		.byte	12
 296 00bf 03        		.byte	3
 297 00c0 03        		.byte	3
 298 00c1 0C        		.byte	12
 299 00c2 30        		.byte	48
 300 00c3 0C        		.byte	12
 301 00c4 30        		.byte	48
 302 00c5 0C        		.byte	12
 303 00c6 03        		.byte	3
 304 00c7 21        		.byte	33
 305 00c8 12        		.byte	18
 306 00c9 0C        		.byte	12
 307 00ca 12        		.byte	18
 308 00cb 21        		.byte	33
 309 00cc 01        		.byte	1
 310 00cd 02        		.byte	2
 311 00ce 3C        		.byte	60
 312 00cf 02        		.byte	2
 313 00d0 01        		.byte	1
 314 00d1 31        		.byte	49
 315 00d2 29        		.byte	41
 316 00d3 25        		.byte	37
 317 00d4 23        		.byte	35
 318 00d5 7F        		.byte	127
 319 00d6 41        		.byte	65
 320 00d7 07        		.byte	7
 321 00d8 38        		.byte	56
 322 00d9 41        		.byte	65
 323 00da 7F        		.byte	127
 324 00db 02        		.byte	2
 325 00dc 01        		.byte	1
 326 00dd 02        		.byte	2
 327 00de 40        		.byte	64
 328 00df 40        		.byte	64
 329 00e0 40        		.byte	64
 330 00e1 40        		.byte	64
 331 00e2 00        		.byte	0
 332 00e3 01        		.byte	1
 333 00e4 14        		.byte	20
 334 00e5 24        		.byte	36
 335 00e6 38        		.byte	56
 336 00e7 3F        		.byte	63
 337 00e8 24        		.byte	36
 338 00e9 24        		.byte	36
 339 00ea 18        		.byte	24
 340 00eb 18        		.byte	24
 341 00ec 24        		.byte	36
 342 00ed 24        		.byte	36
 343 00ee 18        		.byte	24
 344 00ef 24        		.byte	36
 345 00f0 24        		.byte	36
 346 00f1 3F        		.byte	63
 347 00f2 18        		.byte	24
 348 00f3 24        		.byte	36
 349 00f4 28        		.byte	40
 350 00f5 3E        		.byte	62
 351 00f6 05        		.byte	5
 352 00f7 18        		.byte	24
 353 00f8 A4        		.byte	-92
 354 00f9 A4        		.byte	-92
 355 00fa 7C        		.byte	124
 356 00fb 3F        		.byte	63
 357 00fc 04        		.byte	4
 358 00fd 38        		.byte	56
 359 00fe 3D        		.byte	61
 360 00ff FD        		.byte	-3
 361 0100 3F        		.byte	63
 362 0101 08        		.byte	8
 363 0102 34        		.byte	52
 364 0103 3F        		.byte	63
 365 0104 3C        		.byte	60
 366 0105 04        		.byte	4
 367 0106 3C        		.byte	60
 368 0107 04        		.byte	4
 369 0108 38        		.byte	56
 370 0109 3C        		.byte	60
 371 010a 04        		.byte	4
 372 010b 38        		.byte	56
 373 010c 18        		.byte	24
 374 010d 24        		.byte	36
 375 010e 24        		.byte	36
 376 010f 18        		.byte	24
 377 0110 FC        		.byte	-4
 378 0111 24        		.byte	36
 379 0112 24        		.byte	36
 380 0113 18        		.byte	24
 381 0114 18        		.byte	24
 382 0115 24        		.byte	36
 383 0116 24        		.byte	36
 384 0117 FC        		.byte	-4
 385 0118 3C        		.byte	60
 386 0119 04        		.byte	4
 387 011a 28        		.byte	40
 388 011b 24        		.byte	36
 389 011c 14        		.byte	20
 390 011d 1E        		.byte	30
 391 011e 24        		.byte	36
 392 011f 1C        		.byte	28
 393 0120 20        		.byte	32
 394 0121 3C        		.byte	60
 395 0122 0C        		.byte	12
 396 0123 30        		.byte	48
 397 0124 0C        		.byte	12
 398 0125 0C        		.byte	12
 399 0126 30        		.byte	48
 400 0127 0C        		.byte	12
 401 0128 30        		.byte	48
 402 0129 0C        		.byte	12
 403 012a 24        		.byte	36
 404 012b 18        		.byte	24
 405 012c 24        		.byte	36
 406 012d 9C        		.byte	-100
 407 012e 60        		.byte	96
 408 012f 1C        		.byte	28
 409 0130 34        		.byte	52
 410 0131 24        		.byte	36
 411 0132 2C        		.byte	44
 412 0133 08        		.byte	8
 413 0134 77        		.byte	119
 414 0135 7F        		.byte	127
 415 0136 77        		.byte	119
 416 0137 08        		.byte	8
 417 0138 01        		.byte	1
 418 0139 02        		.byte	2
 419 013a 01        		.byte	1
 420 013b 02        		.byte	2
 421 013c 3E        		.byte	62
 422 013d 05        		.byte	5
 423 013e 26        		.byte	38
 424 013f 18        		.byte	24
 425 0140 19        		.byte	25
 426 0141 24        		.byte	36
 427 0142 29        		.byte	41
 428 0143 19        		.byte	25
 429 0144 24        		.byte	36
 430 0145 24        		.byte	36
 431 0146 19        		.byte	25
 432 0147 1D        		.byte	29
 433 0148 20        		.byte	32
 434 0149 3D        		.byte	61
 435               	.global	fontIndex_small6
 438               	fontIndex_small6:
 439 014a 0000      		.word	0
 440 014c 0100      		.word	1
 441 014e 0200      		.word	2
 442 0150 0500      		.word	5
 443 0152 0A00      		.word	10
 444 0154 0D00      		.word	13
 445 0156 1100      		.word	17
 446 0158 1500      		.word	21
 447 015a 1600      		.word	22
 448 015c 1800      		.word	24
 449 015e 1A00      		.word	26
 450 0160 1C00      		.word	28
 451 0162 1F00      		.word	31
 452 0164 2000      		.word	32
 453 0166 2200      		.word	34
 454 0168 2300      		.word	35
 455 016a 2500      		.word	37
 456 016c 2900      		.word	41
 457 016e 2B00      		.word	43
 458 0170 2F00      		.word	47
 459 0172 3300      		.word	51
 460 0174 3700      		.word	55
 461 0176 3A00      		.word	58
 462 0178 3E00      		.word	62
 463 017a 4100      		.word	65
 464 017c 4500      		.word	69
 465 017e 4900      		.word	73
 466 0180 4A00      		.word	74
 467 0182 4B00      		.word	75
 468 0184 4E00      		.word	78
 469 0186 5100      		.word	81
 470 0188 5400      		.word	84
 471 018a 5800      		.word	88
 472 018c 5F00      		.word	95
 473 018e 6400      		.word	100
 474 0190 6900      		.word	105
 475 0192 6E00      		.word	110
 476 0194 7300      		.word	115
 477 0196 7700      		.word	119
 478 0198 7B00      		.word	123
 479 019a 8000      		.word	128
 480 019c 8400      		.word	132
 481 019e 8500      		.word	133
 482 01a0 8800      		.word	136
 483 01a2 8C00      		.word	140
 484 01a4 8F00      		.word	143
 485 01a6 9600      		.word	150
 486 01a8 9B00      		.word	155
 487 01aa A000      		.word	160
 488 01ac A400      		.word	164
 489 01ae A900      		.word	169
 490 01b0 AE00      		.word	174
 491 01b2 B200      		.word	178
 492 01b4 B600      		.word	182
 493 01b6 BB00      		.word	187
 494 01b8 C000      		.word	192
 495 01ba C700      		.word	199
 496 01bc CC00      		.word	204
 497 01be D100      		.word	209
 498 01c0 D500      		.word	213
 499 01c2 D700      		.word	215
 500 01c4 D900      		.word	217
 501 01c6 DB00      		.word	219
 502 01c8 DE00      		.word	222
 503 01ca E200      		.word	226
 504 01cc E400      		.word	228
 505 01ce E700      		.word	231
 506 01d0 EB00      		.word	235
 507 01d2 EE00      		.word	238
 508 01d4 F200      		.word	242
 509 01d6 F500      		.word	245
 510 01d8 F700      		.word	247
 511 01da FB00      		.word	251
 512 01dc FE00      		.word	254
 513 01de FF00      		.word	255
 514 01e0 0001      		.word	256
 515 01e2 0301      		.word	259
 516 01e4 0401      		.word	260
 517 01e6 0901      		.word	265
 518 01e8 0C01      		.word	268
 519 01ea 1001      		.word	272
 520 01ec 1401      		.word	276
 521 01ee 1801      		.word	280
 522 01f0 1A01      		.word	282
 523 01f2 1D01      		.word	285
 524 01f4 1F01      		.word	287
 525 01f6 2201      		.word	290
 526 01f8 2501      		.word	293
 527 01fa 2A01      		.word	298
 528 01fc 2D01      		.word	301
 529 01fe 3001      		.word	304
 530 0200 3301      		.word	307
 531 0202 3501      		.word	309
 532 0204 3601      		.word	310
 533 0206 3801      		.word	312
 534 0208 3C01      		.word	316
 535 020a 4101      		.word	321
 536 020c 4401      		.word	324
 537 020e 4801      		.word	328
 538 0210 4B01      		.word	331
 542               		.text
 544               	Letext:
 545               	/* File "font_small6.c": code    0 = 0x0000 (   0), prologues   0, epilogues   0 */
DEFINED SYMBOLS
                            *ABS*:00000000 font_small6.c
     /tmp/cc0oKaMd.s:3      *ABS*:0000003f __SREG__
     /tmp/cc0oKaMd.s:4      *ABS*:0000003e __SP_H__
     /tmp/cc0oKaMd.s:5      *ABS*:0000003d __SP_L__
     /tmp/cc0oKaMd.s:6      *ABS*:00000000 __tmp_reg__
     /tmp/cc0oKaMd.s:7      *ABS*:00000001 __zero_reg__
     /tmp/cc0oKaMd.s:92     .data:00000000 font_small6
     /tmp/cc0oKaMd.s:438    .progmem.data:0000014a fontIndex_small6
     /tmp/cc0oKaMd.s:104    .progmem.data:00000000 fontData_small6
     /tmp/cc0oKaMd.s:544    .text:00000000 Letext

UNDEFINED SYMBOLS
__do_copy_data
__do_clear_bss
