 command line:
   ./tb_roh_verzogerung_isim_beh.exe
     -intstyle  ise
     -ipchost  localhost
     -ipcport  2169

Sat Apr 18 23:29:32 2009

Total Line Count : 50

 Elaboration time : 0.03125 sec.

 Estimate current memory usage : 120.3 Meg. 

 Total Signals          : 7
 Total Nets             : 11
 Total Signal Drivers   : 4
 Total Blocks           : 7
 Total Primitive Blocks : 1
 Total Processes        : 4
 Total Traceable Variables  : 0
 Total Scalar Nets and Variables : 11
ntrace select -o on -m / -l this 
ntrace start 
isimrun 1000 ns 
Simulator is doing circuit initialization process.
Finished circuit initialization process.

 Simulation time 0.078125 sec.

 Estimate current memory usage : 128.688 Meg. 

Sat Apr 18 23:30:13 2009

