This file contains any messages produced by compilers while
running configure, to aid debugging if configure makes a mistake.

It was created by configure, which was
generated by GNU Autoconf 2.59.  Invocation command line was

  $ ./configure --prefix=/usr/src/TorPark/tor --exec_prefix=/usr/src/TorPark/tor

## --------- ##
## Platform. ##
## --------- ##

hostname = hawkeye
uname -m = i686
uname -r = 2.6.12-9-386
uname -s = Linux
uname -v = #1 Mon Oct 10 13:14:36 BST 2005

/usr/bin/uname -p = unknown
/bin/uname -X     = unknown

/bin/arch              = i686
/usr/bin/arch -k       = unknown
/usr/convex/getsysinfo = unknown
hostinfo               = unknown
/bin/machine           = unknown
/usr/bin/oslevel       = unknown
/bin/universe          = unknown

PATH: /usr/local/bin
PATH: /usr/local/sbin
PATH: /sbin
PATH: /usr/sbin
PATH: /bin
PATH: /usr/bin
PATH: /usr/bin/X11
PATH: /usr/games


## ----------- ##
## Core tests. ##
## ----------- ##

configure:1349: checking for a BSD-compatible install
configure:1404: result: /usr/bin/install -c
configure:1415: checking whether build environment is sane
configure:1458: result: yes
configure:1473: checking whether make sets $(MAKE)
configure:1493: result: yes
configure:1525: checking for working aclocal-1.4
configure:1532: result: found
configure:1540: checking for working autoconf
configure:1547: result: found
configure:1555: checking for working automake-1.4
configure:1562: result: found
configure:1570: checking for working autoheader
configure:1577: result: found
configure:1585: checking for working makeinfo
configure:1596: result: missing
configure:1613: checking build system type
configure:1631: result: i686-pc-linux-gnu
configure:1639: checking host system type
configure:1653: result: i686-pc-linux-gnu
configure:1766: checking for gcc
configure:1782: found /usr/bin/gcc
configure:1792: result: gcc
configure:2036: checking for C compiler version
configure:2039: gcc --version </dev/null >&5
gcc (GCC) 4.0.2 20050808 (prerelease) (Ubuntu 4.0.1-4ubuntu9)
Copyright (C) 2005 Free Software Foundation, Inc.
This is free software; see the source for copying conditions.  There is NO
warranty; not even for MERCHANTABILITY or FITNESS FOR A PARTICULAR PURPOSE.

configure:2042: $? = 0
configure:2044: gcc -v </dev/null >&5
Using built-in specs.
Target: i486-linux-gnu
Configured with: ../src/configure -v --enable-languages=c,c++,java,f95,objc,ada,treelang --prefix=/usr --with-gxx-include-dir=/usr/include/c++/4.0.2 --enable-shared --with-system-zlib --libexecdir=/usr/lib --enable-nls --without-included-gettext --enable-threads=posix --program-suffix=-4.0 --enable-__cxa_atexit --enable-libstdcxx-allocator=mt --enable-clocale=gnu --enable-libstdcxx-debug --enable-java-gc=boehm --enable-java-awt=gtk --enable-gtk-cairo --with-java-home=/usr/lib/jvm/java-1.4.2-gcj-4.0-1.4.2.0/jre --enable-mpfr --disable-werror --enable-checking=release i486-linux-gnu
Thread model: posix
gcc version 4.0.2 20050808 (prerelease) (Ubuntu 4.0.1-4ubuntu9)
configure:2047: $? = 0
configure:2049: gcc -V </dev/null >&5
gcc: '-V' option must have argument
configure:2052: $? = 1
configure:2075: checking for C compiler default output file name
configure:2078: gcc -static  -static conftest.c  >&5
configure:2081: $? = 0
configure:2127: result: a.out
configure:2132: checking whether the C compiler works
configure:2138: ./a.out
configure:2141: $? = 0
configure:2158: result: yes
configure:2165: checking whether we are cross compiling
configure:2167: result: no
configure:2170: checking for suffix of executables
configure:2172: gcc -o conftest -static  -static conftest.c  >&5
configure:2175: $? = 0
configure:2200: result: 
configure:2206: checking for suffix of object files
configure:2227: gcc -c -static  conftest.c >&5
configure:2230: $? = 0
configure:2252: result: o
configure:2256: checking whether we are using the GNU C compiler
configure:2280: gcc -c -static  conftest.c >&5
configure:2286: $? = 0
configure:2289: test -z 			 || test ! -s conftest.err
configure:2292: $? = 0
configure:2295: test -s conftest.o
configure:2298: $? = 0
configure:2311: result: yes
configure:2317: checking whether gcc accepts -g
configure:2338: gcc -c -g  conftest.c >&5
configure:2344: $? = 0
configure:2347: test -z 			 || test ! -s conftest.err
configure:2350: $? = 0
configure:2353: test -s conftest.o
configure:2356: $? = 0
configure:2367: result: yes
configure:2384: checking for gcc option to accept ANSI C
configure:2454: gcc  -c -static  conftest.c >&5
configure:2460: $? = 0
configure:2463: test -z 			 || test ! -s conftest.err
configure:2466: $? = 0
configure:2469: test -s conftest.o
configure:2472: $? = 0
configure:2490: result: none needed
configure:2508: gcc -c -static  conftest.c >&5
conftest.c:2: error: syntax error before 'me'
configure:2514: $? = 1
configure: failed program was:
| #ifndef __cplusplus
|   choke me
| #endif
configure:2644: checking whether make sets $(MAKE)
configure:2664: result: yes
configure:2714: checking for ranlib
configure:2730: found /usr/bin/ranlib
configure:2741: result: ranlib
configure:2793: checking for library containing socket
configure:2823: gcc -o conftest -static  -static conftest.c  >&5
configure:2829: $? = 0
configure:2832: test -z 			 || test ! -s conftest.err
configure:2835: $? = 0
configure:2838: test -s conftest
configure:2841: $? = 0
configure:2910: result: none required
configure:2917: checking for library containing gethostbyname
configure:2947: gcc -o conftest -static  -static conftest.c  >&5
/tmp/ccChswBe.o: In function `main':
conftest.c:(.text+0x1d): warning: Using 'gethostbyname' in statically linked applications requires at runtime the shared libraries from the glibc version used for linking
configure:2953: $? = 0
configure:2956: test -z 			 || test ! -s conftest.err
configure:2959: $? = 0
configure:2962: test -s conftest
configure:2965: $? = 0
configure:3034: result: none required
configure:3041: checking for library containing dlopen
configure:3071: gcc -o conftest -static  -static conftest.c  >&5
/tmp/ccaWZpaQ.o: In function `main':
conftest.c:(.text+0x1d): undefined reference to `dlopen'
collect2: ld returned 1 exit status
configure:3077: $? = 1
configure: failed program was:
| /* confdefs.h.  */
| 
| #define PACKAGE_NAME ""
| #define PACKAGE_TARNAME ""
| #define PACKAGE_VERSION ""
| #define PACKAGE_STRING ""
| #define PACKAGE_BUGREPORT ""
| #define PACKAGE "tor"
| #define VERSION "0.1.1.12-alpha"
| #define ENABLE_THREADS 1
| /* end confdefs.h.  */
| 
| /* Override any gcc2 internal prototype to avoid an error.  */
| #ifdef __cplusplus
| extern "C"
| #endif
| /* We use char because int might match the return type of a gcc2
|    builtin and then its argument prototype would still apply.  */
| char dlopen ();
| int
| main ()
| {
| dlopen ();
|   ;
|   return 0;
| }
configure:3125: gcc -o conftest -static  -static conftest.c -ldl   >&5
/tmp/ccUG9FWX.o: In function `main':
conftest.c:(.text+0x1d): warning: Using 'dlopen' in statically linked applications requires at runtime the shared libraries from the glibc version used for linking
configure:3131: $? = 0
configure:3134: test -z 			 || test ! -s conftest.err
configure:3137: $? = 0
configure:3140: test -s conftest
configure:3143: $? = 0
configure:3158: result: -ldl
configure:3167: checking for library containing pthread_create
configure:3197: gcc -o conftest -static  -static conftest.c -ldl  >&5
/tmp/ccoSYDXq.o: In function `main':
conftest.c:(.text+0x1d): undefined reference to `pthread_create'
collect2: ld returned 1 exit status
configure:3203: $? = 1
configure: failed program was:
| /* confdefs.h.  */
| 
| #define PACKAGE_NAME ""
| #define PACKAGE_TARNAME ""
| #define PACKAGE_VERSION ""
| #define PACKAGE_STRING ""
| #define PACKAGE_BUGREPORT ""
| #define PACKAGE "tor"
| #define VERSION "0.1.1.12-alpha"
| #define ENABLE_THREADS 1
| /* end confdefs.h.  */
| 
| /* Override any gcc2 internal prototype to avoid an error.  */
| #ifdef __cplusplus
| extern "C"
| #endif
| /* We use char because int might match the return type of a gcc2
|    builtin and then its argument prototype would still apply.  */
| char pthread_create ();
| int
| main ()
| {
| pthread_create ();
|   ;
|   return 0;
| }
configure:3251: gcc -o conftest -static  -static conftest.c -lpthread  -ldl  >&5
configure:3257: $? = 0
configure:3260: test -z 			 || test ! -s conftest.err
configure:3263: $? = 0
configure:3266: test -s conftest
configure:3269: $? = 0
configure:3284: result: -lpthread
configure:3291: checking for library containing pthread_detach
configure:3321: gcc -o conftest -static  -static conftest.c -lpthread -ldl  >&5
configure:3327: $? = 0
configure:3330: test -z 			 || test ! -s conftest.err
configure:3333: $? = 0
configure:3336: test -s conftest
configure:3339: $? = 0
configure:3408: result: none required
configure:3421: checking for a normal libevent
configure:3451: gcc -o conftest -static  -static conftest.c -lpthread -ldl  -levent >&5
configure:3454: $? = 0
configure:3456: ./conftest
configure:3459: $? = 0
configure:3475: result: yes
configure:3724: checking for OpenSSL directory
configure:3790: gcc -o conftest -static -I/usr/src/TorPark/tor  -L/usr/src/TorPark/tor -static conftest.c -lpthread -ldl  -levent -lssl -lcrypto >&5
configure:3793: $? = 0
configure:3795: ./conftest
configure:3798: $? = 0
configure:3833: result: /usr/src/TorPark/tor
configure:3870: checking for special C compiler options needed for large files
configure:3967: result: no
configure:3973: checking for _FILE_OFFSET_BITS value needed for large files
configure:4004: gcc -c -static -I/usr/src/TorPark/tor  conftest.c >&5
conftest.c:18: warning: left shift count >= width of type
conftest.c:18: warning: left shift count >= width of type
conftest.c:20: error: size of array 'off_t_is_large' is negative
configure:4010: $? = 1
configure: failed program was:
| /* confdefs.h.  */
| 
| #define PACKAGE_NAME ""
| #define PACKAGE_TARNAME ""
| #define PACKAGE_VERSION ""
| #define PACKAGE_STRING ""
| #define PACKAGE_BUGREPORT ""
| #define PACKAGE "tor"
| #define VERSION "0.1.1.12-alpha"
| #define ENABLE_THREADS 1
| /* end confdefs.h.  */
| #include <sys/types.h>
|  /* Check that off_t can represent 2**63 - 1 correctly.
|     We can't simply define LARGE_OFF_T to be 9223372036854775807,
|     since some C++ compilers masquerading as C compilers
|     incorrectly reject 9223372036854775807.  */
| #define LARGE_OFF_T (((off_t) 1 << 62) - 1 + ((off_t) 1 << 62))
|   int off_t_is_large[(LARGE_OFF_T % 2147483629 == 721
| 		       && LARGE_OFF_T % 2147483647 == 1)
| 		      ? 1 : -1];
| int
| main ()
| {
| 
|   ;
|   return 0;
| }
configure:4056: gcc -c -static -I/usr/src/TorPark/tor  conftest.c >&5
configure:4062: $? = 0
configure:4065: test -z 			 || test ! -s conftest.err
configure:4068: $? = 0
configure:4071: test -s conftest.o
configure:4074: $? = 0
configure:4086: result: 64
configure:4096: checking for _LARGE_FILES value needed for large files
configure:4127: gcc -c -static -I/usr/src/TorPark/tor  conftest.c >&5
configure:4133: $? = 0
configure:4136: test -z 			 || test ! -s conftest.err
configure:4139: $? = 0
configure:4142: test -s conftest.o
configure:4145: $? = 0
configure:4209: result: no
configure:4228: checking how to run the C preprocessor
configure:4263: gcc -E -I/usr/src/TorPark/tor  conftest.c
configure:4269: $? = 0
configure:4301: gcc -E -I/usr/src/TorPark/tor  conftest.c
conftest.c:13:28: error: ac_nonexistent.h: No such file or directory
configure:4307: $? = 1
configure: failed program was:
| /* confdefs.h.  */
| 
| #define PACKAGE_NAME ""
| #define PACKAGE_TARNAME ""
| #define PACKAGE_VERSION ""
| #define PACKAGE_STRING ""
| #define PACKAGE_BUGREPORT ""
| #define PACKAGE "tor"
| #define VERSION "0.1.1.12-alpha"
| #define ENABLE_THREADS 1
| #define _FILE_OFFSET_BITS 64
| /* end confdefs.h.  */
| #include <ac_nonexistent.h>
configure:4346: result: gcc -E
configure:4370: gcc -E -I/usr/src/TorPark/tor  conftest.c
configure:4376: $? = 0
configure:4408: gcc -E -I/usr/src/TorPark/tor  conftest.c
conftest.c:13:28: error: ac_nonexistent.h: No such file or directory
configure:4414: $? = 1
configure: failed program was:
| /* confdefs.h.  */
| 
| #define PACKAGE_NAME ""
| #define PACKAGE_TARNAME ""
| #define PACKAGE_VERSION ""
| #define PACKAGE_STRING ""
| #define PACKAGE_BUGREPORT ""
| #define PACKAGE "tor"
| #define VERSION "0.1.1.12-alpha"
| #define ENABLE_THREADS 1
| #define _FILE_OFFSET_BITS 64
| /* end confdefs.h.  */
| #include <ac_nonexistent.h>
configure:4458: checking for egrep
configure:4468: result: grep -E
configure:4473: checking for ANSI C header files
configure:4498: gcc -c -static -I/usr/src/TorPark/tor  conftest.c >&5
configure:4504: $? = 0
configure:4507: test -z 			 || test ! -s conftest.err
configure:4510: $? = 0
configure:4513: test -s conftest.o
configure:4516: $? = 0
configure:4605: gcc -o conftest -static -I/usr/src/TorPark/tor  -L/usr/src/TorPark/tor -static conftest.c -lpthread -ldl  -levent >&5
conftest.c: In function 'main':
conftest.c:30: warning: incompatible implicit declaration of built-in function 'exit'
configure:4608: $? = 0
configure:4610: ./conftest
configure:4613: $? = 0
configure:4628: result: yes
configure:4652: checking for sys/types.h
configure:4668: gcc -c -static -I/usr/src/TorPark/tor  conftest.c >&5
configure:4674: $? = 0
configure:4677: test -z 			 || test ! -s conftest.err
configure:4680: $? = 0
configure:4683: test -s conftest.o
configure:4686: $? = 0
configure:4697: result: yes
configure:4652: checking for sys/stat.h
configure:4668: gcc -c -static -I/usr/src/TorPark/tor  conftest.c >&5
configure:4674: $? = 0
configure:4677: test -z 			 || test ! -s conftest.err
configure:4680: $? = 0
configure:4683: test -s conftest.o
configure:4686: $? = 0
configure:4697: result: yes
configure:4652: checking for stdlib.h
configure:4668: gcc -c -static -I/usr/src/TorPark/tor  conftest.c >&5
configure:4674: $? = 0
configure:4677: test -z 			 || test ! -s conftest.err
configure:4680: $? = 0
configure:4683: test -s conftest.o
configure:4686: $? = 0
configure:4697: result: yes
configure:4652: checking for string.h
configure:4668: gcc -c -static -I/usr/src/TorPark/tor  conftest.c >&5
configure:4674: $? = 0
configure:4677: test -z 			 || test ! -s conftest.err
configure:4680: $? = 0
configure:4683: test -s conftest.o
configure:4686: $? = 0
configure:4697: result: yes
configure:4652: checking for memory.h
configure:4668: gcc -c -static -I/usr/src/TorPark/tor  conftest.c >&5
configure:4674: $? = 0
configure:4677: test -z 			 || test ! -s conftest.err
configure:4680: $? = 0
configure:4683: test -s conftest.o
configure:4686: $? = 0
configure:4697: result: yes
configure:4652: checking for strings.h
configure:4668: gcc -c -static -I/usr/src/TorPark/tor  conftest.c >&5
configure:4674: $? = 0
configure:4677: test -z 			 || test ! -s conftest.err
configure:4680: $? = 0
configure:4683: test -s conftest.o
configure:4686: $? = 0
configure:4697: result: yes
configure:4652: checking for inttypes.h
configure:4668: gcc -c -static -I/usr/src/TorPark/tor  conftest.c >&5
configure:4674: $? = 0
configure:4677: test -z 			 || test ! -s conftest.err
configure:4680: $? = 0
configure:4683: test -s conftest.o
configure:4686: $? = 0
configure:4697: result: yes
configure:4652: checking for stdint.h
configure:4668: gcc -c -static -I/usr/src/TorPark/tor  conftest.c >&5
configure:4674: $? = 0
configure:4677: test -z 			 || test ! -s conftest.err
configure:4680: $? = 0
configure:4683: test -s conftest.o
configure:4686: $? = 0
configure:4697: result: yes
configure:4652: checking for unistd.h
configure:4668: gcc -c -static -I/usr/src/TorPark/tor  conftest.c >&5
configure:4674: $? = 0
configure:4677: test -z 			 || test ! -s conftest.err
configure:4680: $? = 0
configure:4683: test -s conftest.o
configure:4686: $? = 0
configure:4697: result: yes
configure:4732: checking for unistd.h
configure:4737: result: yes
configure:4732: checking for string.h
configure:4737: result: yes
configure:4741: checking signal.h usability
configure:4753: gcc -c -static -I/usr/src/TorPark/tor  conftest.c >&5
configure:4759: $? = 0
configure:4762: test -z 			 || test ! -s conftest.err
configure:4765: $? = 0
configure:4768: test -s conftest.o
configure:4771: $? = 0
configure:4781: result: yes
configure:4785: checking signal.h presence
configure:4795: gcc -E -I/usr/src/TorPark/tor  conftest.c
configure:4801: $? = 0
configure:4821: result: yes
configure:4856: checking for signal.h
configure:4863: result: yes
configure:4741: checking netdb.h usability
configure:4753: gcc -c -static -I/usr/src/TorPark/tor  conftest.c >&5
configure:4759: $? = 0
configure:4762: test -z 			 || test ! -s conftest.err
configure:4765: $? = 0
configure:4768: test -s conftest.o
configure:4771: $? = 0
configure:4781: result: yes
configure:4785: checking netdb.h presence
configure:4795: gcc -E -I/usr/src/TorPark/tor  conftest.c
configure:4801: $? = 0
configure:4821: result: yes
configure:4856: checking for netdb.h
configure:4863: result: yes
configure:4741: checking ctype.h usability
configure:4753: gcc -c -static -I/usr/src/TorPark/tor  conftest.c >&5
configure:4759: $? = 0
configure:4762: test -z 			 || test ! -s conftest.err
configure:4765: $? = 0
configure:4768: test -s conftest.o
configure:4771: $? = 0
configure:4781: result: yes
configure:4785: checking ctype.h presence
configure:4795: gcc -E -I/usr/src/TorPark/tor  conftest.c
configure:4801: $? = 0
configure:4821: result: yes
configure:4856: checking for ctype.h
configure:4863: result: yes
configure:4732: checking for sys/stat.h
configure:4737: result: yes
configure:4732: checking for sys/types.h
configure:4737: result: yes
configure:4741: checking fcntl.h usability
configure:4753: gcc -c -static -I/usr/src/TorPark/tor  conftest.c >&5
configure:4759: $? = 0
configure:4762: test -z 			 || test ! -s conftest.err
configure:4765: $? = 0
configure:4768: test -s conftest.o
configure:4771: $? = 0
configure:4781: result: yes
configure:4785: checking fcntl.h presence
configure:4795: gcc -E -I/usr/src/TorPark/tor  conftest.c
configure:4801: $? = 0
configure:4821: result: yes
configure:4856: checking for fcntl.h
configure:4863: result: yes
configure:4741: checking sys/fcntl.h usability
configure:4753: gcc -c -static -I/usr/src/TorPark/tor  conftest.c >&5
configure:4759: $? = 0
configure:4762: test -z 			 || test ! -s conftest.err
configure:4765: $? = 0
configure:4768: test -s conftest.o
configure:4771: $? = 0
configure:4781: result: yes
configure:4785: checking sys/fcntl.h presence
configure:4795: gcc -E -I/usr/src/TorPark/tor  conftest.c
configure:4801: $? = 0
configure:4821: result: yes
configure:4856: checking for sys/fcntl.h
configure:4863: result: yes
configure:4741: checking sys/ioctl.h usability
configure:4753: gcc -c -static -I/usr/src/TorPark/tor  conftest.c >&5
configure:4759: $? = 0
configure:4762: test -z 			 || test ! -s conftest.err
configure:4765: $? = 0
configure:4768: test -s conftest.o
configure:4771: $? = 0
configure:4781: result: yes
configure:4785: checking sys/ioctl.h presence
configure:4795: gcc -E -I/usr/src/TorPark/tor  conftest.c
configure:4801: $? = 0
configure:4821: result: yes
configure:4856: checking for sys/ioctl.h
configure:4863: result: yes
configure:4741: checking sys/socket.h usability
configure:4753: gcc -c -static -I/usr/src/TorPark/tor  conftest.c >&5
configure:4759: $? = 0
configure:4762: test -z 			 || test ! -s conftest.err
configure:4765: $? = 0
configure:4768: test -s conftest.o
configure:4771: $? = 0
configure:4781: result: yes
configure:4785: checking sys/socket.h presence
configure:4795: gcc -E -I/usr/src/TorPark/tor  conftest.c
configure:4801: $? = 0
configure:4821: result: yes
configure:4856: checking for sys/socket.h
configure:4863: result: yes
configure:4741: checking sys/time.h usability
configure:4753: gcc -c -static -I/usr/src/TorPark/tor  conftest.c >&5
configure:4759: $? = 0
configure:4762: test -z 			 || test ! -s conftest.err
configure:4765: $? = 0
configure:4768: test -s conftest.o
configure:4771: $? = 0
configure:4781: result: yes
configure:4785: checking sys/time.h presence
configure:4795: gcc -E -I/usr/src/TorPark/tor  conftest.c
configure:4801: $? = 0
configure:4821: result: yes
configure:4856: checking for sys/time.h
configure:4863: result: yes
configure:4741: checking netinet/in.h usability
configure:4753: gcc -c -static -I/usr/src/TorPark/tor  conftest.c >&5
configure:4759: $? = 0
configure:4762: test -z 			 || test ! -s conftest.err
configure:4765: $? = 0
configure:4768: test -s conftest.o
configure:4771: $? = 0
configure:4781: result: yes
configure:4785: checking netinet/in.h presence
configure:4795: gcc -E -I/usr/src/TorPark/tor  conftest.c
configure:4801: $? = 0
configure:4821: result: yes
configure:4856: checking for netinet/in.h
configure:4863: result: yes
configure:4741: checking arpa/inet.h usability
configure:4753: gcc -c -static -I/usr/src/TorPark/tor  conftest.c >&5
configure:4759: $? = 0
configure:4762: test -z 			 || test ! -s conftest.err
configure:4765: $? = 0
configure:4768: test -s conftest.o
configure:4771: $? = 0
configure:4781: result: yes
configure:4785: checking arpa/inet.h presence
configure:4795: gcc -E -I/usr/src/TorPark/tor  conftest.c
configure:4801: $? = 0
configure:4821: result: yes
configure:4856: checking for arpa/inet.h
configure:4863: result: yes
configure:4741: checking errno.h usability
configure:4753: gcc -c -static -I/usr/src/TorPark/tor  conftest.c >&5
configure:4759: $? = 0
configure:4762: test -z 			 || test ! -s conftest.err
configure:4765: $? = 0
configure:4768: test -s conftest.o
configure:4771: $? = 0
configure:4781: result: yes
configure:4785: checking errno.h presence
configure:4795: gcc -E -I/usr/src/TorPark/tor  conftest.c
configure:4801: $? = 0
configure:4821: result: yes
configure:4856: checking for errno.h
configure:4863: result: yes
configure:4741: checking assert.h usability
configure:4753: gcc -c -static -I/usr/src/TorPark/tor  conftest.c >&5
configure:4759: $? = 0
configure:4762: test -z 			 || test ! -s conftest.err
configure:4765: $? = 0
configure:4768: test -s conftest.o
configure:4771: $? = 0
configure:4781: result: yes
configure:4785: checking assert.h presence
configure:4795: gcc -E -I/usr/src/TorPark/tor  conftest.c
configure:4801: $? = 0
configure:4821: result: yes
configure:4856: checking for assert.h
configure:4863: result: yes
configure:4741: checking time.h usability
configure:4753: gcc -c -static -I/usr/src/TorPark/tor  conftest.c >&5
configure:4759: $? = 0
configure:4762: test -z 			 || test ! -s conftest.err
configure:4765: $? = 0
configure:4768: test -s conftest.o
configure:4771: $? = 0
configure:4781: result: yes
configure:4785: checking time.h presence
configure:4795: gcc -E -I/usr/src/TorPark/tor  conftest.c
configure:4801: $? = 0
configure:4821: result: yes
configure:4856: checking for time.h
configure:4863: result: yes
configure:4741: checking pwd.h usability
configure:4753: gcc -c -static -I/usr/src/TorPark/tor  conftest.c >&5
configure:4759: $? = 0
configure:4762: test -z 			 || test ! -s conftest.err
configure:4765: $? = 0
configure:4768: test -s conftest.o
configure:4771: $? = 0
configure:4781: result: yes
configure:4785: checking pwd.h presence
configure:4795: gcc -E -I/usr/src/TorPark/tor  conftest.c
configure:4801: $? = 0
configure:4821: result: yes
configure:4856: checking for pwd.h
configure:4863: result: yes
configure:4741: checking grp.h usability
configure:4753: gcc -c -static -I/usr/src/TorPark/tor  conftest.c >&5
configure:4759: $? = 0
configure:4762: test -z 			 || test ! -s conftest.err
configure:4765: $? = 0
configure:4768: test -s conftest.o
configure:4771: $? = 0
configure:4781: result: yes
configure:4785: checking grp.h presence
configure:4795: gcc -E -I/usr/src/TorPark/tor  conftest.c
configure:4801: $? = 0
configure:4821: result: yes
configure:4856: checking for grp.h
configure:4863: result: yes
configure:4894: checking event.h usability
configure:4906: gcc -c -static -I/usr/src/TorPark/tor  conftest.c >&5
configure:4912: $? = 0
configure:4915: test -z 			 || test ! -s conftest.err
configure:4918: $? = 0
configure:4921: test -s conftest.o
configure:4924: $? = 0
configure:4934: result: yes
configure:4938: checking event.h presence
configure:4948: gcc -E -I/usr/src/TorPark/tor  conftest.c
configure:4954: $? = 0
configure:4974: result: yes
configure:5009: checking for event.h
configure:5016: result: yes
configure:5048: checking zlib.h usability
configure:5060: gcc -c -static -I/usr/src/TorPark/tor  conftest.c >&5
configure:5066: $? = 0
configure:5069: test -z 			 || test ! -s conftest.err
configure:5072: $? = 0
configure:5075: test -s conftest.o
configure:5078: $? = 0
configure:5088: result: yes
configure:5092: checking zlib.h presence
configure:5102: gcc -E -I/usr/src/TorPark/tor  conftest.c
configure:5108: $? = 0
configure:5128: result: yes
configure:5163: checking for zlib.h
configure:5170: result: yes
configure:5209: checking for stdint.h
configure:5214: result: yes
configure:5209: checking for sys/types.h
configure:5214: result: yes
configure:5209: checking for inttypes.h
configure:5214: result: yes
configure:5218: checking sys/param.h usability
configure:5230: gcc -c -static -I/usr/src/TorPark/tor  conftest.c >&5
configure:5236: $? = 0
configure:5239: test -z 			 || test ! -s conftest.err
configure:5242: $? = 0
configure:5245: test -s conftest.o
configure:5248: $? = 0
configure:5258: result: yes
configure:5262: checking sys/param.h presence
configure:5272: gcc -E -I/usr/src/TorPark/tor  conftest.c
configure:5278: $? = 0
configure:5298: result: yes
configure:5333: checking for sys/param.h
configure:5340: result: yes
configure:5218: checking sys/wait.h usability
configure:5230: gcc -c -static -I/usr/src/TorPark/tor  conftest.c >&5
configure:5236: $? = 0
configure:5239: test -z 			 || test ! -s conftest.err
configure:5242: $? = 0
configure:5245: test -s conftest.o
configure:5248: $? = 0
configure:5258: result: yes
configure:5262: checking sys/wait.h presence
configure:5272: gcc -E -I/usr/src/TorPark/tor  conftest.c
configure:5278: $? = 0
configure:5298: result: yes
configure:5333: checking for sys/wait.h
configure:5340: result: yes
configure:5218: checking sys/limits.h usability
configure:5230: gcc -c -static -I/usr/src/TorPark/tor  conftest.c >&5
conftest.c:83:24: error: sys/limits.h: No such file or directory
configure:5236: $? = 1
configure: failed program was:
| /* confdefs.h.  */
| 
| #define PACKAGE_NAME ""
| #define PACKAGE_TARNAME ""
| #define PACKAGE_VERSION ""
| #define PACKAGE_STRING ""
| #define PACKAGE_BUGREPORT ""
| #define PACKAGE "tor"
| #define VERSION "0.1.1.12-alpha"
| #define ENABLE_THREADS 1
| #define _FILE_OFFSET_BITS 64
| #define STDC_HEADERS 1
| #define HAVE_SYS_TYPES_H 1
| #define HAVE_SYS_STAT_H 1
| #define HAVE_STDLIB_H 1
| #define HAVE_STRING_H 1
| #define HAVE_MEMORY_H 1
| #define HAVE_STRINGS_H 1
| #define HAVE_INTTYPES_H 1
| #define HAVE_STDINT_H 1
| #define HAVE_UNISTD_H 1
| #define HAVE_UNISTD_H 1
| #define HAVE_STRING_H 1
| #define HAVE_SIGNAL_H 1
| #define HAVE_NETDB_H 1
| #define HAVE_CTYPE_H 1
| #define HAVE_SYS_STAT_H 1
| #define HAVE_SYS_TYPES_H 1
| #define HAVE_FCNTL_H 1
| #define HAVE_SYS_FCNTL_H 1
| #define HAVE_SYS_IOCTL_H 1
| #define HAVE_SYS_SOCKET_H 1
| #define HAVE_SYS_TIME_H 1
| #define HAVE_NETINET_IN_H 1
| #define HAVE_ARPA_INET_H 1
| #define HAVE_ERRNO_H 1
| #define HAVE_ASSERT_H 1
| #define HAVE_TIME_H 1
| #define HAVE_PWD_H 1
| #define HAVE_GRP_H 1
| #define HAVE_EVENT_H 1
| #define HAVE_ZLIB_H 1
| #define HAVE_STDINT_H 1
| #define HAVE_SYS_TYPES_H 1
| #define HAVE_INTTYPES_H 1
| #define HAVE_SYS_PARAM_H 1
| #define HAVE_SYS_WAIT_H 1
| /* end confdefs.h.  */
| #include <stdio.h>
| #if HAVE_SYS_TYPES_H
| # include <sys/types.h>
| #endif
| #if HAVE_SYS_STAT_H
| # include <sys/stat.h>
| #endif
| #if STDC_HEADERS
| # include <stdlib.h>
| # include <stddef.h>
| #else
| # if HAVE_STDLIB_H
| #  include <stdlib.h>
| # endif
| #endif
| #if HAVE_STRING_H
| # if !STDC_HEADERS && HAVE_MEMORY_H
| #  include <memory.h>
| # endif
| # include <string.h>
| #endif
| #if HAVE_STRINGS_H
| # include <strings.h>
| #endif
| #if HAVE_INTTYPES_H
| # include <inttypes.h>
| #else
| # if HAVE_STDINT_H
| #  include <stdint.h>
| # endif
| #endif
| #if HAVE_UNISTD_H
| # include <unistd.h>
| #endif
| #include <sys/limits.h>
configure:5258: result: no
configure:5262: checking sys/limits.h presence
configure:5272: gcc -E -I/usr/src/TorPark/tor  conftest.c
conftest.c:49:24: error: sys/limits.h: No such file or directory
configure:5278: $? = 1
configure: failed program was:
| /* confdefs.h.  */
| 
| #define PACKAGE_NAME ""
| #define PACKAGE_TARNAME ""
| #define PACKAGE_VERSION ""
| #define PACKAGE_STRING ""
| #define PACKAGE_BUGREPORT ""
| #define PACKAGE "tor"
| #define VERSION "0.1.1.12-alpha"
| #define ENABLE_THREADS 1
| #define _FILE_OFFSET_BITS 64
| #define STDC_HEADERS 1
| #define HAVE_SYS_TYPES_H 1
| #define HAVE_SYS_STAT_H 1
| #define HAVE_STDLIB_H 1
| #define HAVE_STRING_H 1
| #define HAVE_MEMORY_H 1
| #define HAVE_STRINGS_H 1
| #define HAVE_INTTYPES_H 1
| #define HAVE_STDINT_H 1
| #define HAVE_UNISTD_H 1
| #define HAVE_UNISTD_H 1
| #define HAVE_STRING_H 1
| #define HAVE_SIGNAL_H 1
| #define HAVE_NETDB_H 1
| #define HAVE_CTYPE_H 1
| #define HAVE_SYS_STAT_H 1
| #define HAVE_SYS_TYPES_H 1
| #define HAVE_FCNTL_H 1
| #define HAVE_SYS_FCNTL_H 1
| #define HAVE_SYS_IOCTL_H 1
| #define HAVE_SYS_SOCKET_H 1
| #define HAVE_SYS_TIME_H 1
| #define HAVE_NETINET_IN_H 1
| #define HAVE_ARPA_INET_H 1
| #define HAVE_ERRNO_H 1
| #define HAVE_ASSERT_H 1
| #define HAVE_TIME_H 1
| #define HAVE_PWD_H 1
| #define HAVE_GRP_H 1
| #define HAVE_EVENT_H 1
| #define HAVE_ZLIB_H 1
| #define HAVE_STDINT_H 1
| #define HAVE_SYS_TYPES_H 1
| #define HAVE_INTTYPES_H 1
| #define HAVE_SYS_PARAM_H 1
| #define HAVE_SYS_WAIT_H 1
| /* end confdefs.h.  */
| #include <sys/limits.h>
configure:5298: result: no
configure:5333: checking for sys/limits.h
configure:5340: result: no
configure:5209: checking for netinet/in.h
configure:5214: result: yes
configure:5209: checking for arpa/inet.h
configure:5214: result: yes
configure:5218: checking machine/limits.h usability
configure:5230: gcc -c -static -I/usr/src/TorPark/tor  conftest.c >&5
conftest.c:85:28: error: machine/limits.h: No such file or directory
configure:5236: $? = 1
configure: failed program was:
| /* confdefs.h.  */
| 
| #define PACKAGE_NAME ""
| #define PACKAGE_TARNAME ""
| #define PACKAGE_VERSION ""
| #define PACKAGE_STRING ""
| #define PACKAGE_BUGREPORT ""
| #define PACKAGE "tor"
| #define VERSION "0.1.1.12-alpha"
| #define ENABLE_THREADS 1
| #define _FILE_OFFSET_BITS 64
| #define STDC_HEADERS 1
| #define HAVE_SYS_TYPES_H 1
| #define HAVE_SYS_STAT_H 1
| #define HAVE_STDLIB_H 1
| #define HAVE_STRING_H 1
| #define HAVE_MEMORY_H 1
| #define HAVE_STRINGS_H 1
| #define HAVE_INTTYPES_H 1
| #define HAVE_STDINT_H 1
| #define HAVE_UNISTD_H 1
| #define HAVE_UNISTD_H 1
| #define HAVE_STRING_H 1
| #define HAVE_SIGNAL_H 1
| #define HAVE_NETDB_H 1
| #define HAVE_CTYPE_H 1
| #define HAVE_SYS_STAT_H 1
| #define HAVE_SYS_TYPES_H 1
| #define HAVE_FCNTL_H 1
| #define HAVE_SYS_FCNTL_H 1
| #define HAVE_SYS_IOCTL_H 1
| #define HAVE_SYS_SOCKET_H 1
| #define HAVE_SYS_TIME_H 1
| #define HAVE_NETINET_IN_H 1
| #define HAVE_ARPA_INET_H 1
| #define HAVE_ERRNO_H 1
| #define HAVE_ASSERT_H 1
| #define HAVE_TIME_H 1
| #define HAVE_PWD_H 1
| #define HAVE_GRP_H 1
| #define HAVE_EVENT_H 1
| #define HAVE_ZLIB_H 1
| #define HAVE_STDINT_H 1
| #define HAVE_SYS_TYPES_H 1
| #define HAVE_INTTYPES_H 1
| #define HAVE_SYS_PARAM_H 1
| #define HAVE_SYS_WAIT_H 1
| #define HAVE_NETINET_IN_H 1
| #define HAVE_ARPA_INET_H 1
| /* end confdefs.h.  */
| #include <stdio.h>
| #if HAVE_SYS_TYPES_H
| # include <sys/types.h>
| #endif
| #if HAVE_SYS_STAT_H
| # include <sys/stat.h>
| #endif
| #if STDC_HEADERS
| # include <stdlib.h>
| # include <stddef.h>
| #else
| # if HAVE_STDLIB_H
| #  include <stdlib.h>
| # endif
| #endif
| #if HAVE_STRING_H
| # if !STDC_HEADERS && HAVE_MEMORY_H
| #  include <memory.h>
| # endif
| # include <string.h>
| #endif
| #if HAVE_STRINGS_H
| # include <strings.h>
| #endif
| #if HAVE_INTTYPES_H
| # include <inttypes.h>
| #else
| # if HAVE_STDINT_H
| #  include <stdint.h>
| # endif
| #endif
| #if HAVE_UNISTD_H
| # include <unistd.h>
| #endif
| #include <machine/limits.h>
configure:5258: result: no
configure:5262: checking machine/limits.h presence
configure:5272: gcc -E -I/usr/src/TorPark/tor  conftest.c
conftest.c:51:28: error: machine/limits.h: No such file or directory
configure:5278: $? = 1
configure: failed program was:
| /* confdefs.h.  */
| 
| #define PACKAGE_NAME ""
| #define PACKAGE_TARNAME ""
| #define PACKAGE_VERSION ""
| #define PACKAGE_STRING ""
| #define PACKAGE_BUGREPORT ""
| #define PACKAGE "tor"
| #define VERSION "0.1.1.12-alpha"
| #define ENABLE_THREADS 1
| #define _FILE_OFFSET_BITS 64
| #define STDC_HEADERS 1
| #define HAVE_SYS_TYPES_H 1
| #define HAVE_SYS_STAT_H 1
| #define HAVE_STDLIB_H 1
| #define HAVE_STRING_H 1
| #define HAVE_MEMORY_H 1
| #define HAVE_STRINGS_H 1
| #define HAVE_INTTYPES_H 1
| #define HAVE_STDINT_H 1
| #define HAVE_UNISTD_H 1
| #define HAVE_UNISTD_H 1
| #define HAVE_STRING_H 1
| #define HAVE_SIGNAL_H 1
| #define HAVE_NETDB_H 1
| #define HAVE_CTYPE_H 1
| #define HAVE_SYS_STAT_H 1
| #define HAVE_SYS_TYPES_H 1
| #define HAVE_FCNTL_H 1
| #define HAVE_SYS_FCNTL_H 1
| #define HAVE_SYS_IOCTL_H 1
| #define HAVE_SYS_SOCKET_H 1
| #define HAVE_SYS_TIME_H 1
| #define HAVE_NETINET_IN_H 1
| #define HAVE_ARPA_INET_H 1
| #define HAVE_ERRNO_H 1
| #define HAVE_ASSERT_H 1
| #define HAVE_TIME_H 1
| #define HAVE_PWD_H 1
| #define HAVE_GRP_H 1
| #define HAVE_EVENT_H 1
| #define HAVE_ZLIB_H 1
| #define HAVE_STDINT_H 1
| #define HAVE_SYS_TYPES_H 1
| #define HAVE_INTTYPES_H 1
| #define HAVE_SYS_PARAM_H 1
| #define HAVE_SYS_WAIT_H 1
| #define HAVE_NETINET_IN_H 1
| #define HAVE_ARPA_INET_H 1
| /* end confdefs.h.  */
| #include <machine/limits.h>
configure:5298: result: no
configure:5333: checking for machine/limits.h
configure:5340: result: no
configure:5218: checking syslog.h usability
configure:5230: gcc -c -static -I/usr/src/TorPark/tor  conftest.c >&5
configure:5236: $? = 0
configure:5239: test -z 			 || test ! -s conftest.err
configure:5242: $? = 0
configure:5245: test -s conftest.o
configure:5248: $? = 0
configure:5258: result: yes
configure:5262: checking syslog.h presence
configure:5272: gcc -E -I/usr/src/TorPark/tor  conftest.c
configure:5278: $? = 0
configure:5298: result: yes
configure:5333: checking for syslog.h
configure:5340: result: yes
configure:5209: checking for sys/time.h
configure:5214: result: yes
configure:5218: checking sys/resource.h usability
configure:5230: gcc -c -static -I/usr/src/TorPark/tor  conftest.c >&5
configure:5236: $? = 0
configure:5239: test -z 			 || test ! -s conftest.err
configure:5242: $? = 0
configure:5245: test -s conftest.o
configure:5248: $? = 0
configure:5258: result: yes
configure:5262: checking sys/resource.h presence
configure:5272: gcc -E -I/usr/src/TorPark/tor  conftest.c
configure:5278: $? = 0
configure:5298: result: yes
configure:5333: checking for sys/resource.h
configure:5340: result: yes
configure:5218: checking stddef.h usability
configure:5230: gcc -c -static -I/usr/src/TorPark/tor  conftest.c >&5
configure:5236: $? = 0
configure:5239: test -z 			 || test ! -s conftest.err
configure:5242: $? = 0
configure:5245: test -s conftest.o
configure:5248: $? = 0
configure:5258: result: yes
configure:5262: checking stddef.h presence
configure:5272: gcc -E -I/usr/src/TorPark/tor  conftest.c
configure:5278: $? = 0
configure:5298: result: yes
configure:5333: checking for stddef.h
configure:5340: result: yes
configure:5209: checking for inttypes.h
configure:5214: result: yes
configure:5218: checking utime.h usability
configure:5230: gcc -c -static -I/usr/src/TorPark/tor  conftest.c >&5
configure:5236: $? = 0
configure:5239: test -z 			 || test ! -s conftest.err
configure:5242: $? = 0
configure:5245: test -s conftest.o
configure:5248: $? = 0
configure:5258: result: yes
configure:5262: checking utime.h presence
configure:5272: gcc -E -I/usr/src/TorPark/tor  conftest.c
configure:5278: $? = 0
configure:5298: result: yes
configure:5333: checking for utime.h
configure:5340: result: yes
configure:5218: checking sys/utime.h usability
configure:5230: gcc -c -static -I/usr/src/TorPark/tor  conftest.c >&5
conftest.c:91:23: error: sys/utime.h: No such file or directory
configure:5236: $? = 1
configure: failed program was:
| /* confdefs.h.  */
| 
| #define PACKAGE_NAME ""
| #define PACKAGE_TARNAME ""
| #define PACKAGE_VERSION ""
| #define PACKAGE_STRING ""
| #define PACKAGE_BUGREPORT ""
| #define PACKAGE "tor"
| #define VERSION "0.1.1.12-alpha"
| #define ENABLE_THREADS 1
| #define _FILE_OFFSET_BITS 64
| #define STDC_HEADERS 1
| #define HAVE_SYS_TYPES_H 1
| #define HAVE_SYS_STAT_H 1
| #define HAVE_STDLIB_H 1
| #define HAVE_STRING_H 1
| #define HAVE_MEMORY_H 1
| #define HAVE_STRINGS_H 1
| #define HAVE_INTTYPES_H 1
| #define HAVE_STDINT_H 1
| #define HAVE_UNISTD_H 1
| #define HAVE_UNISTD_H 1
| #define HAVE_STRING_H 1
| #define HAVE_SIGNAL_H 1
| #define HAVE_NETDB_H 1
| #define HAVE_CTYPE_H 1
| #define HAVE_SYS_STAT_H 1
| #define HAVE_SYS_TYPES_H 1
| #define HAVE_FCNTL_H 1
| #define HAVE_SYS_FCNTL_H 1
| #define HAVE_SYS_IOCTL_H 1
| #define HAVE_SYS_SOCKET_H 1
| #define HAVE_SYS_TIME_H 1
| #define HAVE_NETINET_IN_H 1
| #define HAVE_ARPA_INET_H 1
| #define HAVE_ERRNO_H 1
| #define HAVE_ASSERT_H 1
| #define HAVE_TIME_H 1
| #define HAVE_PWD_H 1
| #define HAVE_GRP_H 1
| #define HAVE_EVENT_H 1
| #define HAVE_ZLIB_H 1
| #define HAVE_STDINT_H 1
| #define HAVE_SYS_TYPES_H 1
| #define HAVE_INTTYPES_H 1
| #define HAVE_SYS_PARAM_H 1
| #define HAVE_SYS_WAIT_H 1
| #define HAVE_NETINET_IN_H 1
| #define HAVE_ARPA_INET_H 1
| #define HAVE_SYSLOG_H 1
| #define HAVE_SYS_TIME_H 1
| #define HAVE_SYS_RESOURCE_H 1
| #define HAVE_STDDEF_H 1
| #define HAVE_INTTYPES_H 1
| #define HAVE_UTIME_H 1
| /* end confdefs.h.  */
| #include <stdio.h>
| #if HAVE_SYS_TYPES_H
| # include <sys/types.h>
| #endif
| #if HAVE_SYS_STAT_H
| # include <sys/stat.h>
| #endif
| #if STDC_HEADERS
| # include <stdlib.h>
| # include <stddef.h>
| #else
| # if HAVE_STDLIB_H
| #  include <stdlib.h>
| # endif
| #endif
| #if HAVE_STRING_H
| # if !STDC_HEADERS && HAVE_MEMORY_H
| #  include <memory.h>
| # endif
| # include <string.h>
| #endif
| #if HAVE_STRINGS_H
| # include <strings.h>
| #endif
| #if HAVE_INTTYPES_H
| # include <inttypes.h>
| #else
| # if HAVE_STDINT_H
| #  include <stdint.h>
| # endif
| #endif
| #if HAVE_UNISTD_H
| # include <unistd.h>
| #endif
| #include <sys/utime.h>
configure:5258: result: no
configure:5262: checking sys/utime.h presence
configure:5272: gcc -E -I/usr/src/TorPark/tor  conftest.c
conftest.c:57:23: error: sys/utime.h: No such file or directory
configure:5278: $? = 1
configure: failed program was:
| /* confdefs.h.  */
| 
| #define PACKAGE_NAME ""
| #define PACKAGE_TARNAME ""
| #define PACKAGE_VERSION ""
| #define PACKAGE_STRING ""
| #define PACKAGE_BUGREPORT ""
| #define PACKAGE "tor"
| #define VERSION "0.1.1.12-alpha"
| #define ENABLE_THREADS 1
| #define _FILE_OFFSET_BITS 64
| #define STDC_HEADERS 1
| #define HAVE_SYS_TYPES_H 1
| #define HAVE_SYS_STAT_H 1
| #define HAVE_STDLIB_H 1
| #define HAVE_STRING_H 1
| #define HAVE_MEMORY_H 1
| #define HAVE_STRINGS_H 1
| #define HAVE_INTTYPES_H 1
| #define HAVE_STDINT_H 1
| #define HAVE_UNISTD_H 1
| #define HAVE_UNISTD_H 1
| #define HAVE_STRING_H 1
| #define HAVE_SIGNAL_H 1
| #define HAVE_NETDB_H 1
| #define HAVE_CTYPE_H 1
| #define HAVE_SYS_STAT_H 1
| #define HAVE_SYS_TYPES_H 1
| #define HAVE_FCNTL_H 1
| #define HAVE_SYS_FCNTL_H 1
| #define HAVE_SYS_IOCTL_H 1
| #define HAVE_SYS_SOCKET_H 1
| #define HAVE_SYS_TIME_H 1
| #define HAVE_NETINET_IN_H 1
| #define HAVE_ARPA_INET_H 1
| #define HAVE_ERRNO_H 1
| #define HAVE_ASSERT_H 1
| #define HAVE_TIME_H 1
| #define HAVE_PWD_H 1
| #define HAVE_GRP_H 1
| #define HAVE_EVENT_H 1
| #define HAVE_ZLIB_H 1
| #define HAVE_STDINT_H 1
| #define HAVE_SYS_TYPES_H 1
| #define HAVE_INTTYPES_H 1
| #define HAVE_SYS_PARAM_H 1
| #define HAVE_SYS_WAIT_H 1
| #define HAVE_NETINET_IN_H 1
| #define HAVE_ARPA_INET_H 1
| #define HAVE_SYSLOG_H 1
| #define HAVE_SYS_TIME_H 1
| #define HAVE_SYS_RESOURCE_H 1
| #define HAVE_STDDEF_H 1
| #define HAVE_INTTYPES_H 1
| #define HAVE_UTIME_H 1
| /* end confdefs.h.  */
| #include <sys/utime.h>
configure:5298: result: no
configure:5333: checking for sys/utime.h
configure:5340: result: no
configure:5378: checking for gettimeofday
configure:5435: gcc -o conftest -static -I/usr/src/TorPark/tor  -L/usr/src/TorPark/tor -static conftest.c -lpthread -ldl  -levent >&5
configure:5441: $? = 0
configure:5444: test -z 			 || test ! -s conftest.err
configure:5447: $? = 0
configure:5450: test -s conftest
configure:5453: $? = 0
configure:5465: result: yes
configure:5378: checking for ftime
configure:5435: gcc -o conftest -static -I/usr/src/TorPark/tor  -L/usr/src/TorPark/tor -static conftest.c -lpthread -ldl  -levent >&5
configure:5441: $? = 0
configure:5444: test -z 			 || test ! -s conftest.err
configure:5447: $? = 0
configure:5450: test -s conftest
configure:5453: $? = 0
configure:5465: result: yes
configure:5378: checking for socketpair
configure:5435: gcc -o conftest -static -I/usr/src/TorPark/tor  -L/usr/src/TorPark/tor -static conftest.c -lpthread -ldl  -levent >&5
configure:5441: $? = 0
configure:5444: test -z 			 || test ! -s conftest.err
configure:5447: $? = 0
configure:5450: test -s conftest
configure:5453: $? = 0
configure:5465: result: yes
configure:5378: checking for uname
configure:5435: gcc -o conftest -static -I/usr/src/TorPark/tor  -L/usr/src/TorPark/tor -static conftest.c -lpthread -ldl  -levent >&5
configure:5441: $? = 0
configure:5444: test -z 			 || test ! -s conftest.err
configure:5447: $? = 0
configure:5450: test -s conftest
configure:5453: $? = 0
configure:5465: result: yes
configure:5378: checking for inet_aton
configure:5435: gcc -o conftest -static -I/usr/src/TorPark/tor  -L/usr/src/TorPark/tor -static conftest.c -lpthread -ldl  -levent >&5
configure:5441: $? = 0
configure:5444: test -z 			 || test ! -s conftest.err
configure:5447: $? = 0
configure:5450: test -s conftest
configure:5453: $? = 0
configure:5465: result: yes
configure:5378: checking for strptime
configure:5435: gcc -o conftest -static -I/usr/src/TorPark/tor  -L/usr/src/TorPark/tor -static conftest.c -lpthread -ldl  -levent >&5
configure:5441: $? = 0
configure:5444: test -z 			 || test ! -s conftest.err
configure:5447: $? = 0
configure:5450: test -s conftest
configure:5453: $? = 0
configure:5465: result: yes
configure:5378: checking for getrlimit
configure:5435: gcc -o conftest -static -I/usr/src/TorPark/tor  -L/usr/src/TorPark/tor -static conftest.c -lpthread -ldl  -levent >&5
configure:5441: $? = 0
configure:5444: test -z 			 || test ! -s conftest.err
configure:5447: $? = 0
configure:5450: test -s conftest
configure:5453: $? = 0
configure:5465: result: yes
configure:5378: checking for setrlimit
configure:5435: gcc -o conftest -static -I/usr/src/TorPark/tor  -L/usr/src/TorPark/tor -static conftest.c -lpthread -ldl  -levent >&5
configure:5441: $? = 0
configure:5444: test -z 			 || test ! -s conftest.err
configure:5447: $? = 0
configure:5450: test -s conftest
configure:5453: $? = 0
configure:5465: result: yes
configure:5378: checking for strlcat
configure:5435: gcc -o conftest -static -I/usr/src/TorPark/tor  -L/usr/src/TorPark/tor -static conftest.c -lpthread -ldl  -levent >&5
/tmp/cc60ieEk.o: In function `main':
conftest.c:(.text+0x22): undefined reference to `strlcat'
/tmp/cc60ieEk.o:(.data+0x0): undefined reference to `strlcat'
collect2: ld returned 1 exit status
configure:5441: $? = 1
configure: failed program was:
| /* confdefs.h.  */
| 
| #define PACKAGE_NAME ""
| #define PACKAGE_TARNAME ""
| #define PACKAGE_VERSION ""
| #define PACKAGE_STRING ""
| #define PACKAGE_BUGREPORT ""
| #define PACKAGE "tor"
| #define VERSION "0.1.1.12-alpha"
| #define ENABLE_THREADS 1
| #define _FILE_OFFSET_BITS 64
| #define STDC_HEADERS 1
| #define HAVE_SYS_TYPES_H 1
| #define HAVE_SYS_STAT_H 1
| #define HAVE_STDLIB_H 1
| #define HAVE_STRING_H 1
| #define HAVE_MEMORY_H 1
| #define HAVE_STRINGS_H 1
| #define HAVE_INTTYPES_H 1
| #define HAVE_STDINT_H 1
| #define HAVE_UNISTD_H 1
| #define HAVE_UNISTD_H 1
| #define HAVE_STRING_H 1
| #define HAVE_SIGNAL_H 1
| #define HAVE_NETDB_H 1
| #define HAVE_CTYPE_H 1
| #define HAVE_SYS_STAT_H 1
| #define HAVE_SYS_TYPES_H 1
| #define HAVE_FCNTL_H 1
| #define HAVE_SYS_FCNTL_H 1
| #define HAVE_SYS_IOCTL_H 1
| #define HAVE_SYS_SOCKET_H 1
| #define HAVE_SYS_TIME_H 1
| #define HAVE_NETINET_IN_H 1
| #define HAVE_ARPA_INET_H 1
| #define HAVE_ERRNO_H 1
| #define HAVE_ASSERT_H 1
| #define HAVE_TIME_H 1
| #define HAVE_PWD_H 1
| #define HAVE_GRP_H 1
| #define HAVE_EVENT_H 1
| #define HAVE_ZLIB_H 1
| #define HAVE_STDINT_H 1
| #define HAVE_SYS_TYPES_H 1
| #define HAVE_INTTYPES_H 1
| #define HAVE_SYS_PARAM_H 1
| #define HAVE_SYS_WAIT_H 1
| #define HAVE_NETINET_IN_H 1
| #define HAVE_ARPA_INET_H 1
| #define HAVE_SYSLOG_H 1
| #define HAVE_SYS_TIME_H 1
| #define HAVE_SYS_RESOURCE_H 1
| #define HAVE_STDDEF_H 1
| #define HAVE_INTTYPES_H 1
| #define HAVE_UTIME_H 1
| #define HAVE_GETTIMEOFDAY 1
| #define HAVE_FTIME 1
| #define HAVE_SOCKETPAIR 1
| #define HAVE_UNAME 1
| #define HAVE_INET_ATON 1
| #define HAVE_STRPTIME 1
| #define HAVE_GETRLIMIT 1
| #define HAVE_SETRLIMIT 1
| /* end confdefs.h.  */
| /* Define strlcat to an innocuous variant, in case <limits.h> declares strlcat.
|    For example, HP-UX 11i <limits.h> declares gettimeofday.  */
| #define strlcat innocuous_strlcat
| 
| /* System header to define __stub macros and hopefully few prototypes,
|     which can conflict with char strlcat (); below.
|     Prefer <limits.h> to <assert.h> if __STDC__ is defined, since
|     <limits.h> exists even on freestanding compilers.  */
| 
| #ifdef __STDC__
| # include <limits.h>
| #else
| # include <assert.h>
| #endif
| 
| #undef strlcat
| 
| /* Override any gcc2 internal prototype to avoid an error.  */
| #ifdef __cplusplus
| extern "C"
| {
| #endif
| /* We use char because int might match the return type of a gcc2
|    builtin and then its argument prototype would still apply.  */
| char strlcat ();
| /* The GNU C library defines this for functions which it implements
|     to always fail with ENOSYS.  Some functions are actually named
|     something starting with __ and the normal name is an alias.  */
| #if defined (__stub_strlcat) || defined (__stub___strlcat)
| choke me
| #else
| char (*f) () = strlcat;
| #endif
| #ifdef __cplusplus
| }
| #endif
| 
| int
| main ()
| {
| return f != strlcat;
|   ;
|   return 0;
| }
configure:5465: result: no
configure:5378: checking for strlcpy
configure:5435: gcc -o conftest -static -I/usr/src/TorPark/tor  -L/usr/src/TorPark/tor -static conftest.c -lpthread -ldl  -levent >&5
/tmp/cca2K5xG.o: In function `main':
conftest.c:(.text+0x22): undefined reference to `strlcpy'
/tmp/cca2K5xG.o:(.data+0x0): undefined reference to `strlcpy'
collect2: ld returned 1 exit status
configure:5441: $? = 1
configure: failed program was:
| /* confdefs.h.  */
| 
| #define PACKAGE_NAME ""
| #define PACKAGE_TARNAME ""
| #define PACKAGE_VERSION ""
| #define PACKAGE_STRING ""
| #define PACKAGE_BUGREPORT ""
| #define PACKAGE "tor"
| #define VERSION "0.1.1.12-alpha"
| #define ENABLE_THREADS 1
| #define _FILE_OFFSET_BITS 64
| #define STDC_HEADERS 1
| #define HAVE_SYS_TYPES_H 1
| #define HAVE_SYS_STAT_H 1
| #define HAVE_STDLIB_H 1
| #define HAVE_STRING_H 1
| #define HAVE_MEMORY_H 1
| #define HAVE_STRINGS_H 1
| #define HAVE_INTTYPES_H 1
| #define HAVE_STDINT_H 1
| #define HAVE_UNISTD_H 1
| #define HAVE_UNISTD_H 1
| #define HAVE_STRING_H 1
| #define HAVE_SIGNAL_H 1
| #define HAVE_NETDB_H 1
| #define HAVE_CTYPE_H 1
| #define HAVE_SYS_STAT_H 1
| #define HAVE_SYS_TYPES_H 1
| #define HAVE_FCNTL_H 1
| #define HAVE_SYS_FCNTL_H 1
| #define HAVE_SYS_IOCTL_H 1
| #define HAVE_SYS_SOCKET_H 1
| #define HAVE_SYS_TIME_H 1
| #define HAVE_NETINET_IN_H 1
| #define HAVE_ARPA_INET_H 1
| #define HAVE_ERRNO_H 1
| #define HAVE_ASSERT_H 1
| #define HAVE_TIME_H 1
| #define HAVE_PWD_H 1
| #define HAVE_GRP_H 1
| #define HAVE_EVENT_H 1
| #define HAVE_ZLIB_H 1
| #define HAVE_STDINT_H 1
| #define HAVE_SYS_TYPES_H 1
| #define HAVE_INTTYPES_H 1
| #define HAVE_SYS_PARAM_H 1
| #define HAVE_SYS_WAIT_H 1
| #define HAVE_NETINET_IN_H 1
| #define HAVE_ARPA_INET_H 1
| #define HAVE_SYSLOG_H 1
| #define HAVE_SYS_TIME_H 1
| #define HAVE_SYS_RESOURCE_H 1
| #define HAVE_STDDEF_H 1
| #define HAVE_INTTYPES_H 1
| #define HAVE_UTIME_H 1
| #define HAVE_GETTIMEOFDAY 1
| #define HAVE_FTIME 1
| #define HAVE_SOCKETPAIR 1
| #define HAVE_UNAME 1
| #define HAVE_INET_ATON 1
| #define HAVE_STRPTIME 1
| #define HAVE_GETRLIMIT 1
| #define HAVE_SETRLIMIT 1
| /* end confdefs.h.  */
| /* Define strlcpy to an innocuous variant, in case <limits.h> declares strlcpy.
|    For example, HP-UX 11i <limits.h> declares gettimeofday.  */
| #define strlcpy innocuous_strlcpy
| 
| /* System header to define __stub macros and hopefully few prototypes,
|     which can conflict with char strlcpy (); below.
|     Prefer <limits.h> to <assert.h> if __STDC__ is defined, since
|     <limits.h> exists even on freestanding compilers.  */
| 
| #ifdef __STDC__
| # include <limits.h>
| #else
| # include <assert.h>
| #endif
| 
| #undef strlcpy
| 
| /* Override any gcc2 internal prototype to avoid an error.  */
| #ifdef __cplusplus
| extern "C"
| {
| #endif
| /* We use char because int might match the return type of a gcc2
|    builtin and then its argument prototype would still apply.  */
| char strlcpy ();
| /* The GNU C library defines this for functions which it implements
|     to always fail with ENOSYS.  Some functions are actually named
|     something starting with __ and the normal name is an alias.  */
| #if defined (__stub_strlcpy) || defined (__stub___strlcpy)
| choke me
| #else
| char (*f) () = strlcpy;
| #endif
| #ifdef __cplusplus
| }
| #endif
| 
| int
| main ()
| {
| return f != strlcpy;
|   ;
|   return 0;
| }
configure:5465: result: no
configure:5378: checking for strtoull
configure:5435: gcc -o conftest -static -I/usr/src/TorPark/tor  -L/usr/src/TorPark/tor -static conftest.c -lpthread -ldl  -levent >&5
configure:5441: $? = 0
configure:5444: test -z 			 || test ! -s conftest.err
configure:5447: $? = 0
configure:5450: test -s conftest
configure:5453: $? = 0
configure:5465: result: yes
configure:5378: checking for getpwnam
configure:5435: gcc -o conftest -static -I/usr/src/TorPark/tor  -L/usr/src/TorPark/tor -static conftest.c -lpthread -ldl  -levent >&5
/tmp/ccIQt5Ow.o: In function `main':
conftest.c:(.text+0x22): warning: Using 'getpwnam' in statically linked applications requires at runtime the shared libraries from the glibc version used for linking
configure:5441: $? = 0
configure:5444: test -z 			 || test ! -s conftest.err
configure:5447: $? = 0
configure:5450: test -s conftest
configure:5453: $? = 0
configure:5465: result: yes
configure:5378: checking for getpwuid
configure:5435: gcc -o conftest -static -I/usr/src/TorPark/tor  -L/usr/src/TorPark/tor -static conftest.c -lpthread -ldl  -levent >&5
/tmp/ccsxJCGa.o: In function `main':
conftest.c:(.text+0x22): warning: Using 'getpwuid' in statically linked applications requires at runtime the shared libraries from the glibc version used for linking
configure:5441: $? = 0
configure:5444: test -z 			 || test ! -s conftest.err
configure:5447: $? = 0
configure:5450: test -s conftest
configure:5453: $? = 0
configure:5465: result: yes
configure:5378: checking for ftello
configure:5435: gcc -o conftest -static -I/usr/src/TorPark/tor  -L/usr/src/TorPark/tor -static conftest.c -lpthread -ldl  -levent >&5
configure:5441: $? = 0
configure:5444: test -z 			 || test ! -s conftest.err
configure:5447: $? = 0
configure:5450: test -s conftest
configure:5453: $? = 0
configure:5465: result: yes
configure:5378: checking for getaddrinfo
configure:5435: gcc -o conftest -static -I/usr/src/TorPark/tor  -L/usr/src/TorPark/tor -static conftest.c -lpthread -ldl  -levent >&5
/tmp/ccP10cci.o: In function `main':
conftest.c:(.text+0x22): warning: Using 'getaddrinfo' in statically linked applications requires at runtime the shared libraries from the glibc version used for linking
configure:5441: $? = 0
configure:5444: test -z 			 || test ! -s conftest.err
configure:5447: $? = 0
configure:5450: test -s conftest
configure:5453: $? = 0
configure:5465: result: yes
configure:5378: checking for localtime_r
configure:5435: gcc -o conftest -static -I/usr/src/TorPark/tor  -L/usr/src/TorPark/tor -static conftest.c -lpthread -ldl  -levent >&5
configure:5441: $? = 0
configure:5444: test -z 			 || test ! -s conftest.err
configure:5447: $? = 0
configure:5450: test -s conftest
configure:5453: $? = 0
configure:5465: result: yes
configure:5378: checking for gmtime_r
configure:5435: gcc -o conftest -static -I/usr/src/TorPark/tor  -L/usr/src/TorPark/tor -static conftest.c -lpthread -ldl  -levent >&5
configure:5441: $? = 0
configure:5444: test -z 			 || test ! -s conftest.err
configure:5447: $? = 0
configure:5450: test -s conftest
configure:5453: $? = 0
configure:5465: result: yes
configure:5378: checking for event_get_version
configure:5435: gcc -o conftest -static -I/usr/src/TorPark/tor  -L/usr/src/TorPark/tor -static conftest.c -lpthread -ldl  -levent >&5
configure:5441: $? = 0
configure:5444: test -z 			 || test ! -s conftest.err
configure:5447: $? = 0
configure:5450: test -s conftest
configure:5453: $? = 0
configure:5465: result: yes
configure:5378: checking for event_get_method
configure:5435: gcc -o conftest -static -I/usr/src/TorPark/tor  -L/usr/src/TorPark/tor -static conftest.c -lpthread -ldl  -levent >&5
configure:5441: $? = 0
configure:5444: test -z 			 || test ! -s conftest.err
configure:5447: $? = 0
configure:5450: test -s conftest
configure:5453: $? = 0
configure:5465: result: yes
configure:5378: checking for event_set_log_callback
configure:5435: gcc -o conftest -static -I/usr/src/TorPark/tor  -L/usr/src/TorPark/tor -static conftest.c -lpthread -ldl  -levent >&5
configure:5441: $? = 0
configure:5444: test -z 			 || test ! -s conftest.err
configure:5447: $? = 0
configure:5450: test -s conftest
configure:5453: $? = 0
configure:5465: result: yes
configure:5378: checking for memmem
configure:5435: gcc -o conftest -static -I/usr/src/TorPark/tor  -L/usr/src/TorPark/tor -static conftest.c -lpthread -ldl  -levent >&5
configure:5441: $? = 0
configure:5444: test -z 			 || test ! -s conftest.err
configure:5447: $? = 0
configure:5450: test -s conftest
configure:5453: $? = 0
configure:5465: result: yes
configure:5491: checking pthread.h usability
configure:5503: gcc -c -static -I/usr/src/TorPark/tor  conftest.c >&5
configure:5509: $? = 0
configure:5512: test -z 			 || test ! -s conftest.err
configure:5515: $? = 0
configure:5518: test -s conftest.o
configure:5521: $? = 0
configure:5531: result: yes
configure:5535: checking pthread.h presence
configure:5545: gcc -E -I/usr/src/TorPark/tor  conftest.c
configure:5551: $? = 0
configure:5571: result: yes
configure:5606: checking for pthread.h
configure:5613: result: yes
configure:5630: checking for pthread_create
configure:5687: gcc -o conftest -static -I/usr/src/TorPark/tor  -L/usr/src/TorPark/tor -static conftest.c -lpthread -ldl  -levent >&5
configure:5693: $? = 0
configure:5696: test -z 			 || test ! -s conftest.err
configure:5699: $? = 0
configure:5702: test -s conftest
configure:5705: $? = 0
configure:5717: result: yes
configure:5729: checking for _LARGEFILE_SOURCE value needed for large files
configure:5752: gcc -c -static -I/usr/src/TorPark/tor  conftest.c >&5
conftest.c: In function 'main':
conftest.c:82: error: 'fseeko' undeclared (first use in this function)
conftest.c:82: error: (Each undeclared identifier is reported only once
conftest.c:82: error: for each function it appears in.)
configure:5758: $? = 1
configure: failed program was:
| /* confdefs.h.  */
| 
| #define PACKAGE_NAME ""
| #define PACKAGE_TARNAME ""
| #define PACKAGE_VERSION ""
| #define PACKAGE_STRING ""
| #define PACKAGE_BUGREPORT ""
| #define PACKAGE "tor"
| #define VERSION "0.1.1.12-alpha"
| #define ENABLE_THREADS 1
| #define _FILE_OFFSET_BITS 64
| #define STDC_HEADERS 1
| #define HAVE_SYS_TYPES_H 1
| #define HAVE_SYS_STAT_H 1
| #define HAVE_STDLIB_H 1
| #define HAVE_STRING_H 1
| #define HAVE_MEMORY_H 1
| #define HAVE_STRINGS_H 1
| #define HAVE_INTTYPES_H 1
| #define HAVE_STDINT_H 1
| #define HAVE_UNISTD_H 1
| #define HAVE_UNISTD_H 1
| #define HAVE_STRING_H 1
| #define HAVE_SIGNAL_H 1
| #define HAVE_NETDB_H 1
| #define HAVE_CTYPE_H 1
| #define HAVE_SYS_STAT_H 1
| #define HAVE_SYS_TYPES_H 1
| #define HAVE_FCNTL_H 1
| #define HAVE_SYS_FCNTL_H 1
| #define HAVE_SYS_IOCTL_H 1
| #define HAVE_SYS_SOCKET_H 1
| #define HAVE_SYS_TIME_H 1
| #define HAVE_NETINET_IN_H 1
| #define HAVE_ARPA_INET_H 1
| #define HAVE_ERRNO_H 1
| #define HAVE_ASSERT_H 1
| #define HAVE_TIME_H 1
| #define HAVE_PWD_H 1
| #define HAVE_GRP_H 1
| #define HAVE_EVENT_H 1
| #define HAVE_ZLIB_H 1
| #define HAVE_STDINT_H 1
| #define HAVE_SYS_TYPES_H 1
| #define HAVE_INTTYPES_H 1
| #define HAVE_SYS_PARAM_H 1
| #define HAVE_SYS_WAIT_H 1
| #define HAVE_NETINET_IN_H 1
| #define HAVE_ARPA_INET_H 1
| #define HAVE_SYSLOG_H 1
| #define HAVE_SYS_TIME_H 1
| #define HAVE_SYS_RESOURCE_H 1
| #define HAVE_STDDEF_H 1
| #define HAVE_INTTYPES_H 1
| #define HAVE_UTIME_H 1
| #define HAVE_GETTIMEOFDAY 1
| #define HAVE_FTIME 1
| #define HAVE_SOCKETPAIR 1
| #define HAVE_UNAME 1
| #define HAVE_INET_ATON 1
| #define HAVE_STRPTIME 1
| #define HAVE_GETRLIMIT 1
| #define HAVE_SETRLIMIT 1
| #define HAVE_STRTOULL 1
| #define HAVE_GETPWNAM 1
| #define HAVE_GETPWUID 1
| #define HAVE_FTELLO 1
| #define HAVE_GETADDRINFO 1
| #define HAVE_LOCALTIME_R 1
| #define HAVE_GMTIME_R 1
| #define HAVE_EVENT_GET_VERSION 1
| #define HAVE_EVENT_GET_METHOD 1
| #define HAVE_EVENT_SET_LOG_CALLBACK 1
| #define HAVE_MEMMEM 1
| #define HAVE_PTHREAD_H 1
| #define HAVE_PTHREAD_CREATE 1
| /* end confdefs.h.  */
| #include <stdio.h>
| int
| main ()
| {
| return !fseeko;
|   ;
|   return 0;
| }
configure:5796: gcc -c -static -I/usr/src/TorPark/tor  conftest.c >&5
conftest.c: In function 'main':
conftest.c:83: warning: the address of 'fseeko', will always evaluate as 'true'
configure:5802: $? = 0
configure:5805: test -z 			 || test ! -s conftest.err
configure:5808: $? = 0
configure:5811: test -s conftest.o
configure:5814: $? = 0
configure:5826: result: 1
configure:5840: checking for fseeko
configure:5861: gcc -o conftest -static -I/usr/src/TorPark/tor  -L/usr/src/TorPark/tor -static conftest.c -lpthread -ldl  -levent >&5
conftest.c: In function 'main':
conftest.c:83: warning: the address of 'fseeko', will always evaluate as 'true'
configure:5867: $? = 0
configure:5870: test -z 			 || test ! -s conftest.err
configure:5873: $? = 0
configure:5876: test -s conftest
configure:5879: $? = 0
configure:5891: result: yes
configure:5902: checking for struct timeval.tv_sec
configure:5925: gcc -c -static -I/usr/src/TorPark/tor  conftest.c >&5
configure:5931: $? = 0
configure:5934: test -z 			 || test ! -s conftest.err
configure:5937: $? = 0
configure:5940: test -s conftest.o
configure:5943: $? = 0
configure:5999: result: yes
configure:6012: checking for int8_t
configure:6036: gcc -c -static -I/usr/src/TorPark/tor  conftest.c >&5
configure:6042: $? = 0
configure:6045: test -z 			 || test ! -s conftest.err
configure:6048: $? = 0
configure:6051: test -s conftest.o
configure:6054: $? = 0
configure:6065: result: yes
configure:6068: checking size of int8_t
configure:6380: gcc -o conftest -static -I/usr/src/TorPark/tor  -L/usr/src/TorPark/tor -static conftest.c -lpthread -ldl  -levent >&5
configure:6383: $? = 0
configure:6385: ./conftest
configure:6388: $? = 0
configure:6411: result: 1
configure:6418: checking for int16_t
configure:6442: gcc -c -static -I/usr/src/TorPark/tor  conftest.c >&5
configure:6448: $? = 0
configure:6451: test -z 			 || test ! -s conftest.err
configure:6454: $? = 0
configure:6457: test -s conftest.o
configure:6460: $? = 0
configure:6471: result: yes
configure:6474: checking size of int16_t
configure:6786: gcc -o conftest -static -I/usr/src/TorPark/tor  -L/usr/src/TorPark/tor -static conftest.c -lpthread -ldl  -levent >&5
configure:6789: $? = 0
configure:6791: ./conftest
configure:6794: $? = 0
configure:6817: result: 2
configure:6824: checking for int32_t
configure:6848: gcc -c -static -I/usr/src/TorPark/tor  conftest.c >&5
configure:6854: $? = 0
configure:6857: test -z 			 || test ! -s conftest.err
configure:6860: $? = 0
configure:6863: test -s conftest.o
configure:6866: $? = 0
configure:6877: result: yes
configure:6880: checking size of int32_t
configure:7192: gcc -o conftest -static -I/usr/src/TorPark/tor  -L/usr/src/TorPark/tor -static conftest.c -lpthread -ldl  -levent >&5
configure:7195: $? = 0
configure:7197: ./conftest
configure:7200: $? = 0
configure:7223: result: 4
configure:7230: checking for int64_t
configure:7254: gcc -c -static -I/usr/src/TorPark/tor  conftest.c >&5
configure:7260: $? = 0
configure:7263: test -z 			 || test ! -s conftest.err
configure:7266: $? = 0
configure:7269: test -s conftest.o
configure:7272: $? = 0
configure:7283: result: yes
configure:7286: checking size of int64_t
configure:7598: gcc -o conftest -static -I/usr/src/TorPark/tor  -L/usr/src/TorPark/tor -static conftest.c -lpthread -ldl  -levent >&5
configure:7601: $? = 0
configure:7603: ./conftest
configure:7606: $? = 0
configure:7629: result: 8
configure:7636: checking for uint8_t
configure:7660: gcc -c -static -I/usr/src/TorPark/tor  conftest.c >&5
configure:7666: $? = 0
configure:7669: test -z 			 || test ! -s conftest.err
configure:7672: $? = 0
configure:7675: test -s conftest.o
configure:7678: $? = 0
configure:7689: result: yes
configure:7692: checking size of uint8_t
configure:8004: gcc -o conftest -static -I/usr/src/TorPark/tor  -L/usr/src/TorPark/tor -static conftest.c -lpthread -ldl  -levent >&5
configure:8007: $? = 0
configure:8009: ./conftest
configure:8012: $? = 0
configure:8035: result: 1
configure:8042: checking for uint16_t
configure:8066: gcc -c -static -I/usr/src/TorPark/tor  conftest.c >&5
configure:8072: $? = 0
configure:8075: test -z 			 || test ! -s conftest.err
configure:8078: $? = 0
configure:8081: test -s conftest.o
configure:8084: $? = 0
configure:8095: result: yes
configure:8098: checking size of uint16_t
configure:8410: gcc -o conftest -static -I/usr/src/TorPark/tor  -L/usr/src/TorPark/tor -static conftest.c -lpthread -ldl  -levent >&5
configure:8413: $? = 0
configure:8415: ./conftest
configure:8418: $? = 0
configure:8441: result: 2
configure:8448: checking for uint32_t
configure:8472: gcc -c -static -I/usr/src/TorPark/tor  conftest.c >&5
configure:8478: $? = 0
configure:8481: test -z 			 || test ! -s conftest.err
configure:8484: $? = 0
configure:8487: test -s conftest.o
configure:8490: $? = 0
configure:8501: result: yes
configure:8504: checking size of uint32_t
configure:8816: gcc -o conftest -static -I/usr/src/TorPark/tor  -L/usr/src/TorPark/tor -static conftest.c -lpthread -ldl  -levent >&5
configure:8819: $? = 0
configure:8821: ./conftest
configure:8824: $? = 0
configure:8847: result: 4
configure:8854: checking for uint64_t
configure:8878: gcc -c -static -I/usr/src/TorPark/tor  conftest.c >&5
configure:8884: $? = 0
configure:8887: test -z 			 || test ! -s conftest.err
configure:8890: $? = 0
configure:8893: test -s conftest.o
configure:8896: $? = 0
configure:8907: result: yes
configure:8910: checking size of uint64_t
configure:9222: gcc -o conftest -static -I/usr/src/TorPark/tor  -L/usr/src/TorPark/tor -static conftest.c -lpthread -ldl  -levent >&5
configure:9225: $? = 0
configure:9227: ./conftest
configure:9230: $? = 0
configure:9253: result: 8
configure:9260: checking for intptr_t
configure:9284: gcc -c -static -I/usr/src/TorPark/tor  conftest.c >&5
configure:9290: $? = 0
configure:9293: test -z 			 || test ! -s conftest.err
configure:9296: $? = 0
configure:9299: test -s conftest.o
configure:9302: $? = 0
configure:9313: result: yes
configure:9316: checking size of intptr_t
configure:9628: gcc -o conftest -static -I/usr/src/TorPark/tor  -L/usr/src/TorPark/tor -static conftest.c -lpthread -ldl  -levent >&5
configure:9631: $? = 0
configure:9633: ./conftest
configure:9636: $? = 0
configure:9659: result: 4
configure:9666: checking for uintptr_t
configure:9690: gcc -c -static -I/usr/src/TorPark/tor  conftest.c >&5
configure:9696: $? = 0
configure:9699: test -z 			 || test ! -s conftest.err
configure:9702: $? = 0
configure:9705: test -s conftest.o
configure:9708: $? = 0
configure:9719: result: yes
configure:9722: checking size of uintptr_t
configure:10034: gcc -o conftest -static -I/usr/src/TorPark/tor  -L/usr/src/TorPark/tor -static conftest.c -lpthread -ldl  -levent >&5
configure:10037: $? = 0
configure:10039: ./conftest
configure:10042: $? = 0
configure:10065: result: 4
configure:10074: checking for char
configure:10098: gcc -c -static -I/usr/src/TorPark/tor  conftest.c >&5
configure:10104: $? = 0
configure:10107: test -z 			 || test ! -s conftest.err
configure:10110: $? = 0
configure:10113: test -s conftest.o
configure:10116: $? = 0
configure:10127: result: yes
configure:10130: checking size of char
configure:10442: gcc -o conftest -static -I/usr/src/TorPark/tor  -L/usr/src/TorPark/tor -static conftest.c -lpthread -ldl  -levent >&5
configure:10445: $? = 0
configure:10447: ./conftest
configure:10450: $? = 0
configure:10473: result: 1
configure:10480: checking for short
configure:10504: gcc -c -static -I/usr/src/TorPark/tor  conftest.c >&5
configure:10510: $? = 0
configure:10513: test -z 			 || test ! -s conftest.err
configure:10516: $? = 0
configure:10519: test -s conftest.o
configure:10522: $? = 0
configure:10533: result: yes
configure:10536: checking size of short
configure:10848: gcc -o conftest -static -I/usr/src/TorPark/tor  -L/usr/src/TorPark/tor -static conftest.c -lpthread -ldl  -levent >&5
configure:10851: $? = 0
configure:10853: ./conftest
configure:10856: $? = 0
configure:10879: result: 2
configure:10886: checking for int
configure:10910: gcc -c -static -I/usr/src/TorPark/tor  conftest.c >&5
configure:10916: $? = 0
configure:10919: test -z 			 || test ! -s conftest.err
configure:10922: $? = 0
configure:10925: test -s conftest.o
configure:10928: $? = 0
configure:10939: result: yes
configure:10942: checking size of int
configure:11254: gcc -o conftest -static -I/usr/src/TorPark/tor  -L/usr/src/TorPark/tor -static conftest.c -lpthread -ldl  -levent >&5
configure:11257: $? = 0
configure:11259: ./conftest
configure:11262: $? = 0
configure:11285: result: 4
configure:11292: checking for long
configure:11316: gcc -c -static -I/usr/src/TorPark/tor  conftest.c >&5
configure:11322: $? = 0
configure:11325: test -z 			 || test ! -s conftest.err
configure:11328: $? = 0
configure:11331: test -s conftest.o
configure:11334: $? = 0
configure:11345: result: yes
configure:11348: checking size of long
configure:11660: gcc -o conftest -static -I/usr/src/TorPark/tor  -L/usr/src/TorPark/tor -static conftest.c -lpthread -ldl  -levent >&5
configure:11663: $? = 0
configure:11665: ./conftest
configure:11668: $? = 0
configure:11691: result: 4
configure:11698: checking for long long
configure:11722: gcc -c -static -I/usr/src/TorPark/tor  conftest.c >&5
configure:11728: $? = 0
configure:11731: test -z 			 || test ! -s conftest.err
configure:11734: $? = 0
configure:11737: test -s conftest.o
configure:11740: $? = 0
configure:11751: result: yes
configure:11754: checking size of long long
configure:12066: gcc -o conftest -static -I/usr/src/TorPark/tor  -L/usr/src/TorPark/tor -static conftest.c -lpthread -ldl  -levent >&5
configure:12069: $? = 0
configure:12071: ./conftest
configure:12074: $? = 0
configure:12097: result: 8
configure:12104: checking for __int64
configure:12128: gcc -c -static -I/usr/src/TorPark/tor  conftest.c >&5
conftest.c: In function 'main':
conftest.c:133: error: '__int64' undeclared (first use in this function)
conftest.c:133: error: (Each undeclared identifier is reported only once
conftest.c:133: error: for each function it appears in.)
conftest.c:133: error: syntax error before ')' token
configure:12134: $? = 1
configure: failed program was:
| /* confdefs.h.  */
| 
| #define PACKAGE_NAME ""
| #define PACKAGE_TARNAME ""
| #define PACKAGE_VERSION ""
| #define PACKAGE_STRING ""
| #define PACKAGE_BUGREPORT ""
| #define PACKAGE "tor"
| #define VERSION "0.1.1.12-alpha"
| #define ENABLE_THREADS 1
| #define _FILE_OFFSET_BITS 64
| #define STDC_HEADERS 1
| #define HAVE_SYS_TYPES_H 1
| #define HAVE_SYS_STAT_H 1
| #define HAVE_STDLIB_H 1
| #define HAVE_STRING_H 1
| #define HAVE_MEMORY_H 1
| #define HAVE_STRINGS_H 1
| #define HAVE_INTTYPES_H 1
| #define HAVE_STDINT_H 1
| #define HAVE_UNISTD_H 1
| #define HAVE_UNISTD_H 1
| #define HAVE_STRING_H 1
| #define HAVE_SIGNAL_H 1
| #define HAVE_NETDB_H 1
| #define HAVE_CTYPE_H 1
| #define HAVE_SYS_STAT_H 1
| #define HAVE_SYS_TYPES_H 1
| #define HAVE_FCNTL_H 1
| #define HAVE_SYS_FCNTL_H 1
| #define HAVE_SYS_IOCTL_H 1
| #define HAVE_SYS_SOCKET_H 1
| #define HAVE_SYS_TIME_H 1
| #define HAVE_NETINET_IN_H 1
| #define HAVE_ARPA_INET_H 1
| #define HAVE_ERRNO_H 1
| #define HAVE_ASSERT_H 1
| #define HAVE_TIME_H 1
| #define HAVE_PWD_H 1
| #define HAVE_GRP_H 1
| #define HAVE_EVENT_H 1
| #define HAVE_ZLIB_H 1
| #define HAVE_STDINT_H 1
| #define HAVE_SYS_TYPES_H 1
| #define HAVE_INTTYPES_H 1
| #define HAVE_SYS_PARAM_H 1
| #define HAVE_SYS_WAIT_H 1
| #define HAVE_NETINET_IN_H 1
| #define HAVE_ARPA_INET_H 1
| #define HAVE_SYSLOG_H 1
| #define HAVE_SYS_TIME_H 1
| #define HAVE_SYS_RESOURCE_H 1
| #define HAVE_STDDEF_H 1
| #define HAVE_INTTYPES_H 1
| #define HAVE_UTIME_H 1
| #define HAVE_GETTIMEOFDAY 1
| #define HAVE_FTIME 1
| #define HAVE_SOCKETPAIR 1
| #define HAVE_UNAME 1
| #define HAVE_INET_ATON 1
| #define HAVE_STRPTIME 1
| #define HAVE_GETRLIMIT 1
| #define HAVE_SETRLIMIT 1
| #define HAVE_STRTOULL 1
| #define HAVE_GETPWNAM 1
| #define HAVE_GETPWUID 1
| #define HAVE_FTELLO 1
| #define HAVE_GETADDRINFO 1
| #define HAVE_LOCALTIME_R 1
| #define HAVE_GMTIME_R 1
| #define HAVE_EVENT_GET_VERSION 1
| #define HAVE_EVENT_GET_METHOD 1
| #define HAVE_EVENT_SET_LOG_CALLBACK 1
| #define HAVE_MEMMEM 1
| #define HAVE_PTHREAD_H 1
| #define HAVE_PTHREAD_CREATE 1
| #define _LARGEFILE_SOURCE 1
| #define HAVE_FSEEKO 1
| #define HAVE_STRUCT_TIMEVAL_TV_SEC 1
| #define SIZEOF_INT8_T 1
| #define SIZEOF_INT16_T 2
| #define SIZEOF_INT32_T 4
| #define SIZEOF_INT64_T 8
| #define SIZEOF_UINT8_T 1
| #define SIZEOF_UINT16_T 2
| #define SIZEOF_UINT32_T 4
| #define SIZEOF_UINT64_T 8
| #define SIZEOF_INTPTR_T 4
| #define SIZEOF_UINTPTR_T 4
| #define SIZEOF_CHAR 1
| #define SIZEOF_SHORT 2
| #define SIZEOF_INT 4
| #define SIZEOF_LONG 4
| #define SIZEOF_LONG_LONG 8
| /* end confdefs.h.  */
| #include <stdio.h>
| #if HAVE_SYS_TYPES_H
| # include <sys/types.h>
| #endif
| #if HAVE_SYS_STAT_H
| # include <sys/stat.h>
| #endif
| #if STDC_HEADERS
| # include <stdlib.h>
| # include <stddef.h>
| #else
| # if HAVE_STDLIB_H
| #  include <stdlib.h>
| # endif
| #endif
| #if HAVE_STRING_H
| # if !STDC_HEADERS && HAVE_MEMORY_H
| #  include <memory.h>
| # endif
| # include <string.h>
| #endif
| #if HAVE_STRINGS_H
| # include <strings.h>
| #endif
| #if HAVE_INTTYPES_H
| # include <inttypes.h>
| #else
| # if HAVE_STDINT_H
| #  include <stdint.h>
| # endif
| #endif
| #if HAVE_UNISTD_H
| # include <unistd.h>
| #endif
| int
| main ()
| {
| if ((__int64 *) 0)
|   return 0;
| if (sizeof (__int64))
|   return 0;
|   ;
|   return 0;
| }
configure:12157: result: no
configure:12160: checking size of __int64
configure:12503: result: 0
configure:12510: checking for void *
configure:12534: gcc -c -static -I/usr/src/TorPark/tor  conftest.c >&5
configure:12540: $? = 0
configure:12543: test -z 			 || test ! -s conftest.err
configure:12546: $? = 0
configure:12549: test -s conftest.o
configure:12552: $? = 0
configure:12563: result: yes
configure:12566: checking size of void *
configure:12878: gcc -o conftest -static -I/usr/src/TorPark/tor  -L/usr/src/TorPark/tor -static conftest.c -lpthread -ldl  -levent >&5
configure:12881: $? = 0
configure:12883: ./conftest
configure:12886: $? = 0
configure:12909: result: 4
configure:12916: checking for time_t
configure:12940: gcc -c -static -I/usr/src/TorPark/tor  conftest.c >&5
configure:12946: $? = 0
configure:12949: test -z 			 || test ! -s conftest.err
configure:12952: $? = 0
configure:12955: test -s conftest.o
configure:12958: $? = 0
configure:12969: result: yes
configure:12972: checking size of time_t
configure:13284: gcc -o conftest -static -I/usr/src/TorPark/tor  -L/usr/src/TorPark/tor -static conftest.c -lpthread -ldl  -levent >&5
configure:13287: $? = 0
configure:13289: ./conftest
configure:13292: $? = 0
configure:13315: result: 4
configure:13322: checking whether time_t is signed
configure:13345: gcc -o conftest -static -I/usr/src/TorPark/tor  -L/usr/src/TorPark/tor -static conftest.c -lpthread -ldl  -levent >&5
conftest.c: In function 'main':
conftest.c:100: error: 'time_t' undeclared (first use in this function)
conftest.c:100: error: (Each undeclared identifier is reported only once
conftest.c:100: error: for each function it appears in.)
configure:13348: $? = 1
configure: program exited with status 1
configure: failed program was:
| /* confdefs.h.  */
| 
| #define PACKAGE_NAME ""
| #define PACKAGE_TARNAME ""
| #define PACKAGE_VERSION ""
| #define PACKAGE_STRING ""
| #define PACKAGE_BUGREPORT ""
| #define PACKAGE "tor"
| #define VERSION "0.1.1.12-alpha"
| #define ENABLE_THREADS 1
| #define _FILE_OFFSET_BITS 64
| #define STDC_HEADERS 1
| #define HAVE_SYS_TYPES_H 1
| #define HAVE_SYS_STAT_H 1
| #define HAVE_STDLIB_H 1
| #define HAVE_STRING_H 1
| #define HAVE_MEMORY_H 1
| #define HAVE_STRINGS_H 1
| #define HAVE_INTTYPES_H 1
| #define HAVE_STDINT_H 1
| #define HAVE_UNISTD_H 1
| #define HAVE_UNISTD_H 1
| #define HAVE_STRING_H 1
| #define HAVE_SIGNAL_H 1
| #define HAVE_NETDB_H 1
| #define HAVE_CTYPE_H 1
| #define HAVE_SYS_STAT_H 1
| #define HAVE_SYS_TYPES_H 1
| #define HAVE_FCNTL_H 1
| #define HAVE_SYS_FCNTL_H 1
| #define HAVE_SYS_IOCTL_H 1
| #define HAVE_SYS_SOCKET_H 1
| #define HAVE_SYS_TIME_H 1
| #define HAVE_NETINET_IN_H 1
| #define HAVE_ARPA_INET_H 1
| #define HAVE_ERRNO_H 1
| #define HAVE_ASSERT_H 1
| #define HAVE_TIME_H 1
| #define HAVE_PWD_H 1
| #define HAVE_GRP_H 1
| #define HAVE_EVENT_H 1
| #define HAVE_ZLIB_H 1
| #define HAVE_STDINT_H 1
| #define HAVE_SYS_TYPES_H 1
| #define HAVE_INTTYPES_H 1
| #define HAVE_SYS_PARAM_H 1
| #define HAVE_SYS_WAIT_H 1
| #define HAVE_NETINET_IN_H 1
| #define HAVE_ARPA_INET_H 1
| #define HAVE_SYSLOG_H 1
| #define HAVE_SYS_TIME_H 1
| #define HAVE_SYS_RESOURCE_H 1
| #define HAVE_STDDEF_H 1
| #define HAVE_INTTYPES_H 1
| #define HAVE_UTIME_H 1
| #define HAVE_GETTIMEOFDAY 1
| #define HAVE_FTIME 1
| #define HAVE_SOCKETPAIR 1
| #define HAVE_UNAME 1
| #define HAVE_INET_ATON 1
| #define HAVE_STRPTIME 1
| #define HAVE_GETRLIMIT 1
| #define HAVE_SETRLIMIT 1
| #define HAVE_STRTOULL 1
| #define HAVE_GETPWNAM 1
| #define HAVE_GETPWUID 1
| #define HAVE_FTELLO 1
| #define HAVE_GETADDRINFO 1
| #define HAVE_LOCALTIME_R 1
| #define HAVE_GMTIME_R 1
| #define HAVE_EVENT_GET_VERSION 1
| #define HAVE_EVENT_GET_METHOD 1
| #define HAVE_EVENT_SET_LOG_CALLBACK 1
| #define HAVE_MEMMEM 1
| #define HAVE_PTHREAD_H 1
| #define HAVE_PTHREAD_CREATE 1
| #define _LARGEFILE_SOURCE 1
| #define HAVE_FSEEKO 1
| #define HAVE_STRUCT_TIMEVAL_TV_SEC 1
| #define SIZEOF_INT8_T 1
| #define SIZEOF_INT16_T 2
| #define SIZEOF_INT32_T 4
| #define SIZEOF_INT64_T 8
| #define SIZEOF_UINT8_T 1
| #define SIZEOF_UINT16_T 2
| #define SIZEOF_UINT32_T 4
| #define SIZEOF_UINT64_T 8
| #define SIZEOF_INTPTR_T 4
| #define SIZEOF_UINTPTR_T 4
| #define SIZEOF_CHAR 1
| #define SIZEOF_SHORT 2
| #define SIZEOF_INT 4
| #define SIZEOF_LONG 4
| #define SIZEOF_LONG_LONG 8
| #define SIZEOF___INT64 0
| #define SIZEOF_VOID_P 4
| #define SIZEOF_TIME_T 4
| /* end confdefs.h.  */
| 
| int main(int c, char**v) { if (((time_t)-1)<0) return 1; else return 0; }
configure:13368: result: yes
configure:13379: checking for socklen_t
configure:13408: gcc -c -static -I/usr/src/TorPark/tor  conftest.c >&5
configure:13414: $? = 0
configure:13417: test -z 			 || test ! -s conftest.err
configure:13420: $? = 0
configure:13423: test -s conftest.o
configure:13426: $? = 0
configure:13437: result: yes
configure:13440: checking size of socklen_t
configure:13782: gcc -o conftest -static -I/usr/src/TorPark/tor  -L/usr/src/TorPark/tor -static conftest.c -lpthread -ldl  -levent >&5
configure:13785: $? = 0
configure:13787: ./conftest
configure:13790: $? = 0
configure:13813: result: 4
configure:13823: checking for cell_t
configure:13847: gcc -c -static -I/usr/src/TorPark/tor  conftest.c >&5
conftest.c: In function 'main':
conftest.c:138: error: 'cell_t' undeclared (first use in this function)
conftest.c:138: error: (Each undeclared identifier is reported only once
conftest.c:138: error: for each function it appears in.)
conftest.c:138: error: syntax error before ')' token
configure:13853: $? = 1
configure: failed program was:
| /* confdefs.h.  */
| 
| #define PACKAGE_NAME ""
| #define PACKAGE_TARNAME ""
| #define PACKAGE_VERSION ""
| #define PACKAGE_STRING ""
| #define PACKAGE_BUGREPORT ""
| #define PACKAGE "tor"
| #define VERSION "0.1.1.12-alpha"
| #define ENABLE_THREADS 1
| #define _FILE_OFFSET_BITS 64
| #define STDC_HEADERS 1
| #define HAVE_SYS_TYPES_H 1
| #define HAVE_SYS_STAT_H 1
| #define HAVE_STDLIB_H 1
| #define HAVE_STRING_H 1
| #define HAVE_MEMORY_H 1
| #define HAVE_STRINGS_H 1
| #define HAVE_INTTYPES_H 1
| #define HAVE_STDINT_H 1
| #define HAVE_UNISTD_H 1
| #define HAVE_UNISTD_H 1
| #define HAVE_STRING_H 1
| #define HAVE_SIGNAL_H 1
| #define HAVE_NETDB_H 1
| #define HAVE_CTYPE_H 1
| #define HAVE_SYS_STAT_H 1
| #define HAVE_SYS_TYPES_H 1
| #define HAVE_FCNTL_H 1
| #define HAVE_SYS_FCNTL_H 1
| #define HAVE_SYS_IOCTL_H 1
| #define HAVE_SYS_SOCKET_H 1
| #define HAVE_SYS_TIME_H 1
| #define HAVE_NETINET_IN_H 1
| #define HAVE_ARPA_INET_H 1
| #define HAVE_ERRNO_H 1
| #define HAVE_ASSERT_H 1
| #define HAVE_TIME_H 1
| #define HAVE_PWD_H 1
| #define HAVE_GRP_H 1
| #define HAVE_EVENT_H 1
| #define HAVE_ZLIB_H 1
| #define HAVE_STDINT_H 1
| #define HAVE_SYS_TYPES_H 1
| #define HAVE_INTTYPES_H 1
| #define HAVE_SYS_PARAM_H 1
| #define HAVE_SYS_WAIT_H 1
| #define HAVE_NETINET_IN_H 1
| #define HAVE_ARPA_INET_H 1
| #define HAVE_SYSLOG_H 1
| #define HAVE_SYS_TIME_H 1
| #define HAVE_SYS_RESOURCE_H 1
| #define HAVE_STDDEF_H 1
| #define HAVE_INTTYPES_H 1
| #define HAVE_UTIME_H 1
| #define HAVE_GETTIMEOFDAY 1
| #define HAVE_FTIME 1
| #define HAVE_SOCKETPAIR 1
| #define HAVE_UNAME 1
| #define HAVE_INET_ATON 1
| #define HAVE_STRPTIME 1
| #define HAVE_GETRLIMIT 1
| #define HAVE_SETRLIMIT 1
| #define HAVE_STRTOULL 1
| #define HAVE_GETPWNAM 1
| #define HAVE_GETPWUID 1
| #define HAVE_FTELLO 1
| #define HAVE_GETADDRINFO 1
| #define HAVE_LOCALTIME_R 1
| #define HAVE_GMTIME_R 1
| #define HAVE_EVENT_GET_VERSION 1
| #define HAVE_EVENT_GET_METHOD 1
| #define HAVE_EVENT_SET_LOG_CALLBACK 1
| #define HAVE_MEMMEM 1
| #define HAVE_PTHREAD_H 1
| #define HAVE_PTHREAD_CREATE 1
| #define _LARGEFILE_SOURCE 1
| #define HAVE_FSEEKO 1
| #define HAVE_STRUCT_TIMEVAL_TV_SEC 1
| #define SIZEOF_INT8_T 1
| #define SIZEOF_INT16_T 2
| #define SIZEOF_INT32_T 4
| #define SIZEOF_INT64_T 8
| #define SIZEOF_UINT8_T 1
| #define SIZEOF_UINT16_T 2
| #define SIZEOF_UINT32_T 4
| #define SIZEOF_UINT64_T 8
| #define SIZEOF_INTPTR_T 4
| #define SIZEOF_UINTPTR_T 4
| #define SIZEOF_CHAR 1
| #define SIZEOF_SHORT 2
| #define SIZEOF_INT 4
| #define SIZEOF_LONG 4
| #define SIZEOF_LONG_LONG 8
| #define SIZEOF___INT64 0
| #define SIZEOF_VOID_P 4
| #define SIZEOF_TIME_T 4
| #define TIME_T_IS_SIGNED 1
| #define SIZEOF_SOCKLEN_T 4
| /* end confdefs.h.  */
| #include <stdio.h>
| #if HAVE_SYS_TYPES_H
| # include <sys/types.h>
| #endif
| #if HAVE_SYS_STAT_H
| # include <sys/stat.h>
| #endif
| #if STDC_HEADERS
| # include <stdlib.h>
| # include <stddef.h>
| #else
| # if HAVE_STDLIB_H
| #  include <stdlib.h>
| # endif
| #endif
| #if HAVE_STRING_H
| # if !STDC_HEADERS && HAVE_MEMORY_H
| #  include <memory.h>
| # endif
| # include <string.h>
| #endif
| #if HAVE_STRINGS_H
| # include <strings.h>
| #endif
| #if HAVE_INTTYPES_H
| # include <inttypes.h>
| #else
| # if HAVE_STDINT_H
| #  include <stdint.h>
| # endif
| #endif
| #if HAVE_UNISTD_H
| # include <unistd.h>
| #endif
| int
| main ()
| {
| if ((cell_t *) 0)
|   return 0;
| if (sizeof (cell_t))
|   return 0;
|   ;
|   return 0;
| }
configure:13876: result: no
configure:13879: checking size of cell_t
configure:14222: result: 0
configure:14245: checking whether unaligned int access is allowed
configure:14263: gcc -o conftest -static -I/usr/src/TorPark/tor  -L/usr/src/TorPark/tor -static conftest.c -lpthread -ldl  -levent >&5
configure:14266: $? = 0
configure:14268: ./conftest
configure:14271: $? = 0
configure:14285: result: yes
configure:14298: checking whether memset(0) sets pointers to NULL
configure:14322: gcc -o conftest -static -I/usr/src/TorPark/tor  -L/usr/src/TorPark/tor -static conftest.c -lpthread -ldl  -levent >&5
configure:14325: $? = 0
configure:14327: ./conftest
configure:14330: $? = 0
configure:14344: result: yes
configure:14356: checking whether to use dmalloc (debug memory allocation library)
configure:14372: result: no
configure:14676: checking for gethostbyname_r
configure:14733: gcc -o conftest -static -I/usr/src/TorPark/tor  -L/usr/src/TorPark/tor -static conftest.c -lpthread -ldl  -levent >&5
/tmp/ccaGg4hs.o: In function `main':
conftest.c:(.text+0x22): warning: Using 'gethostbyname_r' in statically linked applications requires at runtime the shared libraries from the glibc version used for linking
configure:14739: $? = 0
configure:14742: test -z 			 || test ! -s conftest.err
configure:14745: $? = 0
configure:14748: test -s conftest
configure:14751: $? = 0
configure:14763: result: yes
configure:14767: checking how many arguments gethostbyname_r() wants
configure:14794: gcc -c -static    -I/usr/src/TorPark/tor  conftest.c >&5
configure:14800: $? = 0
configure:14803: test -z 			 || test ! -s conftest.err
configure:14806: $? = 0
configure:14809: test -s conftest.o
configure:14812: $? = 0
configure:14824: result: 6
configure:15116: creating ./config.status

## ---------------------- ##
## Running config.status. ##
## ---------------------- ##

This file was extended by config.status, which was
generated by GNU Autoconf 2.59.  Invocation command line was

  CONFIG_FILES    = 
  CONFIG_HEADERS  = 
  CONFIG_LINKS    = 
  CONFIG_COMMANDS = 
  $ ./config.status 

on hawkeye

config.status:745: creating Makefile
config.status:745: creating tor.spec
config.status:745: creating contrib/tor.sh
config.status:745: creating contrib/torctl
config.status:745: creating contrib/torify
config.status:745: creating contrib/tor.logrotate
config.status:745: creating contrib/Makefile
config.status:745: creating contrib/osx/Makefile
config.status:745: creating contrib/osx/TorBundleDesc.plist
config.status:745: creating contrib/osx/TorBundleInfo.plist
config.status:745: creating contrib/osx/TorDesc.plist
config.status:745: creating contrib/osx/TorInfo.plist
config.status:745: creating contrib/osx/TorStartupDesc.plist
config.status:745: creating src/config/torrc.sample
config.status:745: creating doc/tor.1
config.status:745: creating src/Makefile
config.status:745: creating doc/Makefile
config.status:745: creating doc/design-paper/Makefile
config.status:745: creating src/config/Makefile
config.status:745: creating src/common/Makefile
config.status:745: creating src/or/Makefile
config.status:745: creating src/win32/Makefile
config.status:745: creating src/tools/Makefile
config.status:811: creating orconfig.h
config.status:1129: orconfig.h is unchanged
config.status:1287: executing default-1 commands

## ---------------- ##
## Cache variables. ##
## ---------------- ##

ac_cv_build=i686-pc-linux-gnu
ac_cv_build_alias=i686-pc-linux-gnu
ac_cv_c_compiler_gnu=yes
ac_cv_env_CC_set=
ac_cv_env_CC_value=
ac_cv_env_CFLAGS_set=set
ac_cv_env_CFLAGS_value=-static
ac_cv_env_CPPFLAGS_set=
ac_cv_env_CPPFLAGS_value=
ac_cv_env_CPP_set=
ac_cv_env_CPP_value=
ac_cv_env_LDFLAGS_set=set
ac_cv_env_LDFLAGS_value=-static
ac_cv_env_build_alias_set=
ac_cv_env_build_alias_value=
ac_cv_env_host_alias_set=
ac_cv_env_host_alias_value=
ac_cv_env_target_alias_set=
ac_cv_env_target_alias_value=
ac_cv_exeext=
ac_cv_func_event_get_method=yes
ac_cv_func_event_get_version=yes
ac_cv_func_event_set_log_callback=yes
ac_cv_func_fseeko=yes
ac_cv_func_ftello=yes
ac_cv_func_ftime=yes
ac_cv_func_getaddrinfo=yes
ac_cv_func_gethostbyname_r=yes
ac_cv_func_getpwnam=yes
ac_cv_func_getpwuid=yes
ac_cv_func_getrlimit=yes
ac_cv_func_gettimeofday=yes
ac_cv_func_gmtime_r=yes
ac_cv_func_inet_aton=yes
ac_cv_func_localtime_r=yes
ac_cv_func_memmem=yes
ac_cv_func_pthread_create=yes
ac_cv_func_setrlimit=yes
ac_cv_func_socketpair=yes
ac_cv_func_strlcat=no
ac_cv_func_strlcpy=no
ac_cv_func_strptime=yes
ac_cv_func_strtoull=yes
ac_cv_func_uname=yes
ac_cv_header_arpa_inet_h=yes
ac_cv_header_assert_h=yes
ac_cv_header_ctype_h=yes
ac_cv_header_errno_h=yes
ac_cv_header_event_h=yes
ac_cv_header_fcntl_h=yes
ac_cv_header_grp_h=yes
ac_cv_header_inttypes_h=yes
ac_cv_header_machine_limits_h=no
ac_cv_header_memory_h=yes
ac_cv_header_netdb_h=yes
ac_cv_header_netinet_in_h=yes
ac_cv_header_pthread_h=yes
ac_cv_header_pwd_h=yes
ac_cv_header_signal_h=yes
ac_cv_header_stdc=yes
ac_cv_header_stddef_h=yes
ac_cv_header_stdint_h=yes
ac_cv_header_stdlib_h=yes
ac_cv_header_string_h=yes
ac_cv_header_strings_h=yes
ac_cv_header_sys_fcntl_h=yes
ac_cv_header_sys_ioctl_h=yes
ac_cv_header_sys_limits_h=no
ac_cv_header_sys_param_h=yes
ac_cv_header_sys_resource_h=yes
ac_cv_header_sys_socket_h=yes
ac_cv_header_sys_stat_h=yes
ac_cv_header_sys_time_h=yes
ac_cv_header_sys_types_h=yes
ac_cv_header_sys_utime_h=no
ac_cv_header_sys_wait_h=yes
ac_cv_header_syslog_h=yes
ac_cv_header_time_h=yes
ac_cv_header_unistd_h=yes
ac_cv_header_utime_h=yes
ac_cv_header_zlib_h=yes
ac_cv_host=i686-pc-linux-gnu
ac_cv_host_alias=i686-pc-linux-gnu
ac_cv_libevent_normal=yes
ac_cv_member_struct_timeval_tv_sec=yes
ac_cv_objext=o
ac_cv_openssldir=/usr/src/TorPark/tor
ac_cv_path_install='/usr/bin/install -c'
ac_cv_prog_CPP='gcc -E'
ac_cv_prog_ac_ct_CC=gcc
ac_cv_prog_ac_ct_RANLIB=ranlib
ac_cv_prog_cc_g=yes
ac_cv_prog_cc_stdc=
ac_cv_prog_egrep='grep -E'
ac_cv_prog_make_make_set=yes
ac_cv_search_dlopen=-ldl
ac_cv_search_gethostbyname='none required'
ac_cv_search_pthread_create=-lpthread
ac_cv_search_pthread_detach='none required'
ac_cv_search_socket='none required'
ac_cv_sizeof___int64=0
ac_cv_sizeof_cell_t=0
ac_cv_sizeof_char=1
ac_cv_sizeof_int=4
ac_cv_sizeof_int16_t=2
ac_cv_sizeof_int32_t=4
ac_cv_sizeof_int64_t=8
ac_cv_sizeof_int8_t=1
ac_cv_sizeof_intptr_t=4
ac_cv_sizeof_long=4
ac_cv_sizeof_long_long=8
ac_cv_sizeof_short=2
ac_cv_sizeof_socklen_t=4
ac_cv_sizeof_time_t=4
ac_cv_sizeof_uint16_t=2
ac_cv_sizeof_uint32_t=4
ac_cv_sizeof_uint64_t=8
ac_cv_sizeof_uint8_t=1
ac_cv_sizeof_uintptr_t=4
ac_cv_sizeof_void_p=4
ac_cv_sys_file_offset_bits=64
ac_cv_sys_large_files=no
ac_cv_sys_largefile_CC=no
ac_cv_sys_largefile_source=1
ac_cv_type___int64=no
ac_cv_type_cell_t=no
ac_cv_type_char=yes
ac_cv_type_int=yes
ac_cv_type_int16_t=yes
ac_cv_type_int32_t=yes
ac_cv_type_int64_t=yes
ac_cv_type_int8_t=yes
ac_cv_type_intptr_t=yes
ac_cv_type_long=yes
ac_cv_type_long_long=yes
ac_cv_type_short=yes
ac_cv_type_socklen_t=yes
ac_cv_type_time_t=yes
ac_cv_type_uint16_t=yes
ac_cv_type_uint32_t=yes
ac_cv_type_uint64_t=yes
ac_cv_type_uint8_t=yes
ac_cv_type_uintptr_t=yes
ac_cv_type_void_p=yes
tor_cv_null_is_zero=yes
tor_cv_time_t_signed=yes
tor_cv_unaligned_ok=yes

## ----------------- ##
## Output variables. ##
## ----------------- ##

ACLOCAL='aclocal-1.4'
AUTOCONF='autoconf'
AUTOHEADER='autoheader'
AUTOMAKE='automake-1.4'
BINDIR='/usr/src/TorPark/tor/bin'
CC='gcc'
CFLAGS='-static -Wall -g -O2'
CONFDIR='/usr/src/TorPark/tor/etc/tor'
CPP='gcc -E'
CPPFLAGS='-I/usr/src/TorPark/tor '
DEFS='-DHAVE_CONFIG_H'
ECHO_C=''
ECHO_N='-n'
ECHO_T=''
EGREP='grep -E'
EXEEXT=''
INSTALL_DATA='${INSTALL} -m 644'
INSTALL_PROGRAM='${INSTALL}'
INSTALL_SCRIPT='${INSTALL}'
LDFLAGS='-L/usr/src/TorPark/tor -static'
LIBOBJS=''
LIBS='-lpthread -ldl  -levent'
LOCALSTATEDIR='/usr/src/TorPark/tor/var'
LTLIBOBJS=''
MAKEINFO='/usr/src/TorPark/tor-0.1.1.12-alpha/missing makeinfo'
OBJEXT='o'
PACKAGE='tor'
PACKAGE_BUGREPORT=''
PACKAGE_NAME=''
PACKAGE_STRING=''
PACKAGE_TARNAME=''
PACKAGE_VERSION=''
PATH_SEPARATOR=':'
RANLIB='ranlib'
SET_MAKE=''
SHELL='/bin/sh'
TORGROUP='_tor'
TORUSER='_tor'
VERSION='0.1.1.12-alpha'
ac_ct_CC='gcc'
ac_ct_RANLIB='ranlib'
bindir='${exec_prefix}/bin'
build='i686-pc-linux-gnu'
build_alias=''
build_cpu='i686'
build_os='linux-gnu'
build_vendor='pc'
datadir='${prefix}/share'
exec_prefix='/usr/src/TorPark/tor'
host='i686-pc-linux-gnu'
host_alias=''
host_cpu='i686'
host_os='linux-gnu'
host_vendor='pc'
includedir='${prefix}/include'
infodir='${prefix}/info'
libdir='${exec_prefix}/lib'
libexecdir='${exec_prefix}/libexec'
localstatedir='${prefix}/var'
mandir='${prefix}/man'
oldincludedir='/usr/include'
prefix='/usr/src/TorPark/tor'
program_transform_name='s,x,x,'
sbindir='${exec_prefix}/sbin'
sharedstatedir='${prefix}/com'
sysconfdir='${prefix}/etc'
target_alias=''

## ----------- ##
## confdefs.h. ##
## ----------- ##

#define CONFDIR
#define CONFDIR "/usr/src/TorPark/tor/etc/tor"
#define ENABLE_THREADS 1
#define HAVE_ARPA_INET_H 1
#define HAVE_ARPA_INET_H 1
#define HAVE_ASSERT_H 1
#define HAVE_CTYPE_H 1
#define HAVE_ERRNO_H 1
#define HAVE_EVENT_GET_METHOD 1
#define HAVE_EVENT_GET_VERSION 1
#define HAVE_EVENT_H 1
#define HAVE_EVENT_SET_LOG_CALLBACK 1
#define HAVE_FCNTL_H 1
#define HAVE_FSEEKO 1
#define HAVE_FTELLO 1
#define HAVE_FTIME 1
#define HAVE_GETADDRINFO 1
#define HAVE_GETHOSTBYNAME_R 1
#define HAVE_GETHOSTBYNAME_R_6_ARG 1
#define HAVE_GETPWNAM 1
#define HAVE_GETPWUID 1
#define HAVE_GETRLIMIT 1
#define HAVE_GETTIMEOFDAY 1
#define HAVE_GMTIME_R 1
#define HAVE_GRP_H 1
#define HAVE_INET_ATON 1
#define HAVE_INTTYPES_H 1
#define HAVE_INTTYPES_H 1
#define HAVE_INTTYPES_H 1
#define HAVE_LOCALTIME_R 1
#define HAVE_MEMMEM 1
#define HAVE_MEMORY_H 1
#define HAVE_NETDB_H 1
#define HAVE_NETINET_IN_H 1
#define HAVE_NETINET_IN_H 1
#define HAVE_PTHREAD_CREATE 1
#define HAVE_PTHREAD_H 1
#define HAVE_PWD_H 1
#define HAVE_SETRLIMIT 1
#define HAVE_SIGNAL_H 1
#define HAVE_SOCKETPAIR 1
#define HAVE_STDDEF_H 1
#define HAVE_STDINT_H 1
#define HAVE_STDINT_H 1
#define HAVE_STDLIB_H 1
#define HAVE_STRINGS_H 1
#define HAVE_STRING_H 1
#define HAVE_STRING_H 1
#define HAVE_STRPTIME 1
#define HAVE_STRTOULL 1
#define HAVE_STRUCT_TIMEVAL_TV_SEC 1
#define HAVE_SYSLOG_H 1
#define HAVE_SYS_FCNTL_H 1
#define HAVE_SYS_IOCTL_H 1
#define HAVE_SYS_PARAM_H 1
#define HAVE_SYS_RESOURCE_H 1
#define HAVE_SYS_SOCKET_H 1
#define HAVE_SYS_STAT_H 1
#define HAVE_SYS_STAT_H 1
#define HAVE_SYS_TIME_H 1
#define HAVE_SYS_TIME_H 1
#define HAVE_SYS_TYPES_H 1
#define HAVE_SYS_TYPES_H 1
#define HAVE_SYS_TYPES_H 1
#define HAVE_SYS_WAIT_H 1
#define HAVE_TIME_H 1
#define HAVE_UNAME 1
#define HAVE_UNISTD_H 1
#define HAVE_UNISTD_H 1
#define HAVE_UTIME_H 1
#define HAVE_ZLIB_H 1
#define LOCALSTATEDIR
#define LOCALSTATEDIR "/usr/src/TorPark/tor/var"
#define NULL_REP_IS_ZERO_BYTES 1
#define PACKAGE "tor"
#define PACKAGE_BUGREPORT ""
#define PACKAGE_NAME ""
#define PACKAGE_STRING ""
#define PACKAGE_TARNAME ""
#define PACKAGE_VERSION ""
#define SIZEOF_CELL_T 0
#define SIZEOF_CHAR 1
#define SIZEOF_INT 4
#define SIZEOF_INT16_T 2
#define SIZEOF_INT32_T 4
#define SIZEOF_INT64_T 8
#define SIZEOF_INT8_T 1
#define SIZEOF_INTPTR_T 4
#define SIZEOF_LONG 4
#define SIZEOF_LONG_LONG 8
#define SIZEOF_SHORT 2
#define SIZEOF_SOCKLEN_T 4
#define SIZEOF_TIME_T 4
#define SIZEOF_UINT16_T 2
#define SIZEOF_UINT32_T 4
#define SIZEOF_UINT64_T 8
#define SIZEOF_UINT8_T 1
#define SIZEOF_UINTPTR_T 4
#define SIZEOF_VOID_P 4
#define SIZEOF___INT64 0
#define STDC_HEADERS 1
#define TIME_T_IS_SIGNED 1
#define UNALIGNED_INT_ACCESS_OK 1
#define VERSION "0.1.1.12-alpha"
#define _FILE_OFFSET_BITS 64
#define _LARGEFILE_SOURCE 1

configure: exit 0
